Determining if the pthread_create exist failed with the following output:
Change Dir: /home/itm_stud/test_ma_ws/MA_Experiment/build/magnet_control/CMakeFiles/CMakeTmp

Run Build Command:"/usr/bin/make" "cmTC_557ea/fast"
/usr/bin/make -f CMakeFiles/cmTC_557ea.dir/build.make CMakeFiles/cmTC_557ea.dir/build
make[1]: Entering directory '/home/itm_stud/test_ma_ws/MA_Experiment/build/magnet_control/CMakeFiles/CMakeTmp'
Building C object CMakeFiles/cmTC_557ea.dir/CheckSymbolExists.c.o
/usr/bin/cc    -o CMakeFiles/cmTC_557ea.dir/CheckSymbolExists.c.o   -c /home/itm_stud/test_ma_ws/MA_Experiment/build/magnet_control/CMakeFiles/CMakeTmp/CheckSymbolExists.c
Linking C executable cmTC_557ea
/usr/bin/cmake -E cmake_link_script CMakeFiles/cmTC_557ea.dir/link.txt --verbose=1
/usr/bin/cc      -rdynamic CMakeFiles/cmTC_557ea.dir/CheckSymbolExists.c.o  -o cmTC_557ea 
CMakeFiles/cmTC_557ea.dir/CheckSymbolExists.c.o: In function `main':
CheckSymbolExists.c:(.text+0x1b): undefined reference to `pthread_create'
collect2: error: ld returned 1 exit status
CMakeFiles/cmTC_557ea.dir/build.make:97: recipe for target 'cmTC_557ea' failed
make[1]: *** [cmTC_557ea] Error 1
make[1]: Leaving directory '/home/itm_stud/test_ma_ws/MA_Experiment/build/magnet_control/CMakeFiles/CMakeTmp'
Makefile:126: recipe for target 'cmTC_557ea/fast' failed
make: *** [cmTC_557ea/fast] Error 2

File /home/itm_stud/test_ma_ws/MA_Experiment/build/magnet_control/CMakeFiles/CMakeTmp/CheckSymbolExists.c:
/* */
#include <pthread.h>

int main(int argc, char** argv)
{
  (void)argv;
#ifndef pthread_create
  return ((int*)(&pthread_create))[argc];
#else
  (void)argc;
  return 0;
#endif
}

Determining if the function pthread_create exists in the pthreads failed with the following output:
Change Dir: /home/itm_stud/test_ma_ws/MA_Experiment/build/magnet_control/CMakeFiles/CMakeTmp

Run Build Command:"/usr/bin/make" "cmTC_02be6/fast"
/usr/bin/make -f CMakeFiles/cmTC_02be6.dir/build.make CMakeFiles/cmTC_02be6.dir/build
make[1]: Entering directory '/home/itm_stud/test_ma_ws/MA_Experiment/build/magnet_control/CMakeFiles/CMakeTmp'
Building C object CMakeFiles/cmTC_02be6.dir/CheckFunctionExists.c.o
/usr/bin/cc   -DCHECK_FUNCTION_EXISTS=pthread_create   -o CMakeFiles/cmTC_02be6.dir/CheckFunctionExists.c.o   -c /usr/share/cmake-3.10/Modules/CheckFunctionExists.c
Linking C executable cmTC_02be6
/usr/bin/cmake -E cmake_link_script CMakeFiles/cmTC_02be6.dir/link.txt --verbose=1
/usr/bin/cc  -DCHECK_FUNCTION_EXISTS=pthread_create    -rdynamic CMakeFiles/cmTC_02be6.dir/CheckFunctionExists.c.o  -o cmTC_02be6 -lpthreads 
/usr/bin/ld: cannot find -lpthreads
collect2: error: ld returned 1 exit status
CMakeFiles/cmTC_02be6.dir/build.make:97: recipe for target 'cmTC_02be6' failed
make[1]: *** [cmTC_02be6] Error 1
make[1]: Leaving directory '/home/itm_stud/test_ma_ws/MA_Experiment/build/magnet_control/CMakeFiles/CMakeTmp'
Makefile:126: recipe for target 'cmTC_02be6/fast' failed
make: *** [cmTC_02be6/fast] Error 2


