Symlinking /home/itm_stud/test_ma_ws/MA_Experiment/devel/include/itm_mav_srvs/GetControllerStateResponse.h
Symlinking /home/itm_stud/test_ma_ws/MA_Experiment/devel/include/itm_mav_srvs/mpc_set_point_pos.h
Symlinking /home/itm_stud/test_ma_ws/MA_Experiment/devel/include/itm_mav_srvs/GetControllerStateRequest.h
Symlinking /home/itm_stud/test_ma_ws/MA_Experiment/devel/include/itm_mav_srvs/itm_trajectory_srvRequest.h
Symlinking /home/itm_stud/test_ma_ws/MA_Experiment/devel/include/itm_mav_srvs/itm_trajectory_srv.h
Symlinking /home/itm_stud/test_ma_ws/MA_Experiment/devel/include/itm_mav_srvs/itm_trajectory_srvResponse.h
Symlinking /home/itm_stud/test_ma_ws/MA_Experiment/devel/include/itm_mav_srvs/SetModeResponse.h
Symlinking /home/itm_stud/test_ma_ws/MA_Experiment/devel/include/itm_mav_srvs/mpc_set_point_posRequest.h
Symlinking /home/itm_stud/test_ma_ws/MA_Experiment/devel/include/itm_mav_srvs/SetModeRequest.h
Symlinking /home/itm_stud/test_ma_ws/MA_Experiment/devel/include/itm_mav_srvs/GetControllerState.h
Symlinking /home/itm_stud/test_ma_ws/MA_Experiment/devel/include/itm_mav_srvs/mpc_set_point_posResponse.h
Symlinking /home/itm_stud/test_ma_ws/MA_Experiment/devel/include/itm_mav_srvs/SetMode.h
Symlinking /home/itm_stud/test_ma_ws/MA_Experiment/devel/share/gennodejs/ros/itm_mav_srvs/_index.js
Symlinking /home/itm_stud/test_ma_ws/MA_Experiment/devel/share/gennodejs/ros/itm_mav_srvs/srv/SetMode.js
Symlinking /home/itm_stud/test_ma_ws/MA_Experiment/devel/share/gennodejs/ros/itm_mav_srvs/srv/GetControllerState.js
Symlinking /home/itm_stud/test_ma_ws/MA_Experiment/devel/share/gennodejs/ros/itm_mav_srvs/srv/mpc_set_point_pos.js
Symlinking /home/itm_stud/test_ma_ws/MA_Experiment/devel/share/gennodejs/ros/itm_mav_srvs/srv/_index.js
Symlinking /home/itm_stud/test_ma_ws/MA_Experiment/devel/share/gennodejs/ros/itm_mav_srvs/srv/itm_trajectory_srv.js
Symlinking /home/itm_stud/test_ma_ws/MA_Experiment/devel/share/itm_mav_srvs/cmake/itm_mav_srvs-msg-paths.cmake
Symlinking /home/itm_stud/test_ma_ws/MA_Experiment/devel/share/itm_mav_srvs/cmake/itm_mav_srvs-msg-extras.cmake
Symlinking /home/itm_stud/test_ma_ws/MA_Experiment/devel/share/itm_mav_srvs/cmake/itm_mav_srvsConfig-version.cmake
Symlinking /home/itm_stud/test_ma_ws/MA_Experiment/devel/share/itm_mav_srvs/cmake/itm_mav_srvsConfig.cmake
Symlinking /home/itm_stud/test_ma_ws/MA_Experiment/devel/share/roseus/ros/itm_mav_srvs/manifest.l
Symlinking /home/itm_stud/test_ma_ws/MA_Experiment/devel/share/roseus/ros/itm_mav_srvs/srv/SetMode.l
Symlinking /home/itm_stud/test_ma_ws/MA_Experiment/devel/share/roseus/ros/itm_mav_srvs/srv/mpc_set_point_pos.l
Symlinking /home/itm_stud/test_ma_ws/MA_Experiment/devel/share/roseus/ros/itm_mav_srvs/srv/itm_trajectory_srv.l
Symlinking /home/itm_stud/test_ma_ws/MA_Experiment/devel/share/roseus/ros/itm_mav_srvs/srv/GetControllerState.l
Symlinking /home/itm_stud/test_ma_ws/MA_Experiment/devel/share/common-lisp/ros/itm_mav_srvs/srv/_package_itm_trajectory_srv.lisp
Symlinking /home/itm_stud/test_ma_ws/MA_Experiment/devel/share/common-lisp/ros/itm_mav_srvs/srv/_package_GetControllerState.lisp
Symlinking /home/itm_stud/test_ma_ws/MA_Experiment/devel/share/common-lisp/ros/itm_mav_srvs/srv/SetMode.lisp
Symlinking /home/itm_stud/test_ma_ws/MA_Experiment/devel/share/common-lisp/ros/itm_mav_srvs/srv/itm_trajectory_srv.lisp
Symlinking /home/itm_stud/test_ma_ws/MA_Experiment/devel/share/common-lisp/ros/itm_mav_srvs/srv/GetControllerState.lisp
Symlinking /home/itm_stud/test_ma_ws/MA_Experiment/devel/share/common-lisp/ros/itm_mav_srvs/srv/mpc_set_point_pos.lisp
Symlinking /home/itm_stud/test_ma_ws/MA_Experiment/devel/share/common-lisp/ros/itm_mav_srvs/srv/_package.lisp
Symlinking /home/itm_stud/test_ma_ws/MA_Experiment/devel/share/common-lisp/ros/itm_mav_srvs/srv/itm_mav_srvs-srv.asd
Symlinking /home/itm_stud/test_ma_ws/MA_Experiment/devel/share/common-lisp/ros/itm_mav_srvs/srv/_package_SetMode.lisp
Symlinking /home/itm_stud/test_ma_ws/MA_Experiment/devel/share/common-lisp/ros/itm_mav_srvs/srv/_package_mpc_set_point_pos.lisp
Symlinking /home/itm_stud/test_ma_ws/MA_Experiment/devel/lib/pkgconfig/itm_mav_srvs.pc
Symlinking /home/itm_stud/test_ma_ws/MA_Experiment/devel/lib/python2.7/dist-packages/itm_mav_srvs/__init__.py
Symlinking /home/itm_stud/test_ma_ws/MA_Experiment/devel/lib/python2.7/dist-packages/itm_mav_srvs/srv/_SetMode.py
Symlinking /home/itm_stud/test_ma_ws/MA_Experiment/devel/lib/python2.7/dist-packages/itm_mav_srvs/srv/_GetControllerState.py
Symlinking /home/itm_stud/test_ma_ws/MA_Experiment/devel/lib/python2.7/dist-packages/itm_mav_srvs/srv/_mpc_set_point_pos.py
Symlinking /home/itm_stud/test_ma_ws/MA_Experiment/devel/lib/python2.7/dist-packages/itm_mav_srvs/srv/_itm_trajectory_srv.py
Symlinking /home/itm_stud/test_ma_ws/MA_Experiment/devel/lib/python2.7/dist-packages/itm_mav_srvs/srv/__init__.py
