Linked: (/home/itm_stud/test_ma_ws/MA_Experiment/devel/.private/itm_mav_srvs/include/itm_mav_srvs/GetControllerStateResponse.h, /home/itm_stud/test_ma_ws/MA_Experiment/devel/include/itm_mav_srvs/GetControllerStateResponse.h)
Linked: (/home/itm_stud/test_ma_ws/MA_Experiment/devel/.private/itm_mav_srvs/include/itm_mav_srvs/mpc_set_point_pos.h, /home/itm_stud/test_ma_ws/MA_Experiment/devel/include/itm_mav_srvs/mpc_set_point_pos.h)
Linked: (/home/itm_stud/test_ma_ws/MA_Experiment/devel/.private/itm_mav_srvs/include/itm_mav_srvs/GetControllerStateRequest.h, /home/itm_stud/test_ma_ws/MA_Experiment/devel/include/itm_mav_srvs/GetControllerStateRequest.h)
Linked: (/home/itm_stud/test_ma_ws/MA_Experiment/devel/.private/itm_mav_srvs/include/itm_mav_srvs/itm_trajectory_srvRequest.h, /home/itm_stud/test_ma_ws/MA_Experiment/devel/include/itm_mav_srvs/itm_trajectory_srvRequest.h)
Linked: (/home/itm_stud/test_ma_ws/MA_Experiment/devel/.private/itm_mav_srvs/include/itm_mav_srvs/itm_trajectory_srv.h, /home/itm_stud/test_ma_ws/MA_Experiment/devel/include/itm_mav_srvs/itm_trajectory_srv.h)
Linked: (/home/itm_stud/test_ma_ws/MA_Experiment/devel/.private/itm_mav_srvs/include/itm_mav_srvs/itm_trajectory_srvResponse.h, /home/itm_stud/test_ma_ws/MA_Experiment/devel/include/itm_mav_srvs/itm_trajectory_srvResponse.h)
Linked: (/home/itm_stud/test_ma_ws/MA_Experiment/devel/.private/itm_mav_srvs/include/itm_mav_srvs/SetModeResponse.h, /home/itm_stud/test_ma_ws/MA_Experiment/devel/include/itm_mav_srvs/SetModeResponse.h)
Linked: (/home/itm_stud/test_ma_ws/MA_Experiment/devel/.private/itm_mav_srvs/include/itm_mav_srvs/mpc_set_point_posRequest.h, /home/itm_stud/test_ma_ws/MA_Experiment/devel/include/itm_mav_srvs/mpc_set_point_posRequest.h)
Linked: (/home/itm_stud/test_ma_ws/MA_Experiment/devel/.private/itm_mav_srvs/include/itm_mav_srvs/SetModeRequest.h, /home/itm_stud/test_ma_ws/MA_Experiment/devel/include/itm_mav_srvs/SetModeRequest.h)
Linked: (/home/itm_stud/test_ma_ws/MA_Experiment/devel/.private/itm_mav_srvs/include/itm_mav_srvs/GetControllerState.h, /home/itm_stud/test_ma_ws/MA_Experiment/devel/include/itm_mav_srvs/GetControllerState.h)
Linked: (/home/itm_stud/test_ma_ws/MA_Experiment/devel/.private/itm_mav_srvs/include/itm_mav_srvs/mpc_set_point_posResponse.h, /home/itm_stud/test_ma_ws/MA_Experiment/devel/include/itm_mav_srvs/mpc_set_point_posResponse.h)
Linked: (/home/itm_stud/test_ma_ws/MA_Experiment/devel/.private/itm_mav_srvs/include/itm_mav_srvs/SetMode.h, /home/itm_stud/test_ma_ws/MA_Experiment/devel/include/itm_mav_srvs/SetMode.h)
Linked: (/home/itm_stud/test_ma_ws/MA_Experiment/devel/.private/itm_mav_srvs/share/gennodejs/ros/itm_mav_srvs/_index.js, /home/itm_stud/test_ma_ws/MA_Experiment/devel/share/gennodejs/ros/itm_mav_srvs/_index.js)
Linked: (/home/itm_stud/test_ma_ws/MA_Experiment/devel/.private/itm_mav_srvs/share/gennodejs/ros/itm_mav_srvs/srv/SetMode.js, /home/itm_stud/test_ma_ws/MA_Experiment/devel/share/gennodejs/ros/itm_mav_srvs/srv/SetMode.js)
Linked: (/home/itm_stud/test_ma_ws/MA_Experiment/devel/.private/itm_mav_srvs/share/gennodejs/ros/itm_mav_srvs/srv/GetControllerState.js, /home/itm_stud/test_ma_ws/MA_Experiment/devel/share/gennodejs/ros/itm_mav_srvs/srv/GetControllerState.js)
Linked: (/home/itm_stud/test_ma_ws/MA_Experiment/devel/.private/itm_mav_srvs/share/gennodejs/ros/itm_mav_srvs/srv/mpc_set_point_pos.js, /home/itm_stud/test_ma_ws/MA_Experiment/devel/share/gennodejs/ros/itm_mav_srvs/srv/mpc_set_point_pos.js)
Linked: (/home/itm_stud/test_ma_ws/MA_Experiment/devel/.private/itm_mav_srvs/share/gennodejs/ros/itm_mav_srvs/srv/_index.js, /home/itm_stud/test_ma_ws/MA_Experiment/devel/share/gennodejs/ros/itm_mav_srvs/srv/_index.js)
Linked: (/home/itm_stud/test_ma_ws/MA_Experiment/devel/.private/itm_mav_srvs/share/gennodejs/ros/itm_mav_srvs/srv/itm_trajectory_srv.js, /home/itm_stud/test_ma_ws/MA_Experiment/devel/share/gennodejs/ros/itm_mav_srvs/srv/itm_trajectory_srv.js)
Linked: (/home/itm_stud/test_ma_ws/MA_Experiment/devel/.private/itm_mav_srvs/share/itm_mav_srvs/cmake/itm_mav_srvs-msg-paths.cmake, /home/itm_stud/test_ma_ws/MA_Experiment/devel/share/itm_mav_srvs/cmake/itm_mav_srvs-msg-paths.cmake)
Linked: (/home/itm_stud/test_ma_ws/MA_Experiment/devel/.private/itm_mav_srvs/share/itm_mav_srvs/cmake/itm_mav_srvs-msg-extras.cmake, /home/itm_stud/test_ma_ws/MA_Experiment/devel/share/itm_mav_srvs/cmake/itm_mav_srvs-msg-extras.cmake)
Linked: (/home/itm_stud/test_ma_ws/MA_Experiment/devel/.private/itm_mav_srvs/share/itm_mav_srvs/cmake/itm_mav_srvsConfig-version.cmake, /home/itm_stud/test_ma_ws/MA_Experiment/devel/share/itm_mav_srvs/cmake/itm_mav_srvsConfig-version.cmake)
Linked: (/home/itm_stud/test_ma_ws/MA_Experiment/devel/.private/itm_mav_srvs/share/itm_mav_srvs/cmake/itm_mav_srvsConfig.cmake, /home/itm_stud/test_ma_ws/MA_Experiment/devel/share/itm_mav_srvs/cmake/itm_mav_srvsConfig.cmake)
Linked: (/home/itm_stud/test_ma_ws/MA_Experiment/devel/.private/itm_mav_srvs/share/roseus/ros/itm_mav_srvs/manifest.l, /home/itm_stud/test_ma_ws/MA_Experiment/devel/share/roseus/ros/itm_mav_srvs/manifest.l)
Linked: (/home/itm_stud/test_ma_ws/MA_Experiment/devel/.private/itm_mav_srvs/share/roseus/ros/itm_mav_srvs/srv/SetMode.l, /home/itm_stud/test_ma_ws/MA_Experiment/devel/share/roseus/ros/itm_mav_srvs/srv/SetMode.l)
Linked: (/home/itm_stud/test_ma_ws/MA_Experiment/devel/.private/itm_mav_srvs/share/roseus/ros/itm_mav_srvs/srv/mpc_set_point_pos.l, /home/itm_stud/test_ma_ws/MA_Experiment/devel/share/roseus/ros/itm_mav_srvs/srv/mpc_set_point_pos.l)
Linked: (/home/itm_stud/test_ma_ws/MA_Experiment/devel/.private/itm_mav_srvs/share/roseus/ros/itm_mav_srvs/srv/itm_trajectory_srv.l, /home/itm_stud/test_ma_ws/MA_Experiment/devel/share/roseus/ros/itm_mav_srvs/srv/itm_trajectory_srv.l)
Linked: (/home/itm_stud/test_ma_ws/MA_Experiment/devel/.private/itm_mav_srvs/share/roseus/ros/itm_mav_srvs/srv/GetControllerState.l, /home/itm_stud/test_ma_ws/MA_Experiment/devel/share/roseus/ros/itm_mav_srvs/srv/GetControllerState.l)
Linked: (/home/itm_stud/test_ma_ws/MA_Experiment/devel/.private/itm_mav_srvs/share/common-lisp/ros/itm_mav_srvs/srv/_package_itm_trajectory_srv.lisp, /home/itm_stud/test_ma_ws/MA_Experiment/devel/share/common-lisp/ros/itm_mav_srvs/srv/_package_itm_trajectory_srv.lisp)
Linked: (/home/itm_stud/test_ma_ws/MA_Experiment/devel/.private/itm_mav_srvs/share/common-lisp/ros/itm_mav_srvs/srv/_package_GetControllerState.lisp, /home/itm_stud/test_ma_ws/MA_Experiment/devel/share/common-lisp/ros/itm_mav_srvs/srv/_package_GetControllerState.lisp)
Linked: (/home/itm_stud/test_ma_ws/MA_Experiment/devel/.private/itm_mav_srvs/share/common-lisp/ros/itm_mav_srvs/srv/SetMode.lisp, /home/itm_stud/test_ma_ws/MA_Experiment/devel/share/common-lisp/ros/itm_mav_srvs/srv/SetMode.lisp)
Linked: (/home/itm_stud/test_ma_ws/MA_Experiment/devel/.private/itm_mav_srvs/share/common-lisp/ros/itm_mav_srvs/srv/itm_trajectory_srv.lisp, /home/itm_stud/test_ma_ws/MA_Experiment/devel/share/common-lisp/ros/itm_mav_srvs/srv/itm_trajectory_srv.lisp)
Linked: (/home/itm_stud/test_ma_ws/MA_Experiment/devel/.private/itm_mav_srvs/share/common-lisp/ros/itm_mav_srvs/srv/GetControllerState.lisp, /home/itm_stud/test_ma_ws/MA_Experiment/devel/share/common-lisp/ros/itm_mav_srvs/srv/GetControllerState.lisp)
Linked: (/home/itm_stud/test_ma_ws/MA_Experiment/devel/.private/itm_mav_srvs/share/common-lisp/ros/itm_mav_srvs/srv/mpc_set_point_pos.lisp, /home/itm_stud/test_ma_ws/MA_Experiment/devel/share/common-lisp/ros/itm_mav_srvs/srv/mpc_set_point_pos.lisp)
Linked: (/home/itm_stud/test_ma_ws/MA_Experiment/devel/.private/itm_mav_srvs/share/common-lisp/ros/itm_mav_srvs/srv/_package.lisp, /home/itm_stud/test_ma_ws/MA_Experiment/devel/share/common-lisp/ros/itm_mav_srvs/srv/_package.lisp)
Linked: (/home/itm_stud/test_ma_ws/MA_Experiment/devel/.private/itm_mav_srvs/share/common-lisp/ros/itm_mav_srvs/srv/itm_mav_srvs-srv.asd, /home/itm_stud/test_ma_ws/MA_Experiment/devel/share/common-lisp/ros/itm_mav_srvs/srv/itm_mav_srvs-srv.asd)
Linked: (/home/itm_stud/test_ma_ws/MA_Experiment/devel/.private/itm_mav_srvs/share/common-lisp/ros/itm_mav_srvs/srv/_package_SetMode.lisp, /home/itm_stud/test_ma_ws/MA_Experiment/devel/share/common-lisp/ros/itm_mav_srvs/srv/_package_SetMode.lisp)
Linked: (/home/itm_stud/test_ma_ws/MA_Experiment/devel/.private/itm_mav_srvs/share/common-lisp/ros/itm_mav_srvs/srv/_package_mpc_set_point_pos.lisp, /home/itm_stud/test_ma_ws/MA_Experiment/devel/share/common-lisp/ros/itm_mav_srvs/srv/_package_mpc_set_point_pos.lisp)
Linked: (/home/itm_stud/test_ma_ws/MA_Experiment/devel/.private/itm_mav_srvs/lib/pkgconfig/itm_mav_srvs.pc, /home/itm_stud/test_ma_ws/MA_Experiment/devel/lib/pkgconfig/itm_mav_srvs.pc)
Linked: (/home/itm_stud/test_ma_ws/MA_Experiment/devel/.private/itm_mav_srvs/lib/python2.7/dist-packages/itm_mav_srvs/__init__.py, /home/itm_stud/test_ma_ws/MA_Experiment/devel/lib/python2.7/dist-packages/itm_mav_srvs/__init__.py)
Linked: (/home/itm_stud/test_ma_ws/MA_Experiment/devel/.private/itm_mav_srvs/lib/python2.7/dist-packages/itm_mav_srvs/srv/_SetMode.py, /home/itm_stud/test_ma_ws/MA_Experiment/devel/lib/python2.7/dist-packages/itm_mav_srvs/srv/_SetMode.py)
Linked: (/home/itm_stud/test_ma_ws/MA_Experiment/devel/.private/itm_mav_srvs/lib/python2.7/dist-packages/itm_mav_srvs/srv/_GetControllerState.py, /home/itm_stud/test_ma_ws/MA_Experiment/devel/lib/python2.7/dist-packages/itm_mav_srvs/srv/_GetControllerState.py)
Linked: (/home/itm_stud/test_ma_ws/MA_Experiment/devel/.private/itm_mav_srvs/lib/python2.7/dist-packages/itm_mav_srvs/srv/_mpc_set_point_pos.py, /home/itm_stud/test_ma_ws/MA_Experiment/devel/lib/python2.7/dist-packages/itm_mav_srvs/srv/_mpc_set_point_pos.py)
Linked: (/home/itm_stud/test_ma_ws/MA_Experiment/devel/.private/itm_mav_srvs/lib/python2.7/dist-packages/itm_mav_srvs/srv/_itm_trajectory_srv.py, /home/itm_stud/test_ma_ws/MA_Experiment/devel/lib/python2.7/dist-packages/itm_mav_srvs/srv/_itm_trajectory_srv.py)
Linked: (/home/itm_stud/test_ma_ws/MA_Experiment/devel/.private/itm_mav_srvs/lib/python2.7/dist-packages/itm_mav_srvs/srv/__init__.py, /home/itm_stud/test_ma_ws/MA_Experiment/devel/lib/python2.7/dist-packages/itm_mav_srvs/srv/__init__.py)
