[  0%] Built target geometry_msgs_generate_messages_py
[  0%] Built target itm_mav_msgs_generate_messages_nodejs
[  0%] Built target itm_mav_msgs_generate_messages_py
[  0%] Built target geometry_msgs_generate_messages_nodejs
[  0%] Built target geometry_msgs_generate_messages_lisp
[  0%] Built target _itm_mav_srvs_generate_messages_check_deps_SetMode
[  0%] Built target _itm_mav_srvs_generate_messages_check_deps_itm_trajectory_srv
[  0%] Built target itm_mav_msgs_generate_messages_lisp
[  0%] Built target _itm_mav_srvs_generate_messages_check_deps_GetControllerState
[  0%] Built target geometry_msgs_generate_messages_eus
[  0%] Built target _itm_mav_srvs_generate_messages_check_deps_mpc_set_point_pos
[  0%] Built target itm_mav_msgs_generate_messages_cpp
[  0%] Built target itm_mav_msgs_generate_messages_eus
[  0%] Built target geometry_msgs_generate_messages_cpp
[ 22%] Built target itm_mav_srvs_generate_messages_py
[ 45%] Built target itm_mav_srvs_generate_messages_eus
[ 63%] Built target itm_mav_srvs_generate_messages_nodejs
[ 81%] Built target itm_mav_srvs_generate_messages_lisp
[100%] Built target itm_mav_srvs_generate_messages_cpp
[100%] Built target itm_mav_srvs_generate_messages
