[35m[1mScanning dependencies of target itm_mav_msgs_generate_messages_py[0m
[35m[1mScanning dependencies of target itm_mav_msgs_generate_messages_lisp[0m
[35m[1mScanning dependencies of target _itm_mav_srvs_generate_messages_check_deps_mpc_set_point_pos[0m
[35m[1mScanning dependencies of target _itm_mav_srvs_generate_messages_check_deps_SetMode[0m
[35m[1mScanning dependencies of target geometry_msgs_generate_messages_lisp[0m
[35m[1mScanning dependencies of target _itm_mav_srvs_generate_messages_check_deps_GetControllerState[0m
[35m[1mScanning dependencies of target geometry_msgs_generate_messages_py[0m
[35m[1mScanning dependencies of target _itm_mav_srvs_generate_messages_check_deps_itm_trajectory_srv[0m
[35m[1mScanning dependencies of target geometry_msgs_generate_messages_nodejs[0m
[35m[1mScanning dependencies of target itm_mav_msgs_generate_messages_eus[0m
[35m[1mScanning dependencies of target geometry_msgs_generate_messages_eus[0m
[35m[1mScanning dependencies of target itm_mav_msgs_generate_messages_nodejs[0m
[  0%] Built target geometry_msgs_generate_messages_py
[  0%] Built target itm_mav_msgs_generate_messages_eus
[  0%] Built target geometry_msgs_generate_messages_lisp
[  0%] Built target itm_mav_msgs_generate_messages_lisp
[  0%] Built target itm_mav_msgs_generate_messages_py
[  0%] Built target geometry_msgs_generate_messages_eus
[  0%] Built target geometry_msgs_generate_messages_nodejs
[  0%] Built target itm_mav_msgs_generate_messages_nodejs
[35m[1mScanning dependencies of target geometry_msgs_generate_messages_cpp[0m
[35m[1mScanning dependencies of target itm_mav_msgs_generate_messages_cpp[0m
[  0%] Built target geometry_msgs_generate_messages_cpp
[  0%] Built target itm_mav_msgs_generate_messages_cpp
[  0%] Built target _itm_mav_srvs_generate_messages_check_deps_SetMode
[  0%] Built target _itm_mav_srvs_generate_messages_check_deps_itm_trajectory_srv
[  0%] Built target _itm_mav_srvs_generate_messages_check_deps_GetControllerState
[  0%] Built target _itm_mav_srvs_generate_messages_check_deps_mpc_set_point_pos
[35m[1mScanning dependencies of target itm_mav_srvs_generate_messages_cpp[0m
[35m[1mScanning dependencies of target itm_mav_srvs_generate_messages_eus[0m
[35m[1mScanning dependencies of target itm_mav_srvs_generate_messages_py[0m
[35m[1mScanning dependencies of target itm_mav_srvs_generate_messages_nodejs[0m
[35m[1mScanning dependencies of target itm_mav_srvs_generate_messages_lisp[0m
[ 31%] [34m[1mGenerating C++ code from itm_mav_srvs/SetMode.srv[0m
[ 31%] [34m[1mGenerating C++ code from itm_mav_srvs/itm_trajectory_srv.srv[0m
[ 31%] [34m[1mGenerating Python code from SRV itm_mav_srvs/mpc_set_point_pos[0m
[ 31%] [34m[1mGenerating EusLisp code from itm_mav_srvs/SetMode.srv[0m
[ 31%] [34m[1mGenerating Python code from SRV itm_mav_srvs/itm_trajectory_srv[0m
[ 31%] [34m[1mGenerating EusLisp code from itm_mav_srvs/mpc_set_point_pos.srv[0m
[ 31%] [34m[1mGenerating Python code from SRV itm_mav_srvs/SetMode[0m
[ 40%] [34m[1mGenerating EusLisp code from itm_mav_srvs/itm_trajectory_srv.srv[0m
[ 40%] [34m[1mGenerating C++ code from itm_mav_srvs/mpc_set_point_pos.srv[0m
[ 45%] [34m[1mGenerating EusLisp code from itm_mav_srvs/GetControllerState.srv[0m
[ 50%] [34m[1mGenerating Javascript code from itm_mav_srvs/mpc_set_point_pos.srv[0m
[ 54%] [34m[1mGenerating Lisp code from itm_mav_srvs/mpc_set_point_pos.srv[0m
[ 59%] [34m[1mGenerating Javascript code from itm_mav_srvs/SetMode.srv[0m
[ 63%] [34m[1mGenerating Lisp code from itm_mav_srvs/SetMode.srv[0m
[ 68%] [34m[1mGenerating Lisp code from itm_mav_srvs/itm_trajectory_srv.srv[0m
[ 72%] [34m[1mGenerating Lisp code from itm_mav_srvs/GetControllerState.srv[0m
[ 81%] [34m[1mGenerating Javascript code from itm_mav_srvs/itm_trajectory_srv.srv[0m
[ 81%] [34m[1mGenerating EusLisp manifest code for itm_mav_srvs[0m
[ 86%] [34m[1mGenerating Javascript code from itm_mav_srvs/GetControllerState.srv[0m
[ 90%] [34m[1mGenerating C++ code from itm_mav_srvs/GetControllerState.srv[0m
[ 95%] [34m[1mGenerating Python code from SRV itm_mav_srvs/GetControllerState[0m
[ 95%] Built target itm_mav_srvs_generate_messages_lisp
[ 95%] Built target itm_mav_srvs_generate_messages_nodejs
[100%] [34m[1mGenerating Python srv __init__.py for itm_mav_srvs[0m
[100%] Built target itm_mav_srvs_generate_messages_cpp
[100%] Built target itm_mav_srvs_generate_messages_py
[100%] Built target itm_mav_srvs_generate_messages_eus
[35m[1mScanning dependencies of target itm_mav_srvs_generate_messages[0m
[100%] Built target itm_mav_srvs_generate_messages
