[35m[1mScanning dependencies of target _itm_nonlinear_mpc_generate_messages_check_deps_SetMode[0m
[35m[1mScanning dependencies of target dynamic_reconfigure_gencfg[0m
[35m[1mScanning dependencies of target _itm_nonlinear_mpc_generate_messages_check_deps_itm_ukf_observer[0m
[35m[1mScanning dependencies of target _itm_nonlinear_mpc_generate_messages_check_deps_SetLEDEffect[0m
[35m[1mScanning dependencies of target _itm_nonlinear_mpc_generate_messages_check_deps_NavigateGlobal[0m
[35m[1mScanning dependencies of target _itm_nonlinear_mpc_generate_messages_check_deps_SetMission[0m
[35m[1mScanning dependencies of target ocp_q_shared_lib[0m
[35m[1mScanning dependencies of target _itm_nonlinear_mpc_generate_messages_check_deps_itm_trajectory_point[0m
[35m[1mScanning dependencies of target sim_q_shared_lib[0m
[35m[1mScanning dependencies of target _itm_nonlinear_mpc_generate_messages_check_deps_itm_trajectory_msg[0m
[35m[1mScanning dependencies of target _itm_nonlinear_mpc_generate_messages_check_deps_mpc_set_point_pos[0m
[35m[1mScanning dependencies of target _itm_nonlinear_mpc_generate_messages_check_deps_SetAttitude[0m
[  0%] Built target dynamic_reconfigure_gencfg
[  0%] [32mBuilding C object CMakeFiles/sim_q_shared_lib.dir/solver_acados/uav_q/quadrotor_q_model/quadrotor_q_expl_ode_fun.c.o[0m
[01m[Kcc1:[m[K [01;35m[Kwarning: [m[Kcommand line option ‘[01m[K-std=c++11[m[K’ is valid for C++/ObjC++ but not for C
[  1%] [32mBuilding C object CMakeFiles/ocp_q_shared_lib.dir/solver_acados/uav_q/acados_solver_quadrotor_q.c.o[0m
[35m[1mScanning dependencies of target _itm_nonlinear_mpc_generate_messages_check_deps_SetVelocity[0m
[01m[Kcc1:[m[K [01;35m[Kwarning: [m[Kcommand line option ‘[01m[K-std=c++11[m[K’ is valid for C++/ObjC++ but not for C
[  1%] Built target _itm_nonlinear_mpc_generate_messages_check_deps_SetMode
[  1%] Built target _itm_nonlinear_mpc_generate_messages_check_deps_itm_ukf_observer
[  1%] Built target _itm_nonlinear_mpc_generate_messages_check_deps_SetMission
[  1%] Built target _itm_nonlinear_mpc_generate_messages_check_deps_NavigateGlobal
[  1%] Built target _itm_nonlinear_mpc_generate_messages_check_deps_itm_trajectory_msg
[  1%] Built target _itm_nonlinear_mpc_generate_messages_check_deps_SetLEDEffect
[  1%] Built target _itm_nonlinear_mpc_generate_messages_check_deps_mpc_set_point_pos
[  1%] Built target _itm_nonlinear_mpc_generate_messages_check_deps_itm_trajectory_point
[  2%] Built target _itm_nonlinear_mpc_generate_messages_check_deps_SetAttitude
[  2%] [32mBuilding C object CMakeFiles/ocp_q_shared_lib.dir/solver_acados/uav_q/quadrotor_q_model/quadrotor_q_expl_ode_fun.c.o[0m
[  2%] [32mBuilding C object CMakeFiles/ocp_q_shared_lib.dir/solver_acados/uav_q/quadrotor_q_model/quadrotor_q_expl_vde_forw.c.o[0m
[  3%] [32mBuilding C object CMakeFiles/sim_q_shared_lib.dir/solver_acados/uav_q/quadrotor_q_model/quadrotor_q_expl_vde_forw.c.o[0m
[35m[1mScanning dependencies of target _itm_nonlinear_mpc_generate_messages_check_deps_itm_kf_observer[0m
[01m[Kcc1:[m[K [01;35m[Kwarning: [m[Kcommand line option ‘[01m[K-std=c++11[m[K’ is valid for C++/ObjC++ but not for C
[35m[1mScanning dependencies of target _itm_nonlinear_mpc_generate_messages_check_deps_itm_trajectory_srv[0m
[35m[1mScanning dependencies of target _itm_nonlinear_mpc_generate_messages_check_deps_Navigate[0m
[35m[1mScanning dependencies of target _itm_nonlinear_mpc_generate_messages_check_deps_mpc_command_rpyt[0m
[01m[Kcc1:[m[K [01;35m[Kwarning: [m[Kcommand line option ‘[01m[K-std=c++11[m[K’ is valid for C++/ObjC++ but not for C
[01m[Kcc1:[m[K [01;35m[Kwarning: [m[Kcommand line option ‘[01m[K-std=c++11[m[K’ is valid for C++/ObjC++ but not for C
[01m[K/home/itm_stud/test_ma_ws/MA_Experiment/src/itm/itm_quadrotor_node/itm_nonlinear_mpc/solver_acados/uav_q/acados_solver_quadrotor_q.c:[m[K In function ‘[01m[Kquadrotor_q_acados_create[m[K’:
[01m[K/home/itm_stud/test_ma_ws/MA_Experiment/src/itm/itm_quadrotor_node/itm_nonlinear_mpc/solver_acados/uav_q/acados_solver_quadrotor_q.c:647:9:[m[K [01;35m[Kwarning: [m[Kunused variable ‘[01m[Kext_cost_num_hess[m[K’ [[01;35m[K-Wunused-variable[m[K]
     int [01;35m[Kext_cost_num_hess[m[K = 0;
         [01;35m[K^~~~~~~~~~~~~~~~~[m[K
[35m[1mScanning dependencies of target mav_msgs_generate_messages_py[0m
[35m[1mScanning dependencies of target _itm_nonlinear_mpc_generate_messages_check_deps_GetTelemetry[0m
[35m[1mScanning dependencies of target _itm_nonlinear_mpc_generate_messages_check_deps_SetPosition[0m
[  3%] Built target _itm_nonlinear_mpc_generate_messages_check_deps_SetVelocity
[  3%] Built target mav_msgs_generate_messages_py
[35m[1mScanning dependencies of target _itm_nonlinear_mpc_generate_messages_check_deps_SetRates[0m
[35m[1mScanning dependencies of target std_msgs_generate_messages_py[0m
[  3%] Built target _itm_nonlinear_mpc_generate_messages_check_deps_itm_kf_observer
[  3%] Built target _itm_nonlinear_mpc_generate_messages_check_deps_itm_trajectory_srv
[  3%] Built target _itm_nonlinear_mpc_generate_messages_check_deps_Navigate
[  3%] Built target _itm_nonlinear_mpc_generate_messages_check_deps_mpc_command_rpyt
[  3%] Built target std_msgs_generate_messages_py
[35m[1mScanning dependencies of target _itm_nonlinear_mpc_generate_messages_check_deps_GetControllerState[0m
[  3%] Built target _itm_nonlinear_mpc_generate_messages_check_deps_GetTelemetry
[35m[1mScanning dependencies of target mav_msgs_generate_messages_nodejs[0m
[  3%] Built target _itm_nonlinear_mpc_generate_messages_check_deps_SetPosition
[35m[1mScanning dependencies of target std_msgs_generate_messages_nodejs[0m
[35m[1mScanning dependencies of target itm_mav_msgs_generate_messages_lisp[0m
[35m[1mScanning dependencies of target itm_mav_srvs_generate_messages_py[0m
[35m[1mScanning dependencies of target itm_mav_msgs_generate_messages_eus[0m
[35m[1mScanning dependencies of target itm_mav_msgs_generate_messages_cpp[0m
[  3%] Built target mav_msgs_generate_messages_nodejs
[35m[1mScanning dependencies of target trajectory_msgs_generate_messages_py[0m
[35m[1mScanning dependencies of target trajectory_msgs_generate_messages_nodejs[0m
[  3%] Built target std_msgs_generate_messages_nodejs
[  3%] Built target itm_mav_msgs_generate_messages_lisp
[  3%] Built target itm_mav_srvs_generate_messages_py
[  3%] Built target itm_mav_msgs_generate_messages_eus
[  3%] Built target itm_mav_msgs_generate_messages_cpp
[  3%] Built target trajectory_msgs_generate_messages_py
[35m[1mScanning dependencies of target trajectory_msgs_generate_messages_lisp[0m
[  3%] Built target _itm_nonlinear_mpc_generate_messages_check_deps_SetRates
[35m[1mScanning dependencies of target trajectory_msgs_generate_messages_eus[0m
[  3%] Built target trajectory_msgs_generate_messages_nodejs
[35m[1mScanning dependencies of target mavros_msgs_generate_messages_py[0m
[35m[1mScanning dependencies of target trajectory_msgs_generate_messages_cpp[0m
[35m[1mScanning dependencies of target mav_msgs_generate_messages_eus[0m
[  3%] Built target trajectory_msgs_generate_messages_lisp
[35m[1mScanning dependencies of target actionlib_generate_messages_cpp[0m
[35m[1mScanning dependencies of target mavros_msgs_generate_messages_cpp[0m
[  3%] Built target _itm_nonlinear_mpc_generate_messages_check_deps_GetControllerState
[35m[1mScanning dependencies of target sensor_msgs_generate_messages_nodejs[0m
[  3%] Built target trajectory_msgs_generate_messages_eus
[35m[1mScanning dependencies of target _catkin_empty_exported_target[0m
[  3%] Built target mav_msgs_generate_messages_eus
[  3%] Built target mavros_msgs_generate_messages_py
[  3%] Built target trajectory_msgs_generate_messages_cpp
[  3%] Built target actionlib_generate_messages_cpp
[35m[1mScanning dependencies of target itm_mav_srvs_generate_messages_cpp[0m
[35m[1mScanning dependencies of target sensor_msgs_generate_messages_eus[0m
[35m[1mScanning dependencies of target actionlib_msgs_generate_messages_py[0m
[  3%] Built target sensor_msgs_generate_messages_nodejs
[  3%] Built target mavros_msgs_generate_messages_cpp
[35m[1mScanning dependencies of target mav_msgs_generate_messages_cpp[0m
[  3%] Built target _catkin_empty_exported_target
[35m[1mScanning dependencies of target actionlib_msgs_generate_messages_lisp[0m
[35m[1mScanning dependencies of target mavros_msgs_generate_messages_lisp[0m
[  4%] [32m[1mLinking C shared library /home/itm_stud/test_ma_ws/MA_Experiment/devel/.private/itm_nonlinear_mpc/lib/libsim_q_shared_lib.so[0m
[35m[1mScanning dependencies of target sensor_msgs_generate_messages_cpp[0m
[  4%] Built target sensor_msgs_generate_messages_eus
[  4%] Built target itm_mav_srvs_generate_messages_cpp
[35m[1mScanning dependencies of target actionlib_msgs_generate_messages_nodejs[0m
[  4%] Built target actionlib_msgs_generate_messages_py
[35m[1mScanning dependencies of target std_msgs_generate_messages_eus[0m
[  4%] Built target mav_msgs_generate_messages_cpp
[  5%] [32m[1mLinking C shared library /home/itm_stud/test_ma_ws/MA_Experiment/devel/.private/itm_nonlinear_mpc/lib/libocp_q_shared_lib.so[0m
[  5%] Built target mavros_msgs_generate_messages_lisp
[  5%] Built target actionlib_msgs_generate_messages_lisp
[35m[1mScanning dependencies of target sensor_msgs_generate_messages_lisp[0m
[35m[1mScanning dependencies of target geometry_msgs_generate_messages_lisp[0m
[  5%] Built target sensor_msgs_generate_messages_cpp
[35m[1mScanning dependencies of target nav_msgs_generate_messages_cpp[0m
[  5%] Built target actionlib_msgs_generate_messages_nodejs
[35m[1mScanning dependencies of target mavros_msgs_generate_messages_eus[0m
[  5%] Built target std_msgs_generate_messages_eus
[  5%] Built target sensor_msgs_generate_messages_lisp
[35m[1mScanning dependencies of target sensor_msgs_generate_messages_py[0m
[35m[1mScanning dependencies of target uuid_msgs_generate_messages_lisp[0m
[35m[1mScanning dependencies of target itm_mav_srvs_generate_messages_lisp[0m
[35m[1mScanning dependencies of target geometry_msgs_generate_messages_eus[0m
[  5%] Built target nav_msgs_generate_messages_cpp
[35m[1mScanning dependencies of target itm_mav_srvs_generate_messages_eus[0m
[  5%] Built target geometry_msgs_generate_messages_lisp
[  5%] Built target mavros_msgs_generate_messages_eus
[35m[1mScanning dependencies of target std_msgs_generate_messages_lisp[0m
[  5%] Built target sensor_msgs_generate_messages_py
[35m[1mScanning dependencies of target roscpp_generate_messages_nodejs[0m
[  5%] Built target uuid_msgs_generate_messages_lisp
[  5%] Built target itm_mav_srvs_generate_messages_lisp
[  5%] Built target sim_q_shared_lib
[35m[1mScanning dependencies of target nav_msgs_generate_messages_lisp[0m
[35m[1mScanning dependencies of target mavros_msgs_generate_messages_nodejs[0m
[  5%] Built target geometry_msgs_generate_messages_eus
[  5%] Built target itm_mav_srvs_generate_messages_eus
[35m[1mScanning dependencies of target geometry_msgs_generate_messages_nodejs[0m
[  5%] Built target roscpp_generate_messages_nodejs
[  5%] Built target std_msgs_generate_messages_lisp
[35m[1mScanning dependencies of target dynamic_reconfigure_generate_messages_py[0m
[35m[1mScanning dependencies of target std_msgs_generate_messages_cpp[0m
[35m[1mScanning dependencies of target mav_msgs_generate_messages_lisp[0m
[  5%] Built target ocp_q_shared_lib
[35m[1mScanning dependencies of target uuid_msgs_generate_messages_py[0m
[  5%] Built target nav_msgs_generate_messages_lisp
[35m[1mScanning dependencies of target geometry_msgs_generate_messages_py[0m
[  5%] Built target mavros_msgs_generate_messages_nodejs
[35m[1mScanning dependencies of target nav_msgs_generate_messages_nodejs[0m
[  5%] Built target geometry_msgs_generate_messages_nodejs
[  5%] Built target dynamic_reconfigure_generate_messages_py
[  5%] Built target mav_msgs_generate_messages_lisp
[35m[1mScanning dependencies of target geographic_msgs_generate_messages_cpp[0m
[  5%] Built target uuid_msgs_generate_messages_py
[35m[1mScanning dependencies of target dynamic_reconfigure_generate_messages_lisp[0m
[  5%] Built target std_msgs_generate_messages_cpp
[35m[1mScanning dependencies of target geographic_msgs_generate_messages_eus[0m
[  5%] Built target geometry_msgs_generate_messages_py
[35m[1mScanning dependencies of target rosgraph_msgs_generate_messages_nodejs[0m
[35m[1mScanning dependencies of target geographic_msgs_generate_messages_nodejs[0m
[  5%] Built target nav_msgs_generate_messages_nodejs
[35m[1mScanning dependencies of target geographic_msgs_generate_messages_lisp[0m
[35m[1mScanning dependencies of target geographic_msgs_generate_messages_py[0m
[35m[1mScanning dependencies of target roscpp_generate_messages_cpp[0m
[  5%] Built target dynamic_reconfigure_generate_messages_lisp
[  5%] Built target geographic_msgs_generate_messages_cpp
[35m[1mScanning dependencies of target uuid_msgs_generate_messages_eus[0m
[35m[1mScanning dependencies of target uuid_msgs_generate_messages_cpp[0m
[35m[1mScanning dependencies of target uuid_msgs_generate_messages_nodejs[0m
[  5%] Built target geographic_msgs_generate_messages_nodejs
[  5%] Built target geographic_msgs_generate_messages_eus
[  5%] Built target rosgraph_msgs_generate_messages_nodejs
[35m[1mScanning dependencies of target roscpp_generate_messages_lisp[0m
[  5%] Built target geographic_msgs_generate_messages_lisp
[  5%] Built target geographic_msgs_generate_messages_py
[  5%] Built target roscpp_generate_messages_cpp
[  5%] Built target uuid_msgs_generate_messages_cpp
[35m[1mScanning dependencies of target roscpp_generate_messages_py[0m
[  5%] Built target uuid_msgs_generate_messages_eus
[35m[1mScanning dependencies of target itm_nonlinear_mpc_lib[0m
[35m[1mScanning dependencies of target tf_generate_messages_py[0m
[  5%] Built target uuid_msgs_generate_messages_nodejs
[35m[1mScanning dependencies of target rosgraph_msgs_generate_messages_cpp[0m
[35m[1mScanning dependencies of target dynamic_reconfigure_generate_messages_cpp[0m
[  5%] Built target roscpp_generate_messages_lisp
[35m[1mScanning dependencies of target rosgraph_msgs_generate_messages_eus[0m
[35m[1mScanning dependencies of target rosgraph_msgs_generate_messages_lisp[0m
[35m[1mScanning dependencies of target roscpp_generate_messages_eus[0m
[35m[1mScanning dependencies of target actionlib_msgs_generate_messages_eus[0m
[35m[1mScanning dependencies of target rosgraph_msgs_generate_messages_py[0m
[  5%] Built target roscpp_generate_messages_py
[  5%] Built target tf_generate_messages_py
[  5%] Built target rosgraph_msgs_generate_messages_cpp
[35m[1mScanning dependencies of target itm_mav_msgs_generate_messages_nodejs[0m
[  5%] Built target rosgraph_msgs_generate_messages_eus
[35m[1mScanning dependencies of target actionlib_generate_messages_nodejs[0m
[  5%] Built target dynamic_reconfigure_generate_messages_cpp
[  5%] Built target roscpp_generate_messages_eus
[  5%] Built target rosgraph_msgs_generate_messages_lisp
[  5%] Built target actionlib_msgs_generate_messages_eus
[35m[1mScanning dependencies of target itm_mav_srvs_generate_messages_nodejs[0m
[35m[1mScanning dependencies of target tf_generate_messages_cpp[0m
[  5%] Built target itm_mav_msgs_generate_messages_nodejs
[35m[1mScanning dependencies of target itm_nonlinear_mpc_gencfg[0m
[  5%] Built target rosgraph_msgs_generate_messages_py
[35m[1mScanning dependencies of target tf_generate_messages_eus[0m
[35m[1mScanning dependencies of target actionlib_generate_messages_eus[0m
[  5%] Built target actionlib_generate_messages_nodejs
[35m[1mScanning dependencies of target actionlib_msgs_generate_messages_cpp[0m
[35m[1mScanning dependencies of target tf_generate_messages_nodejs[0m
[35m[1mScanning dependencies of target tf_generate_messages_lisp[0m
[  5%] Built target tf_generate_messages_cpp
[  5%] Built target itm_mav_srvs_generate_messages_nodejs
[35m[1mScanning dependencies of target itm_nonlinear_mpc_generate_messages_eus[0m
[35m[1mScanning dependencies of target geometry_msgs_generate_messages_cpp[0m
[  6%] [34m[1mGenerating dynamic reconfigure files from cfg/NonLinearMPC.cfg: /home/itm_stud/test_ma_ws/MA_Experiment/devel/.private/itm_nonlinear_mpc/include/itm_nonlinear_mpc/NonLinearMPCConfig.h /home/itm_stud/test_ma_ws/MA_Experiment/devel/.private/itm_nonlinear_mpc/lib/python2.7/dist-packages/itm_nonlinear_mpc/cfg/NonLinearMPCConfig.py[0m
[  6%] [34m[1mGenerating dynamic reconfigure files from cfg/KFDisturbanceObserver.cfg: /home/itm_stud/test_ma_ws/MA_Experiment/devel/.private/itm_nonlinear_mpc/include/itm_nonlinear_mpc/KFDisturbanceObserverConfig.h /home/itm_stud/test_ma_ws/MA_Experiment/devel/.private/itm_nonlinear_mpc/lib/python2.7/dist-packages/itm_nonlinear_mpc/cfg/KFDisturbanceObserverConfig.py[0m
[  6%] Built target tf_generate_messages_eus
[35m[1mScanning dependencies of target actionlib_generate_messages_lisp[0m
[  6%] Built target actionlib_generate_messages_eus
[  6%] Built target actionlib_msgs_generate_messages_cpp
[  6%] Built target tf_generate_messages_nodejs
[  7%] [34m[1mGenerating dynamic reconfigure files from cfg/UKFObserver.cfg: /home/itm_stud/test_ma_ws/MA_Experiment/devel/.private/itm_nonlinear_mpc/include/itm_nonlinear_mpc/UKFObserverConfig.h /home/itm_stud/test_ma_ws/MA_Experiment/devel/.private/itm_nonlinear_mpc/lib/python2.7/dist-packages/itm_nonlinear_mpc/cfg/UKFObserverConfig.py[0m
[  8%] [34m[1mGenerating EusLisp code from itm_nonlinear_mpc/itm_kf_observer.msg[0m
[  8%] Built target tf_generate_messages_lisp
[  8%] Built target geometry_msgs_generate_messages_cpp
[  9%] [34m[1mGenerating EusLisp code from itm_nonlinear_mpc/mpc_command_rpyt.msg[0m
[  9%] Built target actionlib_generate_messages_lisp
[ 10%] [34m[1mGenerating EusLisp code from itm_nonlinear_mpc/itm_trajectory_point.msg[0m
[ 10%] [34m[1mGenerating EusLisp code from itm_nonlinear_mpc/itm_trajectory_msg.msg[0m
[35m[1mScanning dependencies of target itm_mav_msgs_generate_messages_py[0m
[ 10%] [34m[1mGenerating EusLisp code from itm_nonlinear_mpc/SetMission.msg[0m
[ 12%] [34m[1mGenerating EusLisp code from itm_nonlinear_mpc/itm_ukf_observer.msg[0m
[ 12%] [34m[1mGenerating EusLisp code from itm_nonlinear_mpc/SetRates.srv[0m
[ 12%] Built target itm_mav_msgs_generate_messages_py
[ 12%] [34m[1mGenerating EusLisp code from itm_nonlinear_mpc/Navigate.srv[0m
Generating reconfiguration files for KFDisturbanceObserver in itm_nonlinear_mpc
Generating reconfiguration files for NonLinearMPC in itm_nonlinear_mpc
Wrote header file in /home/itm_stud/test_ma_ws/MA_Experiment/devel/.private/itm_nonlinear_mpc/include/itm_nonlinear_mpc/KFDisturbanceObserverConfig.h
Wrote header file in /home/itm_stud/test_ma_ws/MA_Experiment/devel/.private/itm_nonlinear_mpc/include/itm_nonlinear_mpc/NonLinearMPCConfig.h
Generating reconfiguration files for UKFObserver in ma_nmpc_observer
Wrote header file in /home/itm_stud/test_ma_ws/MA_Experiment/devel/.private/itm_nonlinear_mpc/include/itm_nonlinear_mpc/UKFObserverConfig.h
[35m[1mScanning dependencies of target tf2_msgs_generate_messages_cpp[0m
[35m[1mScanning dependencies of target nav_msgs_generate_messages_eus[0m
[ 12%] [32mBuilding CXX object CMakeFiles/itm_nonlinear_mpc_lib.dir/src/sim_only/itm_nonlinear_mpc.cpp.o[0m
[35m[1mScanning dependencies of target tf2_msgs_generate_messages_eus[0m
[ 13%] [32mBuilding CXX object CMakeFiles/itm_nonlinear_mpc_lib.dir/src/sim_only/itm_nonlinear_mpc_queue.cpp.o[0m
[35m[1mScanning dependencies of target actionlib_generate_messages_py[0m
[ 15%] Built target nav_msgs_generate_messages_eus
[ 15%] [32mBuilding CXX object CMakeFiles/itm_nonlinear_mpc_lib.dir/src/sim_only/itm_pid_offboard_node.cpp.o[0m
[ 15%] Built target tf2_msgs_generate_messages_cpp
[ 15%] [32mBuilding CXX object CMakeFiles/itm_nonlinear_mpc_lib.dir/src/sim_only/itm_kf_observer.cpp.o[0m
[ 15%] Built target tf2_msgs_generate_messages_eus
[ 16%] [32mBuilding CXX object CMakeFiles/itm_nonlinear_mpc_lib.dir/src/sim_only/itm_ukf_observer.cpp.o[0m
[35m[1mScanning dependencies of target tf2_msgs_generate_messages_py[0m
[ 16%] Built target actionlib_generate_messages_py
[ 17%] [34m[1mGenerating EusLisp code from itm_nonlinear_mpc/NavigateGlobal.srv[0m
[ 17%] [34m[1mGenerating EusLisp code from itm_nonlinear_mpc/SetAttitude.srv[0m
[ 18%] [34m[1mGenerating EusLisp code from itm_nonlinear_mpc/SetPosition.srv[0m
[ 19%] [32mBuilding CXX object CMakeFiles/itm_nonlinear_mpc_lib.dir/solver_ethz/qpoases/SRC/Bounds.cpp.o[0m
[ 19%] Built target tf2_msgs_generate_messages_py
[35m[1mScanning dependencies of target tf2_msgs_generate_messages_nodejs[0m
[ 20%] [34m[1mGenerating EusLisp code from itm_nonlinear_mpc/itm_trajectory_srv.srv[0m
[ 20%] Built target tf2_msgs_generate_messages_nodejs
[ 20%] [32mBuilding CXX object CMakeFiles/itm_nonlinear_mpc_lib.dir/solver_ethz/qpoases/SRC/Constraints.cpp.o[0m
[ 21%] [34m[1mGenerating EusLisp code from itm_nonlinear_mpc/SetMode.srv[0m
[ 22%] [32mBuilding CXX object CMakeFiles/itm_nonlinear_mpc_lib.dir/solver_ethz/qpoases/SRC/CyclingManager.cpp.o[0m
[ 22%] [34m[1mGenerating EusLisp code from itm_nonlinear_mpc/GetTelemetry.srv[0m
[ 22%] Built target itm_nonlinear_mpc_gencfg
[35m[1mScanning dependencies of target dynamic_reconfigure_generate_messages_eus[0m
[ 22%] [32mBuilding CXX object CMakeFiles/itm_nonlinear_mpc_lib.dir/solver_ethz/qpoases/SRC/Indexlist.cpp.o[0m
[35m[1mScanning dependencies of target dynamic_reconfigure_generate_messages_nodejs[0m
[ 22%] Built target dynamic_reconfigure_generate_messages_eus
[ 22%] Built target dynamic_reconfigure_generate_messages_nodejs
[35m[1mScanning dependencies of target nav_msgs_generate_messages_py[0m
[ 23%] [34m[1mGenerating EusLisp code from itm_nonlinear_mpc/SetLEDEffect.srv[0m
[ 23%] [34m[1mGenerating EusLisp code from itm_nonlinear_mpc/mpc_set_point_pos.srv[0m
[ 23%] Built target nav_msgs_generate_messages_py
[35m[1mScanning dependencies of target tf2_msgs_generate_messages_lisp[0m
[ 24%] [32mBuilding CXX object CMakeFiles/itm_nonlinear_mpc_lib.dir/solver_ethz/qpoases/SRC/MessageHandling.cpp.o[0m
[ 26%] [34m[1mGenerating EusLisp code from itm_nonlinear_mpc/GetControllerState.srv[0m
[ 26%] [32mBuilding CXX object CMakeFiles/itm_nonlinear_mpc_lib.dir/solver_ethz/qpoases/SRC/QProblem.cpp.o[0m
[ 26%] Built target tf2_msgs_generate_messages_lisp
[ 27%] [34m[1mGenerating EusLisp code from itm_nonlinear_mpc/SetVelocity.srv[0m
[ 27%] [34m[1mGenerating EusLisp manifest code for itm_nonlinear_mpc[0m
[35m[1mScanning dependencies of target pid_controller[0m
[35m[1mScanning dependencies of target marker_node[0m
[35m[1mScanning dependencies of target si_controller[0m
[ 27%] [32mBuilding CXX object CMakeFiles/itm_nonlinear_mpc_lib.dir/solver_ethz/qpoases/SRC/QProblemB.cpp.o[0m
[35m[1mScanning dependencies of target px4_controller[0m
[ 27%] [32mBuilding CXX object CMakeFiles/pid_controller.dir/src/controller/pid/PID_controller.cpp.o[0m
[ 29%] [32mBuilding CXX object CMakeFiles/marker_node.dir/src/utilities/marker_publisher.cpp.o[0m
[ 30%] [32mBuilding CXX object CMakeFiles/si_controller.dir/src/controller/pid/SI_controller.cpp.o[0m
[ 31%] [32mBuilding CXX object CMakeFiles/px4_controller.dir/src/node/px4_controller.cpp.o[0m
[ 32%] [32mBuilding CXX object CMakeFiles/itm_nonlinear_mpc_lib.dir/solver_ethz/qpoases/SRC/SubjectTo.cpp.o[0m
[ 33%] [32mBuilding CXX object CMakeFiles/itm_nonlinear_mpc_lib.dir/solver_ethz/qpoases/SRC/Utils.cpp.o[0m
[ 33%] [32mBuilding CXX object CMakeFiles/itm_nonlinear_mpc_lib.dir/solver_ethz/qpoases/SRC/EXTRAS/SolutionAnalysis.cpp.o[0m
[ 34%] [32mBuilding CXX object CMakeFiles/itm_nonlinear_mpc_lib.dir/solver_ethz/acado_qpoases_interface.cpp.o[0m
[ 35%] [32mBuilding C object CMakeFiles/itm_nonlinear_mpc_lib.dir/solver_ethz/acado_integrator.c.o[0m
[01m[Kcc1:[m[K [01;35m[Kwarning: [m[Kcommand line option ‘[01m[K-std=c++11[m[K’ is valid for C++/ObjC++ but not for C
[ 35%] [32mBuilding C object CMakeFiles/itm_nonlinear_mpc_lib.dir/solver_ethz/acado_solver.c.o[0m
[01m[K/home/itm_stud/test_ma_ws/MA_Experiment/src/itm/itm_quadrotor_node/itm_nonlinear_mpc/solver_ethz/acado_integrator.c:63:0:[m[K [01;35m[Kwarning: [m[Kignoring #pragma omp threadprivate [[01;35m[K-Wunknown-pragmas[m[K]
 #pragma omp threadprivate( auxVar, rk_ttt, rk_xxx, rk_kkk, rk_diffK, rk_rhsTemp, rk_dim9_perm, rk_A, rk_b, rk_diffsPrev2, rk_diffsNew2, rk_diffsTemp2, rk_dim9_swap, rk_dim9_bPerm )
 
[01m[Kcc1:[m[K [01;35m[Kwarning: [m[Kcommand line option ‘[01m[K-std=c++11[m[K’ is valid for C++/ObjC++ but not for C
[01m[K/home/itm_stud/test_ma_ws/MA_Experiment/src/itm/itm_quadrotor_node/itm_nonlinear_mpc/solver_ethz/acado_integrator.c:[m[K In function ‘[01m[Kacado_integrate[m[K’:
[01m[K/home/itm_stud/test_ma_ws/MA_Experiment/src/itm/itm_quadrotor_node/itm_nonlinear_mpc/solver_ethz/acado_integrator.c:511:5:[m[K [01;35m[Kwarning: [m[Kunused variable ‘[01m[Kk[m[K’ [[01;35m[K-Wunused-variable[m[K]
 int [01;35m[Kk[m[K;
     [01;35m[K^[m[K
[01m[K/home/itm_stud/test_ma_ws/MA_Experiment/src/itm/itm_quadrotor_node/itm_nonlinear_mpc/solver_ethz/acado_solver.c:[m[K In function ‘[01m[Kacado_modelSimulation[m[K’:
[01m[K/home/itm_stud/test_ma_ws/MA_Experiment/src/itm/itm_quadrotor_node/itm_nonlinear_mpc/solver_ethz/acado_solver.c:41:0:[m[K [01;35m[Kwarning: [m[Kignoring #pragma omp parallel [[01;35m[K-Wunknown-pragmas[m[K]
 #pragma omp parallel for private(lRun1, state) shared(acadoWorkspace, acadoVariables)
 
[ 36%] [32mBuilding C object CMakeFiles/itm_nonlinear_mpc_lib.dir/solver_ethz/acado_auxiliary_functions.c.o[0m
[01m[Kcc1:[m[K [01;35m[Kwarning: [m[Kcommand line option ‘[01m[K-std=c++11[m[K’ is valid for C++/ObjC++ but not for C
In file included from [01m[K/home/itm_stud/test_ma_ws/MA_Experiment/src/itm/itm_quadrotor_node/itm_nonlinear_mpc/src/sim_only/itm_nonlinear_mpc.cpp:9:0[m[K:
[01m[K/home/itm_stud/test_ma_ws/MA_Experiment/src/itm/itm_quadrotor_node/itm_nonlinear_mpc/include/itm_nonlinear_mpc/sim_only/itm_nonlinear_mpc.h:27:10:[m[K [01;31m[Kfatal error: [m[Kitm_nonlinear_mpc/mpc_command_rpyt.h: No such file or directory
 #include [01;31m[K<itm_nonlinear_mpc/mpc_command_rpyt.h>[m[K
          [01;31m[K^~~~~~~~~~~~~~~~~~~~~~~~~~~~~~~~~~~~~~[m[K
compilation terminated.
CMakeFiles/itm_nonlinear_mpc_lib.dir/build.make:62: recipe for target 'CMakeFiles/itm_nonlinear_mpc_lib.dir/src/sim_only/itm_nonlinear_mpc.cpp.o' failed
make[2]: *** [CMakeFiles/itm_nonlinear_mpc_lib.dir/src/sim_only/itm_nonlinear_mpc.cpp.o] Error 1
make[2]: *** Waiting for unfinished jobs....
In file included from [01m[K/home/itm_stud/test_ma_ws/MA_Experiment/src/itm/itm_quadrotor_node/itm_nonlinear_mpc/src/sim_only/itm_ukf_observer.cpp:5:0[m[K:
[01m[K/home/itm_stud/test_ma_ws/MA_Experiment/src/itm/itm_quadrotor_node/itm_nonlinear_mpc/include/itm_nonlinear_mpc/sim_only/itm_ukf_observer.h:16:9:[m[K [01;31m[Kfatal error: [m[Kitm_nonlinear_mpc/itm_ukf_observer.h: No such file or directory
 #include[01;31m[K<itm_nonlinear_mpc/itm_ukf_observer.h>[m[K
         [01;31m[K^~~~~~~~~~~~~~~~~~~~~~~~~~~~~~~~~~~~~~[m[K
compilation terminated.
CMakeFiles/itm_nonlinear_mpc_lib.dir/build.make:158: recipe for target 'CMakeFiles/itm_nonlinear_mpc_lib.dir/src/sim_only/itm_ukf_observer.cpp.o' failed
make[2]: *** [CMakeFiles/itm_nonlinear_mpc_lib.dir/src/sim_only/itm_ukf_observer.cpp.o] Error 1
[ 36%] Built target itm_nonlinear_mpc_generate_messages_eus
[35m[1mScanning dependencies of target itm_nonlinear_mpc_generate_messages_nodejs[0m
[35m[1mScanning dependencies of target mpc_q_complex_controller[0m
[35m[1mScanning dependencies of target itm_nonlinear_mpc_generate_messages_py[0m
[35m[1mScanning dependencies of target mpc_q_controller_safe[0m
[ 36%] [34m[1mGenerating Javascript code from itm_nonlinear_mpc/itm_kf_observer.msg[0m
[ 37%] [34m[1mGenerating Python from MSG itm_nonlinear_mpc/itm_kf_observer[0m
[ 38%] [34m[1mGenerating Javascript code from itm_nonlinear_mpc/mpc_command_rpyt.msg[0m
[ 39%] [32mBuilding CXX object CMakeFiles/mpc_q_complex_controller.dir/src/controller/mpc_acados/mpc_q_acados_complex.cpp.o[0m
[ 39%] [32mBuilding CXX object CMakeFiles/mpc_q_controller_safe.dir/src/controller/mpc_acados/mpc_q_acados_safetakeoff.cpp.o[0m
[ 40%] [34m[1mGenerating Javascript code from itm_nonlinear_mpc/itm_trajectory_msg.msg[0m
[ 40%] [34m[1mGenerating Python from MSG itm_nonlinear_mpc/mpc_command_rpyt[0m
[ 40%] [34m[1mGenerating Javascript code from itm_nonlinear_mpc/itm_trajectory_point.msg[0m
[ 41%] [34m[1mGenerating Javascript code from itm_nonlinear_mpc/SetMission.msg[0m
[ 43%] [34m[1mGenerating Javascript code from itm_nonlinear_mpc/itm_ukf_observer.msg[0m
[ 44%] [34m[1mGenerating Python from MSG itm_nonlinear_mpc/itm_trajectory_msg[0m
[ 44%] [34m[1mGenerating Javascript code from itm_nonlinear_mpc/SetRates.srv[0m
[ 45%] [34m[1mGenerating Javascript code from itm_nonlinear_mpc/Navigate.srv[0m
[35m[1mScanning dependencies of target itm_nonlinear_mpc_generate_messages_lisp[0m
[ 46%] [34m[1mGenerating Lisp code from itm_nonlinear_mpc/itm_kf_observer.msg[0m
[ 46%] [34m[1mGenerating Javascript code from itm_nonlinear_mpc/NavigateGlobal.srv[0m
[ 47%] [34m[1mGenerating Lisp code from itm_nonlinear_mpc/mpc_command_rpyt.msg[0m
[ 48%] [34m[1mGenerating Javascript code from itm_nonlinear_mpc/SetPosition.srv[0m
[ 49%] [34m[1mGenerating Python from MSG itm_nonlinear_mpc/itm_trajectory_point[0m
[ 49%] [34m[1mGenerating Lisp code from itm_nonlinear_mpc/itm_trajectory_msg.msg[0m
[ 50%] [34m[1mGenerating Javascript code from itm_nonlinear_mpc/SetAttitude.srv[0m
[ 51%] [34m[1mGenerating Lisp code from itm_nonlinear_mpc/itm_trajectory_point.msg[0m
[ 51%] [34m[1mGenerating Javascript code from itm_nonlinear_mpc/itm_trajectory_srv.srv[0m
[ 51%] [34m[1mGenerating Lisp code from itm_nonlinear_mpc/SetMission.msg[0m
[ 51%] [34m[1mGenerating Python from MSG itm_nonlinear_mpc/SetMission[0m
[ 52%] [34m[1mGenerating Javascript code from itm_nonlinear_mpc/SetMode.srv[0m
[ 53%] [34m[1mGenerating Lisp code from itm_nonlinear_mpc/itm_ukf_observer.msg[0m
[ 54%] [34m[1mGenerating Javascript code from itm_nonlinear_mpc/GetTelemetry.srv[0m
[ 55%] [34m[1mGenerating Lisp code from itm_nonlinear_mpc/SetRates.srv[0m
[ 55%] [34m[1mGenerating Javascript code from itm_nonlinear_mpc/SetLEDEffect.srv[0m
[ 56%] [34m[1mGenerating Python from MSG itm_nonlinear_mpc/itm_ukf_observer[0m
[ 56%] [34m[1mGenerating Lisp code from itm_nonlinear_mpc/Navigate.srv[0m
[ 58%] [34m[1mGenerating Javascript code from itm_nonlinear_mpc/mpc_set_point_pos.srv[0m
[ 59%] [34m[1mGenerating Lisp code from itm_nonlinear_mpc/NavigateGlobal.srv[0m
[ 59%] [34m[1mGenerating Javascript code from itm_nonlinear_mpc/GetControllerState.srv[0m
[ 60%] [34m[1mGenerating Lisp code from itm_nonlinear_mpc/SetPosition.srv[0m
[ 61%] [34m[1mGenerating Javascript code from itm_nonlinear_mpc/SetVelocity.srv[0m
[ 62%] [34m[1mGenerating Python code from SRV itm_nonlinear_mpc/SetRates[0m
[ 62%] [34m[1mGenerating Lisp code from itm_nonlinear_mpc/SetAttitude.srv[0m
[ 62%] Built target itm_nonlinear_mpc_generate_messages_nodejs
[35m[1mScanning dependencies of target itm_nonlinear_mpc_generate_messages_cpp[0m
[ 63%] [34m[1mGenerating C++ code from itm_nonlinear_mpc/itm_kf_observer.msg[0m
[ 64%] [34m[1mGenerating Lisp code from itm_nonlinear_mpc/itm_trajectory_srv.srv[0m
[ 65%] [34m[1mGenerating Lisp code from itm_nonlinear_mpc/SetMode.srv[0m
[ 65%] [34m[1mGenerating Python code from SRV itm_nonlinear_mpc/Navigate[0m
[ 65%] [34m[1mGenerating Lisp code from itm_nonlinear_mpc/GetTelemetry.srv[0m
[ 65%] [34m[1mGenerating C++ code from itm_nonlinear_mpc/mpc_command_rpyt.msg[0m
[ 66%] [34m[1mGenerating Lisp code from itm_nonlinear_mpc/SetLEDEffect.srv[0m
[ 66%] [34m[1mGenerating Lisp code from itm_nonlinear_mpc/mpc_set_point_pos.srv[0m
[ 67%] [34m[1mGenerating C++ code from itm_nonlinear_mpc/itm_trajectory_msg.msg[0m
[ 68%] [34m[1mGenerating Python code from SRV itm_nonlinear_mpc/NavigateGlobal[0m
[ 69%] [34m[1mGenerating Lisp code from itm_nonlinear_mpc/GetControllerState.srv[0m
[ 70%] [34m[1mGenerating Lisp code from itm_nonlinear_mpc/SetVelocity.srv[0m
[ 70%] [34m[1mGenerating C++ code from itm_nonlinear_mpc/itm_trajectory_point.msg[0m
[ 70%] Built target itm_nonlinear_mpc_generate_messages_lisp
[ 72%] [34m[1mGenerating C++ code from itm_nonlinear_mpc/SetMission.msg[0m
[ 72%] [34m[1mGenerating Python code from SRV itm_nonlinear_mpc/SetPosition[0m
[ 73%] [34m[1mGenerating C++ code from itm_nonlinear_mpc/itm_ukf_observer.msg[0m
[ 73%] [34m[1mGenerating C++ code from itm_nonlinear_mpc/SetRates.srv[0m
[ 74%] [34m[1mGenerating Python code from SRV itm_nonlinear_mpc/SetAttitude[0m
[ 75%] [34m[1mGenerating C++ code from itm_nonlinear_mpc/Navigate.srv[0m
[ 76%] [34m[1mGenerating C++ code from itm_nonlinear_mpc/NavigateGlobal.srv[0m
In file included from [01m[K/opt/ros/melodic/include/ros/ros.h:40:0[m[K,
                 from [01m[K/opt/ros/melodic/include/mav_msgs/conversions.h:32[m[K,
                 from [01m[K/home/itm_stud/test_ma_ws/MA_Experiment/src/itm/itm_quadrotor_node/itm_nonlinear_mpc/include/itm_nonlinear_mpc/sim_only/itm_nonlinear_mpc_queue.h:22[m[K,
                 from [01m[K/home/itm_stud/test_ma_ws/MA_Experiment/src/itm/itm_quadrotor_node/itm_nonlinear_mpc/src/sim_only/itm_nonlinear_mpc_queue.cpp:18[m[K:
[01m[K/home/itm_stud/test_ma_ws/MA_Experiment/src/itm/itm_quadrotor_node/itm_nonlinear_mpc/src/sim_only/itm_nonlinear_mpc_queue.cpp:[m[K In member function ‘[01m[Kvoid quadrotor_control::MPCQueue::insertReferenceTrajectory(const EigenTrajectoryPointDeque&)[m[K’:
[01m[K/opt/ros/melodic/include/ros/console.h:348:176:[m[K [01;35m[Kwarning: [m[Kformat ‘[01m[K%d[m[K’ expects argument of type ‘[01m[Kint[m[K’, but argument 11 has type ‘[01m[Ksize_t {aka long unsigned int}[m[K’ [[01;35m[K-Wformat=[m[K]
     ::ros::console::print(filter, __rosconsole_define_location__loc.logger_, __rosconsole_define_location__loc.level_, __FILE__, __LINE__, __ROSCONSOLE_FUNCTION__, __VA_ARGS__[01;35m[K)[m[K
                                                                                                                                                                                [01;35m[K^[m[K
[01m[K/opt/ros/melodic/include/ros/console.h:351:5:[m[K [01;36m[Knote: [m[Kin expansion of macro ‘[01m[KROSCONSOLE_PRINT_AT_LOCATION_WITH_FILTER[m[K’
     [01;36m[KROSCONSOLE_PRINT_AT_LOCATION_WITH_FILTER[m[K(NULL, __VA_ARGS__)
     [01;36m[K^~~~~~~~~~~~~~~~~~~~~~~~~~~~~~~~~~~~~~~~[m[K
[01m[K/opt/ros/melodic/include/ros/console.h:387:7:[m[K [01;36m[Knote: [m[Kin expansion of macro ‘[01m[KROSCONSOLE_PRINT_AT_LOCATION[m[K’
       [01;36m[KROSCONSOLE_PRINT_AT_LOCATION[m[K(__VA_ARGS__); \
       [01;36m[K^~~~~~~~~~~~~~~~~~~~~~~~~~~~[m[K
[01m[K/opt/ros/melodic/include/ros/console.h:572:35:[m[K [01;36m[Knote: [m[Kin expansion of macro ‘[01m[KROS_LOG_COND[m[K’
 #define ROS_LOG(level, name, ...) [01;36m[KROS_LOG_COND[m[K(true, level, name, __VA_ARGS__)
                                   [01;36m[K^~~~~~~~~~~~[m[K
[01m[K/opt/ros/melodic/include/rosconsole/macros_generated.h:110:23:[m[K [01;36m[Knote: [m[Kin expansion of macro ‘[01m[KROS_LOG[m[K’
 #define ROS_INFO(...) [01;36m[KROS_LOG[m[K(::ros::console::levels::Info, ROSCONSOLE_DEFAULT_NAME, __VA_ARGS__)
                       [01;36m[K^~~~~~~[m[K
[01m[K/home/itm_stud/test_ma_ws/MA_Experiment/src/itm/itm_quadrotor_node/itm_nonlinear_mpc/src/sim_only/itm_nonlinear_mpc_queue.cpp:158:9:[m[K [01;36m[Knote: [m[Kin expansion of macro ‘[01m[KROS_INFO[m[K’
         [01;36m[KR[m[KOS_INFO("Queue start time: %f, queue end time: %f, reference start time: %f, start_index: %d", queue_start_time_, queue_end_time, commanded_time_from_start, start_index);
         [01;36m[K^[m[K
[ 77%] [34m[1mGenerating Python code from SRV itm_nonlinear_mpc/itm_trajectory_srv[0m
[ 77%] [34m[1mGenerating C++ code from itm_nonlinear_mpc/SetPosition.srv[0m
[ 78%] [34m[1mGenerating C++ code from itm_nonlinear_mpc/SetAttitude.srv[0m
[ 78%] [34m[1mGenerating Python code from SRV itm_nonlinear_mpc/SetMode[0m
[ 78%] [34m[1mGenerating C++ code from itm_nonlinear_mpc/itm_trajectory_srv.srv[0m
[ 79%] [34m[1mGenerating Python code from SRV itm_nonlinear_mpc/GetTelemetry[0m
[ 80%] [34m[1mGenerating C++ code from itm_nonlinear_mpc/SetMode.srv[0m
[ 81%] [34m[1mGenerating Python code from SRV itm_nonlinear_mpc/SetLEDEffect[0m
[ 82%] [34m[1mGenerating C++ code from itm_nonlinear_mpc/GetTelemetry.srv[0m
[ 82%] [34m[1mGenerating C++ code from itm_nonlinear_mpc/SetLEDEffect.srv[0m
[ 82%] [34m[1mGenerating Python code from SRV itm_nonlinear_mpc/mpc_set_point_pos[0m
[ 83%] [34m[1mGenerating C++ code from itm_nonlinear_mpc/mpc_set_point_pos.srv[0m
[ 84%] [34m[1mGenerating C++ code from itm_nonlinear_mpc/GetControllerState.srv[0m
[ 86%] [34m[1mGenerating Python code from SRV itm_nonlinear_mpc/GetControllerState[0m
[ 86%] [34m[1mGenerating C++ code from itm_nonlinear_mpc/SetVelocity.srv[0m
[ 86%] [34m[1mGenerating Python code from SRV itm_nonlinear_mpc/SetVelocity[0m
[ 87%] [32m[1mLinking CXX executable /home/itm_stud/test_ma_ws/MA_Experiment/devel/.private/itm_nonlinear_mpc/lib/itm_nonlinear_mpc/marker_node[0m
[ 88%] [34m[1mGenerating Python msg __init__.py for itm_nonlinear_mpc[0m
[ 89%] [34m[1mGenerating Python srv __init__.py for itm_nonlinear_mpc[0m
[ 89%] Built target itm_nonlinear_mpc_generate_messages_cpp
[ 89%] Built target marker_node
[ 89%] [32m[1mLinking CXX executable /home/itm_stud/test_ma_ws/MA_Experiment/devel/.private/itm_nonlinear_mpc/lib/itm_nonlinear_mpc/px4_controller[0m
[ 89%] Built target itm_nonlinear_mpc_generate_messages_py
[35m[1mScanning dependencies of target itm_nonlinear_mpc_generate_messages[0m
[ 89%] Built target itm_nonlinear_mpc_generate_messages
[ 89%] Built target px4_controller
[ 90%] [32m[1mLinking CXX executable /home/itm_stud/test_ma_ws/MA_Experiment/devel/.private/itm_nonlinear_mpc/lib/itm_nonlinear_mpc/si_controller[0m
[ 91%] [32m[1mLinking CXX executable /home/itm_stud/test_ma_ws/MA_Experiment/devel/.private/itm_nonlinear_mpc/lib/itm_nonlinear_mpc/pid_controller[0m
[ 91%] Built target si_controller
[ 91%] Built target pid_controller
[ 91%] [32m[1mLinking CXX executable /home/itm_stud/test_ma_ws/MA_Experiment/devel/.private/itm_nonlinear_mpc/lib/itm_nonlinear_mpc/mpc_q_controller_safe[0m
[ 92%] [32m[1mLinking CXX executable /home/itm_stud/test_ma_ws/MA_Experiment/devel/.private/itm_nonlinear_mpc/lib/itm_nonlinear_mpc/mpc_q_complex_controller[0m
[ 92%] Built target mpc_q_controller_safe
[ 92%] Built target mpc_q_complex_controller
CMakeFiles/Makefile2:3963: recipe for target 'CMakeFiles/itm_nonlinear_mpc_lib.dir/all' failed
make[1]: *** [CMakeFiles/itm_nonlinear_mpc_lib.dir/all] Error 2
Makefile:140: recipe for target 'all' failed
make: *** [all] Error 2
