Linked: (/home/itm_stud/test_ma_ws/MA_Experiment/devel/.private/itm_nonlinear_mpc/include/itm_nonlinear_mpc/GetControllerStateResponse.h, /home/itm_stud/test_ma_ws/MA_Experiment/devel/include/itm_nonlinear_mpc/GetControllerStateResponse.h)
Linked: (/home/itm_stud/test_ma_ws/MA_Experiment/devel/.private/itm_nonlinear_mpc/include/itm_nonlinear_mpc/SetAttitudeResponse.h, /home/itm_stud/test_ma_ws/MA_Experiment/devel/include/itm_nonlinear_mpc/SetAttitudeResponse.h)
Linked: (/home/itm_stud/test_ma_ws/MA_Experiment/devel/.private/itm_nonlinear_mpc/include/itm_nonlinear_mpc/NavigateGlobalRequest.h, /home/itm_stud/test_ma_ws/MA_Experiment/devel/include/itm_nonlinear_mpc/NavigateGlobalRequest.h)
Linked: (/home/itm_stud/test_ma_ws/MA_Experiment/devel/.private/itm_nonlinear_mpc/include/itm_nonlinear_mpc/mpc_command_rpyt.h, /home/itm_stud/test_ma_ws/MA_Experiment/devel/include/itm_nonlinear_mpc/mpc_command_rpyt.h)
Linked: (/home/itm_stud/test_ma_ws/MA_Experiment/devel/.private/itm_nonlinear_mpc/include/itm_nonlinear_mpc/GetTelemetryRequest.h, /home/itm_stud/test_ma_ws/MA_Experiment/devel/include/itm_nonlinear_mpc/GetTelemetryRequest.h)
Linked: (/home/itm_stud/test_ma_ws/MA_Experiment/devel/.private/itm_nonlinear_mpc/include/itm_nonlinear_mpc/SetAttitudeRequest.h, /home/itm_stud/test_ma_ws/MA_Experiment/devel/include/itm_nonlinear_mpc/SetAttitudeRequest.h)
Linked: (/home/itm_stud/test_ma_ws/MA_Experiment/devel/.private/itm_nonlinear_mpc/include/itm_nonlinear_mpc/itm_ukf_observer.h, /home/itm_stud/test_ma_ws/MA_Experiment/devel/include/itm_nonlinear_mpc/itm_ukf_observer.h)
Linked: (/home/itm_stud/test_ma_ws/MA_Experiment/devel/.private/itm_nonlinear_mpc/include/itm_nonlinear_mpc/SetAttitude.h, /home/itm_stud/test_ma_ws/MA_Experiment/devel/include/itm_nonlinear_mpc/SetAttitude.h)
Linked: (/home/itm_stud/test_ma_ws/MA_Experiment/devel/.private/itm_nonlinear_mpc/include/itm_nonlinear_mpc/SetVelocityResponse.h, /home/itm_stud/test_ma_ws/MA_Experiment/devel/include/itm_nonlinear_mpc/SetVelocityResponse.h)
Linked: (/home/itm_stud/test_ma_ws/MA_Experiment/devel/.private/itm_nonlinear_mpc/include/itm_nonlinear_mpc/itm_trajectory_msg.h, /home/itm_stud/test_ma_ws/MA_Experiment/devel/include/itm_nonlinear_mpc/itm_trajectory_msg.h)
Linked: (/home/itm_stud/test_ma_ws/MA_Experiment/devel/.private/itm_nonlinear_mpc/include/itm_nonlinear_mpc/SetVelocity.h, /home/itm_stud/test_ma_ws/MA_Experiment/devel/include/itm_nonlinear_mpc/SetVelocity.h)
Linked: (/home/itm_stud/test_ma_ws/MA_Experiment/devel/.private/itm_nonlinear_mpc/include/itm_nonlinear_mpc/itm_kf_observer.h, /home/itm_stud/test_ma_ws/MA_Experiment/devel/include/itm_nonlinear_mpc/itm_kf_observer.h)
Linked: (/home/itm_stud/test_ma_ws/MA_Experiment/devel/.private/itm_nonlinear_mpc/include/itm_nonlinear_mpc/NavigateGlobal.h, /home/itm_stud/test_ma_ws/MA_Experiment/devel/include/itm_nonlinear_mpc/NavigateGlobal.h)
Linked: (/home/itm_stud/test_ma_ws/MA_Experiment/devel/.private/itm_nonlinear_mpc/include/itm_nonlinear_mpc/SetPositionResponse.h, /home/itm_stud/test_ma_ws/MA_Experiment/devel/include/itm_nonlinear_mpc/SetPositionResponse.h)
Linked: (/home/itm_stud/test_ma_ws/MA_Experiment/devel/.private/itm_nonlinear_mpc/include/itm_nonlinear_mpc/SetLEDEffectRequest.h, /home/itm_stud/test_ma_ws/MA_Experiment/devel/include/itm_nonlinear_mpc/SetLEDEffectRequest.h)
Linked: (/home/itm_stud/test_ma_ws/MA_Experiment/devel/.private/itm_nonlinear_mpc/include/itm_nonlinear_mpc/NavigateGlobalResponse.h, /home/itm_stud/test_ma_ws/MA_Experiment/devel/include/itm_nonlinear_mpc/NavigateGlobalResponse.h)
Linked: (/home/itm_stud/test_ma_ws/MA_Experiment/devel/.private/itm_nonlinear_mpc/include/itm_nonlinear_mpc/SetLEDEffect.h, /home/itm_stud/test_ma_ws/MA_Experiment/devel/include/itm_nonlinear_mpc/SetLEDEffect.h)
Linked: (/home/itm_stud/test_ma_ws/MA_Experiment/devel/.private/itm_nonlinear_mpc/include/itm_nonlinear_mpc/NavigateRequest.h, /home/itm_stud/test_ma_ws/MA_Experiment/devel/include/itm_nonlinear_mpc/NavigateRequest.h)
Linked: (/home/itm_stud/test_ma_ws/MA_Experiment/devel/.private/itm_nonlinear_mpc/include/itm_nonlinear_mpc/SetRates.h, /home/itm_stud/test_ma_ws/MA_Experiment/devel/include/itm_nonlinear_mpc/SetRates.h)
Linked: (/home/itm_stud/test_ma_ws/MA_Experiment/devel/.private/itm_nonlinear_mpc/include/itm_nonlinear_mpc/SetPositionRequest.h, /home/itm_stud/test_ma_ws/MA_Experiment/devel/include/itm_nonlinear_mpc/SetPositionRequest.h)
Linked: (/home/itm_stud/test_ma_ws/MA_Experiment/devel/.private/itm_nonlinear_mpc/include/itm_nonlinear_mpc/NonLinearMPCConfig.h, /home/itm_stud/test_ma_ws/MA_Experiment/devel/include/itm_nonlinear_mpc/NonLinearMPCConfig.h)
Linked: (/home/itm_stud/test_ma_ws/MA_Experiment/devel/.private/itm_nonlinear_mpc/include/itm_nonlinear_mpc/mpc_set_point_pos.h, /home/itm_stud/test_ma_ws/MA_Experiment/devel/include/itm_nonlinear_mpc/mpc_set_point_pos.h)
Linked: (/home/itm_stud/test_ma_ws/MA_Experiment/devel/.private/itm_nonlinear_mpc/include/itm_nonlinear_mpc/GetControllerStateRequest.h, /home/itm_stud/test_ma_ws/MA_Experiment/devel/include/itm_nonlinear_mpc/GetControllerStateRequest.h)
Linked: (/home/itm_stud/test_ma_ws/MA_Experiment/devel/.private/itm_nonlinear_mpc/include/itm_nonlinear_mpc/itm_trajectory_srvRequest.h, /home/itm_stud/test_ma_ws/MA_Experiment/devel/include/itm_nonlinear_mpc/itm_trajectory_srvRequest.h)
Linked: (/home/itm_stud/test_ma_ws/MA_Experiment/devel/.private/itm_nonlinear_mpc/include/itm_nonlinear_mpc/SetMission.h, /home/itm_stud/test_ma_ws/MA_Experiment/devel/include/itm_nonlinear_mpc/SetMission.h)
Linked: (/home/itm_stud/test_ma_ws/MA_Experiment/devel/.private/itm_nonlinear_mpc/include/itm_nonlinear_mpc/KFDisturbanceObserverConfig.h, /home/itm_stud/test_ma_ws/MA_Experiment/devel/include/itm_nonlinear_mpc/KFDisturbanceObserverConfig.h)
Linked: (/home/itm_stud/test_ma_ws/MA_Experiment/devel/.private/itm_nonlinear_mpc/include/itm_nonlinear_mpc/itm_trajectory_srv.h, /home/itm_stud/test_ma_ws/MA_Experiment/devel/include/itm_nonlinear_mpc/itm_trajectory_srv.h)
Linked: (/home/itm_stud/test_ma_ws/MA_Experiment/devel/.private/itm_nonlinear_mpc/include/itm_nonlinear_mpc/NavigateResponse.h, /home/itm_stud/test_ma_ws/MA_Experiment/devel/include/itm_nonlinear_mpc/NavigateResponse.h)
Linked: (/home/itm_stud/test_ma_ws/MA_Experiment/devel/.private/itm_nonlinear_mpc/include/itm_nonlinear_mpc/itm_trajectory_srvResponse.h, /home/itm_stud/test_ma_ws/MA_Experiment/devel/include/itm_nonlinear_mpc/itm_trajectory_srvResponse.h)
Linked: (/home/itm_stud/test_ma_ws/MA_Experiment/devel/.private/itm_nonlinear_mpc/include/itm_nonlinear_mpc/SetModeResponse.h, /home/itm_stud/test_ma_ws/MA_Experiment/devel/include/itm_nonlinear_mpc/SetModeResponse.h)
Linked: (/home/itm_stud/test_ma_ws/MA_Experiment/devel/.private/itm_nonlinear_mpc/include/itm_nonlinear_mpc/UKFObserverConfig.h, /home/itm_stud/test_ma_ws/MA_Experiment/devel/include/itm_nonlinear_mpc/UKFObserverConfig.h)
Linked: (/home/itm_stud/test_ma_ws/MA_Experiment/devel/.private/itm_nonlinear_mpc/include/itm_nonlinear_mpc/GetTelemetry.h, /home/itm_stud/test_ma_ws/MA_Experiment/devel/include/itm_nonlinear_mpc/GetTelemetry.h)
Linked: (/home/itm_stud/test_ma_ws/MA_Experiment/devel/.private/itm_nonlinear_mpc/include/itm_nonlinear_mpc/mpc_set_point_posRequest.h, /home/itm_stud/test_ma_ws/MA_Experiment/devel/include/itm_nonlinear_mpc/mpc_set_point_posRequest.h)
Linked: (/home/itm_stud/test_ma_ws/MA_Experiment/devel/.private/itm_nonlinear_mpc/include/itm_nonlinear_mpc/SetModeRequest.h, /home/itm_stud/test_ma_ws/MA_Experiment/devel/include/itm_nonlinear_mpc/SetModeRequest.h)
Linked: (/home/itm_stud/test_ma_ws/MA_Experiment/devel/.private/itm_nonlinear_mpc/include/itm_nonlinear_mpc/SetRatesRequest.h, /home/itm_stud/test_ma_ws/MA_Experiment/devel/include/itm_nonlinear_mpc/SetRatesRequest.h)
Linked: (/home/itm_stud/test_ma_ws/MA_Experiment/devel/.private/itm_nonlinear_mpc/include/itm_nonlinear_mpc/GetControllerState.h, /home/itm_stud/test_ma_ws/MA_Experiment/devel/include/itm_nonlinear_mpc/GetControllerState.h)
Linked: (/home/itm_stud/test_ma_ws/MA_Experiment/devel/.private/itm_nonlinear_mpc/include/itm_nonlinear_mpc/GetTelemetryResponse.h, /home/itm_stud/test_ma_ws/MA_Experiment/devel/include/itm_nonlinear_mpc/GetTelemetryResponse.h)
Linked: (/home/itm_stud/test_ma_ws/MA_Experiment/devel/.private/itm_nonlinear_mpc/include/itm_nonlinear_mpc/SetVelocityRequest.h, /home/itm_stud/test_ma_ws/MA_Experiment/devel/include/itm_nonlinear_mpc/SetVelocityRequest.h)
Linked: (/home/itm_stud/test_ma_ws/MA_Experiment/devel/.private/itm_nonlinear_mpc/include/itm_nonlinear_mpc/itm_trajectory_point.h, /home/itm_stud/test_ma_ws/MA_Experiment/devel/include/itm_nonlinear_mpc/itm_trajectory_point.h)
Linked: (/home/itm_stud/test_ma_ws/MA_Experiment/devel/.private/itm_nonlinear_mpc/include/itm_nonlinear_mpc/Navigate.h, /home/itm_stud/test_ma_ws/MA_Experiment/devel/include/itm_nonlinear_mpc/Navigate.h)
Linked: (/home/itm_stud/test_ma_ws/MA_Experiment/devel/.private/itm_nonlinear_mpc/include/itm_nonlinear_mpc/SetPosition.h, /home/itm_stud/test_ma_ws/MA_Experiment/devel/include/itm_nonlinear_mpc/SetPosition.h)
Linked: (/home/itm_stud/test_ma_ws/MA_Experiment/devel/.private/itm_nonlinear_mpc/include/itm_nonlinear_mpc/SetRatesResponse.h, /home/itm_stud/test_ma_ws/MA_Experiment/devel/include/itm_nonlinear_mpc/SetRatesResponse.h)
Linked: (/home/itm_stud/test_ma_ws/MA_Experiment/devel/.private/itm_nonlinear_mpc/include/itm_nonlinear_mpc/mpc_set_point_posResponse.h, /home/itm_stud/test_ma_ws/MA_Experiment/devel/include/itm_nonlinear_mpc/mpc_set_point_posResponse.h)
Linked: (/home/itm_stud/test_ma_ws/MA_Experiment/devel/.private/itm_nonlinear_mpc/include/itm_nonlinear_mpc/SetMode.h, /home/itm_stud/test_ma_ws/MA_Experiment/devel/include/itm_nonlinear_mpc/SetMode.h)
Linked: (/home/itm_stud/test_ma_ws/MA_Experiment/devel/.private/itm_nonlinear_mpc/include/itm_nonlinear_mpc/SetLEDEffectResponse.h, /home/itm_stud/test_ma_ws/MA_Experiment/devel/include/itm_nonlinear_mpc/SetLEDEffectResponse.h)
Linked: (/home/itm_stud/test_ma_ws/MA_Experiment/devel/.private/itm_nonlinear_mpc/share/gennodejs/ros/itm_nonlinear_mpc/_index.js, /home/itm_stud/test_ma_ws/MA_Experiment/devel/share/gennodejs/ros/itm_nonlinear_mpc/_index.js)
Linked: (/home/itm_stud/test_ma_ws/MA_Experiment/devel/.private/itm_nonlinear_mpc/share/gennodejs/ros/itm_nonlinear_mpc/msg/mpc_command_rpyt.js, /home/itm_stud/test_ma_ws/MA_Experiment/devel/share/gennodejs/ros/itm_nonlinear_mpc/msg/mpc_command_rpyt.js)
Linked: (/home/itm_stud/test_ma_ws/MA_Experiment/devel/.private/itm_nonlinear_mpc/share/gennodejs/ros/itm_nonlinear_mpc/msg/SetMission.js, /home/itm_stud/test_ma_ws/MA_Experiment/devel/share/gennodejs/ros/itm_nonlinear_mpc/msg/SetMission.js)
Linked: (/home/itm_stud/test_ma_ws/MA_Experiment/devel/.private/itm_nonlinear_mpc/share/gennodejs/ros/itm_nonlinear_mpc/msg/itm_trajectory_point.js, /home/itm_stud/test_ma_ws/MA_Experiment/devel/share/gennodejs/ros/itm_nonlinear_mpc/msg/itm_trajectory_point.js)
Linked: (/home/itm_stud/test_ma_ws/MA_Experiment/devel/.private/itm_nonlinear_mpc/share/gennodejs/ros/itm_nonlinear_mpc/msg/itm_ukf_observer.js, /home/itm_stud/test_ma_ws/MA_Experiment/devel/share/gennodejs/ros/itm_nonlinear_mpc/msg/itm_ukf_observer.js)
Linked: (/home/itm_stud/test_ma_ws/MA_Experiment/devel/.private/itm_nonlinear_mpc/share/gennodejs/ros/itm_nonlinear_mpc/msg/_index.js, /home/itm_stud/test_ma_ws/MA_Experiment/devel/share/gennodejs/ros/itm_nonlinear_mpc/msg/_index.js)
Linked: (/home/itm_stud/test_ma_ws/MA_Experiment/devel/.private/itm_nonlinear_mpc/share/gennodejs/ros/itm_nonlinear_mpc/msg/itm_trajectory_msg.js, /home/itm_stud/test_ma_ws/MA_Experiment/devel/share/gennodejs/ros/itm_nonlinear_mpc/msg/itm_trajectory_msg.js)
Linked: (/home/itm_stud/test_ma_ws/MA_Experiment/devel/.private/itm_nonlinear_mpc/share/gennodejs/ros/itm_nonlinear_mpc/msg/itm_kf_observer.js, /home/itm_stud/test_ma_ws/MA_Experiment/devel/share/gennodejs/ros/itm_nonlinear_mpc/msg/itm_kf_observer.js)
Linked: (/home/itm_stud/test_ma_ws/MA_Experiment/devel/.private/itm_nonlinear_mpc/share/gennodejs/ros/itm_nonlinear_mpc/srv/SetAttitude.js, /home/itm_stud/test_ma_ws/MA_Experiment/devel/share/gennodejs/ros/itm_nonlinear_mpc/srv/SetAttitude.js)
Linked: (/home/itm_stud/test_ma_ws/MA_Experiment/devel/.private/itm_nonlinear_mpc/share/gennodejs/ros/itm_nonlinear_mpc/srv/SetRates.js, /home/itm_stud/test_ma_ws/MA_Experiment/devel/share/gennodejs/ros/itm_nonlinear_mpc/srv/SetRates.js)
Linked: (/home/itm_stud/test_ma_ws/MA_Experiment/devel/.private/itm_nonlinear_mpc/share/gennodejs/ros/itm_nonlinear_mpc/srv/SetMode.js, /home/itm_stud/test_ma_ws/MA_Experiment/devel/share/gennodejs/ros/itm_nonlinear_mpc/srv/SetMode.js)
Linked: (/home/itm_stud/test_ma_ws/MA_Experiment/devel/.private/itm_nonlinear_mpc/share/gennodejs/ros/itm_nonlinear_mpc/srv/SetVelocity.js, /home/itm_stud/test_ma_ws/MA_Experiment/devel/share/gennodejs/ros/itm_nonlinear_mpc/srv/SetVelocity.js)
Linked: (/home/itm_stud/test_ma_ws/MA_Experiment/devel/.private/itm_nonlinear_mpc/share/gennodejs/ros/itm_nonlinear_mpc/srv/GetTelemetry.js, /home/itm_stud/test_ma_ws/MA_Experiment/devel/share/gennodejs/ros/itm_nonlinear_mpc/srv/GetTelemetry.js)
Linked: (/home/itm_stud/test_ma_ws/MA_Experiment/devel/.private/itm_nonlinear_mpc/share/gennodejs/ros/itm_nonlinear_mpc/srv/GetControllerState.js, /home/itm_stud/test_ma_ws/MA_Experiment/devel/share/gennodejs/ros/itm_nonlinear_mpc/srv/GetControllerState.js)
Linked: (/home/itm_stud/test_ma_ws/MA_Experiment/devel/.private/itm_nonlinear_mpc/share/gennodejs/ros/itm_nonlinear_mpc/srv/mpc_set_point_pos.js, /home/itm_stud/test_ma_ws/MA_Experiment/devel/share/gennodejs/ros/itm_nonlinear_mpc/srv/mpc_set_point_pos.js)
Linked: (/home/itm_stud/test_ma_ws/MA_Experiment/devel/.private/itm_nonlinear_mpc/share/gennodejs/ros/itm_nonlinear_mpc/srv/SetPosition.js, /home/itm_stud/test_ma_ws/MA_Experiment/devel/share/gennodejs/ros/itm_nonlinear_mpc/srv/SetPosition.js)
Linked: (/home/itm_stud/test_ma_ws/MA_Experiment/devel/.private/itm_nonlinear_mpc/share/gennodejs/ros/itm_nonlinear_mpc/srv/SetLEDEffect.js, /home/itm_stud/test_ma_ws/MA_Experiment/devel/share/gennodejs/ros/itm_nonlinear_mpc/srv/SetLEDEffect.js)
Linked: (/home/itm_stud/test_ma_ws/MA_Experiment/devel/.private/itm_nonlinear_mpc/share/gennodejs/ros/itm_nonlinear_mpc/srv/_index.js, /home/itm_stud/test_ma_ws/MA_Experiment/devel/share/gennodejs/ros/itm_nonlinear_mpc/srv/_index.js)
Linked: (/home/itm_stud/test_ma_ws/MA_Experiment/devel/.private/itm_nonlinear_mpc/share/gennodejs/ros/itm_nonlinear_mpc/srv/NavigateGlobal.js, /home/itm_stud/test_ma_ws/MA_Experiment/devel/share/gennodejs/ros/itm_nonlinear_mpc/srv/NavigateGlobal.js)
Linked: (/home/itm_stud/test_ma_ws/MA_Experiment/devel/.private/itm_nonlinear_mpc/share/gennodejs/ros/itm_nonlinear_mpc/srv/itm_trajectory_srv.js, /home/itm_stud/test_ma_ws/MA_Experiment/devel/share/gennodejs/ros/itm_nonlinear_mpc/srv/itm_trajectory_srv.js)
Linked: (/home/itm_stud/test_ma_ws/MA_Experiment/devel/.private/itm_nonlinear_mpc/share/gennodejs/ros/itm_nonlinear_mpc/srv/Navigate.js, /home/itm_stud/test_ma_ws/MA_Experiment/devel/share/gennodejs/ros/itm_nonlinear_mpc/srv/Navigate.js)
Linked: (/home/itm_stud/test_ma_ws/MA_Experiment/devel/.private/itm_nonlinear_mpc/share/itm_nonlinear_mpc/docs/UKFObserverConfig.wikidoc, /home/itm_stud/test_ma_ws/MA_Experiment/devel/share/itm_nonlinear_mpc/docs/UKFObserverConfig.wikidoc)
Linked: (/home/itm_stud/test_ma_ws/MA_Experiment/devel/.private/itm_nonlinear_mpc/share/itm_nonlinear_mpc/docs/KFDisturbanceObserverConfig-usage.dox, /home/itm_stud/test_ma_ws/MA_Experiment/devel/share/itm_nonlinear_mpc/docs/KFDisturbanceObserverConfig-usage.dox)
Linked: (/home/itm_stud/test_ma_ws/MA_Experiment/devel/.private/itm_nonlinear_mpc/share/itm_nonlinear_mpc/docs/UKFObserverConfig.dox, /home/itm_stud/test_ma_ws/MA_Experiment/devel/share/itm_nonlinear_mpc/docs/UKFObserverConfig.dox)
Linked: (/home/itm_stud/test_ma_ws/MA_Experiment/devel/.private/itm_nonlinear_mpc/share/itm_nonlinear_mpc/docs/NonLinearMPCConfig-usage.dox, /home/itm_stud/test_ma_ws/MA_Experiment/devel/share/itm_nonlinear_mpc/docs/NonLinearMPCConfig-usage.dox)
Linked: (/home/itm_stud/test_ma_ws/MA_Experiment/devel/.private/itm_nonlinear_mpc/share/itm_nonlinear_mpc/docs/NonLinearMPCConfig.wikidoc, /home/itm_stud/test_ma_ws/MA_Experiment/devel/share/itm_nonlinear_mpc/docs/NonLinearMPCConfig.wikidoc)
Linked: (/home/itm_stud/test_ma_ws/MA_Experiment/devel/.private/itm_nonlinear_mpc/share/itm_nonlinear_mpc/docs/KFDisturbanceObserverConfig.dox, /home/itm_stud/test_ma_ws/MA_Experiment/devel/share/itm_nonlinear_mpc/docs/KFDisturbanceObserverConfig.dox)
Linked: (/home/itm_stud/test_ma_ws/MA_Experiment/devel/.private/itm_nonlinear_mpc/share/itm_nonlinear_mpc/docs/UKFObserverConfig-usage.dox, /home/itm_stud/test_ma_ws/MA_Experiment/devel/share/itm_nonlinear_mpc/docs/UKFObserverConfig-usage.dox)
Linked: (/home/itm_stud/test_ma_ws/MA_Experiment/devel/.private/itm_nonlinear_mpc/share/itm_nonlinear_mpc/docs/KFDisturbanceObserverConfig.wikidoc, /home/itm_stud/test_ma_ws/MA_Experiment/devel/share/itm_nonlinear_mpc/docs/KFDisturbanceObserverConfig.wikidoc)
Linked: (/home/itm_stud/test_ma_ws/MA_Experiment/devel/.private/itm_nonlinear_mpc/share/itm_nonlinear_mpc/docs/NonLinearMPCConfig.dox, /home/itm_stud/test_ma_ws/MA_Experiment/devel/share/itm_nonlinear_mpc/docs/NonLinearMPCConfig.dox)
Linked: (/home/itm_stud/test_ma_ws/MA_Experiment/devel/.private/itm_nonlinear_mpc/share/itm_nonlinear_mpc/cmake/itm_nonlinear_mpcConfig-version.cmake, /home/itm_stud/test_ma_ws/MA_Experiment/devel/share/itm_nonlinear_mpc/cmake/itm_nonlinear_mpcConfig-version.cmake)
Linked: (/home/itm_stud/test_ma_ws/MA_Experiment/devel/.private/itm_nonlinear_mpc/share/itm_nonlinear_mpc/cmake/itm_nonlinear_mpc-msg-paths.cmake, /home/itm_stud/test_ma_ws/MA_Experiment/devel/share/itm_nonlinear_mpc/cmake/itm_nonlinear_mpc-msg-paths.cmake)
Linked: (/home/itm_stud/test_ma_ws/MA_Experiment/devel/.private/itm_nonlinear_mpc/share/itm_nonlinear_mpc/cmake/itm_nonlinear_mpcConfig.cmake, /home/itm_stud/test_ma_ws/MA_Experiment/devel/share/itm_nonlinear_mpc/cmake/itm_nonlinear_mpcConfig.cmake)
Linked: (/home/itm_stud/test_ma_ws/MA_Experiment/devel/.private/itm_nonlinear_mpc/share/itm_nonlinear_mpc/cmake/itm_nonlinear_mpc-msg-extras.cmake, /home/itm_stud/test_ma_ws/MA_Experiment/devel/share/itm_nonlinear_mpc/cmake/itm_nonlinear_mpc-msg-extras.cmake)
Linked: (/home/itm_stud/test_ma_ws/MA_Experiment/devel/.private/itm_nonlinear_mpc/share/roseus/ros/itm_nonlinear_mpc/manifest.l, /home/itm_stud/test_ma_ws/MA_Experiment/devel/share/roseus/ros/itm_nonlinear_mpc/manifest.l)
Linked: (/home/itm_stud/test_ma_ws/MA_Experiment/devel/.private/itm_nonlinear_mpc/share/roseus/ros/itm_nonlinear_mpc/msg/mpc_command_rpyt.l, /home/itm_stud/test_ma_ws/MA_Experiment/devel/share/roseus/ros/itm_nonlinear_mpc/msg/mpc_command_rpyt.l)
Linked: (/home/itm_stud/test_ma_ws/MA_Experiment/devel/.private/itm_nonlinear_mpc/share/roseus/ros/itm_nonlinear_mpc/msg/itm_trajectory_point.l, /home/itm_stud/test_ma_ws/MA_Experiment/devel/share/roseus/ros/itm_nonlinear_mpc/msg/itm_trajectory_point.l)
Linked: (/home/itm_stud/test_ma_ws/MA_Experiment/devel/.private/itm_nonlinear_mpc/share/roseus/ros/itm_nonlinear_mpc/msg/itm_trajectory_msg.l, /home/itm_stud/test_ma_ws/MA_Experiment/devel/share/roseus/ros/itm_nonlinear_mpc/msg/itm_trajectory_msg.l)
Linked: (/home/itm_stud/test_ma_ws/MA_Experiment/devel/.private/itm_nonlinear_mpc/share/roseus/ros/itm_nonlinear_mpc/msg/itm_ukf_observer.l, /home/itm_stud/test_ma_ws/MA_Experiment/devel/share/roseus/ros/itm_nonlinear_mpc/msg/itm_ukf_observer.l)
Linked: (/home/itm_stud/test_ma_ws/MA_Experiment/devel/.private/itm_nonlinear_mpc/share/roseus/ros/itm_nonlinear_mpc/msg/SetMission.l, /home/itm_stud/test_ma_ws/MA_Experiment/devel/share/roseus/ros/itm_nonlinear_mpc/msg/SetMission.l)
Linked: (/home/itm_stud/test_ma_ws/MA_Experiment/devel/.private/itm_nonlinear_mpc/share/roseus/ros/itm_nonlinear_mpc/msg/itm_kf_observer.l, /home/itm_stud/test_ma_ws/MA_Experiment/devel/share/roseus/ros/itm_nonlinear_mpc/msg/itm_kf_observer.l)
Linked: (/home/itm_stud/test_ma_ws/MA_Experiment/devel/.private/itm_nonlinear_mpc/share/roseus/ros/itm_nonlinear_mpc/srv/SetMode.l, /home/itm_stud/test_ma_ws/MA_Experiment/devel/share/roseus/ros/itm_nonlinear_mpc/srv/SetMode.l)
Linked: (/home/itm_stud/test_ma_ws/MA_Experiment/devel/.private/itm_nonlinear_mpc/share/roseus/ros/itm_nonlinear_mpc/srv/SetPosition.l, /home/itm_stud/test_ma_ws/MA_Experiment/devel/share/roseus/ros/itm_nonlinear_mpc/srv/SetPosition.l)
Linked: (/home/itm_stud/test_ma_ws/MA_Experiment/devel/.private/itm_nonlinear_mpc/share/roseus/ros/itm_nonlinear_mpc/srv/SetLEDEffect.l, /home/itm_stud/test_ma_ws/MA_Experiment/devel/share/roseus/ros/itm_nonlinear_mpc/srv/SetLEDEffect.l)
Linked: (/home/itm_stud/test_ma_ws/MA_Experiment/devel/.private/itm_nonlinear_mpc/share/roseus/ros/itm_nonlinear_mpc/srv/mpc_set_point_pos.l, /home/itm_stud/test_ma_ws/MA_Experiment/devel/share/roseus/ros/itm_nonlinear_mpc/srv/mpc_set_point_pos.l)
Linked: (/home/itm_stud/test_ma_ws/MA_Experiment/devel/.private/itm_nonlinear_mpc/share/roseus/ros/itm_nonlinear_mpc/srv/Navigate.l, /home/itm_stud/test_ma_ws/MA_Experiment/devel/share/roseus/ros/itm_nonlinear_mpc/srv/Navigate.l)
Linked: (/home/itm_stud/test_ma_ws/MA_Experiment/devel/.private/itm_nonlinear_mpc/share/roseus/ros/itm_nonlinear_mpc/srv/SetRates.l, /home/itm_stud/test_ma_ws/MA_Experiment/devel/share/roseus/ros/itm_nonlinear_mpc/srv/SetRates.l)
Linked: (/home/itm_stud/test_ma_ws/MA_Experiment/devel/.private/itm_nonlinear_mpc/share/roseus/ros/itm_nonlinear_mpc/srv/GetTelemetry.l, /home/itm_stud/test_ma_ws/MA_Experiment/devel/share/roseus/ros/itm_nonlinear_mpc/srv/GetTelemetry.l)
Linked: (/home/itm_stud/test_ma_ws/MA_Experiment/devel/.private/itm_nonlinear_mpc/share/roseus/ros/itm_nonlinear_mpc/srv/itm_trajectory_srv.l, /home/itm_stud/test_ma_ws/MA_Experiment/devel/share/roseus/ros/itm_nonlinear_mpc/srv/itm_trajectory_srv.l)
Linked: (/home/itm_stud/test_ma_ws/MA_Experiment/devel/.private/itm_nonlinear_mpc/share/roseus/ros/itm_nonlinear_mpc/srv/SetVelocity.l, /home/itm_stud/test_ma_ws/MA_Experiment/devel/share/roseus/ros/itm_nonlinear_mpc/srv/SetVelocity.l)
Linked: (/home/itm_stud/test_ma_ws/MA_Experiment/devel/.private/itm_nonlinear_mpc/share/roseus/ros/itm_nonlinear_mpc/srv/SetAttitude.l, /home/itm_stud/test_ma_ws/MA_Experiment/devel/share/roseus/ros/itm_nonlinear_mpc/srv/SetAttitude.l)
Linked: (/home/itm_stud/test_ma_ws/MA_Experiment/devel/.private/itm_nonlinear_mpc/share/roseus/ros/itm_nonlinear_mpc/srv/GetControllerState.l, /home/itm_stud/test_ma_ws/MA_Experiment/devel/share/roseus/ros/itm_nonlinear_mpc/srv/GetControllerState.l)
Linked: (/home/itm_stud/test_ma_ws/MA_Experiment/devel/.private/itm_nonlinear_mpc/share/roseus/ros/itm_nonlinear_mpc/srv/NavigateGlobal.l, /home/itm_stud/test_ma_ws/MA_Experiment/devel/share/roseus/ros/itm_nonlinear_mpc/srv/NavigateGlobal.l)
Linked: (/home/itm_stud/test_ma_ws/MA_Experiment/devel/.private/itm_nonlinear_mpc/share/common-lisp/ros/itm_nonlinear_mpc/msg/_package_itm_ukf_observer.lisp, /home/itm_stud/test_ma_ws/MA_Experiment/devel/share/common-lisp/ros/itm_nonlinear_mpc/msg/_package_itm_ukf_observer.lisp)
Linked: (/home/itm_stud/test_ma_ws/MA_Experiment/devel/.private/itm_nonlinear_mpc/share/common-lisp/ros/itm_nonlinear_mpc/msg/itm_ukf_observer.lisp, /home/itm_stud/test_ma_ws/MA_Experiment/devel/share/common-lisp/ros/itm_nonlinear_mpc/msg/itm_ukf_observer.lisp)
Linked: (/home/itm_stud/test_ma_ws/MA_Experiment/devel/.private/itm_nonlinear_mpc/share/common-lisp/ros/itm_nonlinear_mpc/msg/_package_itm_kf_observer.lisp, /home/itm_stud/test_ma_ws/MA_Experiment/devel/share/common-lisp/ros/itm_nonlinear_mpc/msg/_package_itm_kf_observer.lisp)
Linked: (/home/itm_stud/test_ma_ws/MA_Experiment/devel/.private/itm_nonlinear_mpc/share/common-lisp/ros/itm_nonlinear_mpc/msg/SetMission.lisp, /home/itm_stud/test_ma_ws/MA_Experiment/devel/share/common-lisp/ros/itm_nonlinear_mpc/msg/SetMission.lisp)
Linked: (/home/itm_stud/test_ma_ws/MA_Experiment/devel/.private/itm_nonlinear_mpc/share/common-lisp/ros/itm_nonlinear_mpc/msg/itm_trajectory_msg.lisp, /home/itm_stud/test_ma_ws/MA_Experiment/devel/share/common-lisp/ros/itm_nonlinear_mpc/msg/itm_trajectory_msg.lisp)
Linked: (/home/itm_stud/test_ma_ws/MA_Experiment/devel/.private/itm_nonlinear_mpc/share/common-lisp/ros/itm_nonlinear_mpc/msg/itm_kf_observer.lisp, /home/itm_stud/test_ma_ws/MA_Experiment/devel/share/common-lisp/ros/itm_nonlinear_mpc/msg/itm_kf_observer.lisp)
Linked: (/home/itm_stud/test_ma_ws/MA_Experiment/devel/.private/itm_nonlinear_mpc/share/common-lisp/ros/itm_nonlinear_mpc/msg/_package.lisp, /home/itm_stud/test_ma_ws/MA_Experiment/devel/share/common-lisp/ros/itm_nonlinear_mpc/msg/_package.lisp)
Linked: (/home/itm_stud/test_ma_ws/MA_Experiment/devel/.private/itm_nonlinear_mpc/share/common-lisp/ros/itm_nonlinear_mpc/msg/mpc_command_rpyt.lisp, /home/itm_stud/test_ma_ws/MA_Experiment/devel/share/common-lisp/ros/itm_nonlinear_mpc/msg/mpc_command_rpyt.lisp)
Linked: (/home/itm_stud/test_ma_ws/MA_Experiment/devel/.private/itm_nonlinear_mpc/share/common-lisp/ros/itm_nonlinear_mpc/msg/_package_itm_trajectory_msg.lisp, /home/itm_stud/test_ma_ws/MA_Experiment/devel/share/common-lisp/ros/itm_nonlinear_mpc/msg/_package_itm_trajectory_msg.lisp)
Linked: (/home/itm_stud/test_ma_ws/MA_Experiment/devel/.private/itm_nonlinear_mpc/share/common-lisp/ros/itm_nonlinear_mpc/msg/_package_itm_trajectory_point.lisp, /home/itm_stud/test_ma_ws/MA_Experiment/devel/share/common-lisp/ros/itm_nonlinear_mpc/msg/_package_itm_trajectory_point.lisp)
Linked: (/home/itm_stud/test_ma_ws/MA_Experiment/devel/.private/itm_nonlinear_mpc/share/common-lisp/ros/itm_nonlinear_mpc/msg/_package_SetMission.lisp, /home/itm_stud/test_ma_ws/MA_Experiment/devel/share/common-lisp/ros/itm_nonlinear_mpc/msg/_package_SetMission.lisp)
Linked: (/home/itm_stud/test_ma_ws/MA_Experiment/devel/.private/itm_nonlinear_mpc/share/common-lisp/ros/itm_nonlinear_mpc/msg/itm_trajectory_point.lisp, /home/itm_stud/test_ma_ws/MA_Experiment/devel/share/common-lisp/ros/itm_nonlinear_mpc/msg/itm_trajectory_point.lisp)
Linked: (/home/itm_stud/test_ma_ws/MA_Experiment/devel/.private/itm_nonlinear_mpc/share/common-lisp/ros/itm_nonlinear_mpc/msg/_package_mpc_command_rpyt.lisp, /home/itm_stud/test_ma_ws/MA_Experiment/devel/share/common-lisp/ros/itm_nonlinear_mpc/msg/_package_mpc_command_rpyt.lisp)
Linked: (/home/itm_stud/test_ma_ws/MA_Experiment/devel/.private/itm_nonlinear_mpc/share/common-lisp/ros/itm_nonlinear_mpc/msg/itm_nonlinear_mpc-msg.asd, /home/itm_stud/test_ma_ws/MA_Experiment/devel/share/common-lisp/ros/itm_nonlinear_mpc/msg/itm_nonlinear_mpc-msg.asd)
Linked: (/home/itm_stud/test_ma_ws/MA_Experiment/devel/.private/itm_nonlinear_mpc/share/common-lisp/ros/itm_nonlinear_mpc/srv/_package_SetRates.lisp, /home/itm_stud/test_ma_ws/MA_Experiment/devel/share/common-lisp/ros/itm_nonlinear_mpc/srv/_package_SetRates.lisp)
Linked: (/home/itm_stud/test_ma_ws/MA_Experiment/devel/.private/itm_nonlinear_mpc/share/common-lisp/ros/itm_nonlinear_mpc/srv/itm_nonlinear_mpc-srv.asd, /home/itm_stud/test_ma_ws/MA_Experiment/devel/share/common-lisp/ros/itm_nonlinear_mpc/srv/itm_nonlinear_mpc-srv.asd)
Linked: (/home/itm_stud/test_ma_ws/MA_Experiment/devel/.private/itm_nonlinear_mpc/share/common-lisp/ros/itm_nonlinear_mpc/srv/SetAttitude.lisp, /home/itm_stud/test_ma_ws/MA_Experiment/devel/share/common-lisp/ros/itm_nonlinear_mpc/srv/SetAttitude.lisp)
Linked: (/home/itm_stud/test_ma_ws/MA_Experiment/devel/.private/itm_nonlinear_mpc/share/common-lisp/ros/itm_nonlinear_mpc/srv/SetPosition.lisp, /home/itm_stud/test_ma_ws/MA_Experiment/devel/share/common-lisp/ros/itm_nonlinear_mpc/srv/SetPosition.lisp)
Linked: (/home/itm_stud/test_ma_ws/MA_Experiment/devel/.private/itm_nonlinear_mpc/share/common-lisp/ros/itm_nonlinear_mpc/srv/_package_itm_trajectory_srv.lisp, /home/itm_stud/test_ma_ws/MA_Experiment/devel/share/common-lisp/ros/itm_nonlinear_mpc/srv/_package_itm_trajectory_srv.lisp)
Linked: (/home/itm_stud/test_ma_ws/MA_Experiment/devel/.private/itm_nonlinear_mpc/share/common-lisp/ros/itm_nonlinear_mpc/srv/NavigateGlobal.lisp, /home/itm_stud/test_ma_ws/MA_Experiment/devel/share/common-lisp/ros/itm_nonlinear_mpc/srv/NavigateGlobal.lisp)
Linked: (/home/itm_stud/test_ma_ws/MA_Experiment/devel/.private/itm_nonlinear_mpc/share/common-lisp/ros/itm_nonlinear_mpc/srv/_package_SetAttitude.lisp, /home/itm_stud/test_ma_ws/MA_Experiment/devel/share/common-lisp/ros/itm_nonlinear_mpc/srv/_package_SetAttitude.lisp)
Linked: (/home/itm_stud/test_ma_ws/MA_Experiment/devel/.private/itm_nonlinear_mpc/share/common-lisp/ros/itm_nonlinear_mpc/srv/_package_GetControllerState.lisp, /home/itm_stud/test_ma_ws/MA_Experiment/devel/share/common-lisp/ros/itm_nonlinear_mpc/srv/_package_GetControllerState.lisp)
Linked: (/home/itm_stud/test_ma_ws/MA_Experiment/devel/.private/itm_nonlinear_mpc/share/common-lisp/ros/itm_nonlinear_mpc/srv/_package_Navigate.lisp, /home/itm_stud/test_ma_ws/MA_Experiment/devel/share/common-lisp/ros/itm_nonlinear_mpc/srv/_package_Navigate.lisp)
Linked: (/home/itm_stud/test_ma_ws/MA_Experiment/devel/.private/itm_nonlinear_mpc/share/common-lisp/ros/itm_nonlinear_mpc/srv/SetMode.lisp, /home/itm_stud/test_ma_ws/MA_Experiment/devel/share/common-lisp/ros/itm_nonlinear_mpc/srv/SetMode.lisp)
Linked: (/home/itm_stud/test_ma_ws/MA_Experiment/devel/.private/itm_nonlinear_mpc/share/common-lisp/ros/itm_nonlinear_mpc/srv/itm_trajectory_srv.lisp, /home/itm_stud/test_ma_ws/MA_Experiment/devel/share/common-lisp/ros/itm_nonlinear_mpc/srv/itm_trajectory_srv.lisp)
Linked: (/home/itm_stud/test_ma_ws/MA_Experiment/devel/.private/itm_nonlinear_mpc/share/common-lisp/ros/itm_nonlinear_mpc/srv/GetControllerState.lisp, /home/itm_stud/test_ma_ws/MA_Experiment/devel/share/common-lisp/ros/itm_nonlinear_mpc/srv/GetControllerState.lisp)
Linked: (/home/itm_stud/test_ma_ws/MA_Experiment/devel/.private/itm_nonlinear_mpc/share/common-lisp/ros/itm_nonlinear_mpc/srv/mpc_set_point_pos.lisp, /home/itm_stud/test_ma_ws/MA_Experiment/devel/share/common-lisp/ros/itm_nonlinear_mpc/srv/mpc_set_point_pos.lisp)
Linked: (/home/itm_stud/test_ma_ws/MA_Experiment/devel/.private/itm_nonlinear_mpc/share/common-lisp/ros/itm_nonlinear_mpc/srv/_package.lisp, /home/itm_stud/test_ma_ws/MA_Experiment/devel/share/common-lisp/ros/itm_nonlinear_mpc/srv/_package.lisp)
Linked: (/home/itm_stud/test_ma_ws/MA_Experiment/devel/.private/itm_nonlinear_mpc/share/common-lisp/ros/itm_nonlinear_mpc/srv/SetLEDEffect.lisp, /home/itm_stud/test_ma_ws/MA_Experiment/devel/share/common-lisp/ros/itm_nonlinear_mpc/srv/SetLEDEffect.lisp)
Linked: (/home/itm_stud/test_ma_ws/MA_Experiment/devel/.private/itm_nonlinear_mpc/share/common-lisp/ros/itm_nonlinear_mpc/srv/_package_SetPosition.lisp, /home/itm_stud/test_ma_ws/MA_Experiment/devel/share/common-lisp/ros/itm_nonlinear_mpc/srv/_package_SetPosition.lisp)
Linked: (/home/itm_stud/test_ma_ws/MA_Experiment/devel/.private/itm_nonlinear_mpc/share/common-lisp/ros/itm_nonlinear_mpc/srv/_package_NavigateGlobal.lisp, /home/itm_stud/test_ma_ws/MA_Experiment/devel/share/common-lisp/ros/itm_nonlinear_mpc/srv/_package_NavigateGlobal.lisp)
Linked: (/home/itm_stud/test_ma_ws/MA_Experiment/devel/.private/itm_nonlinear_mpc/share/common-lisp/ros/itm_nonlinear_mpc/srv/GetTelemetry.lisp, /home/itm_stud/test_ma_ws/MA_Experiment/devel/share/common-lisp/ros/itm_nonlinear_mpc/srv/GetTelemetry.lisp)
Linked: (/home/itm_stud/test_ma_ws/MA_Experiment/devel/.private/itm_nonlinear_mpc/share/common-lisp/ros/itm_nonlinear_mpc/srv/SetRates.lisp, /home/itm_stud/test_ma_ws/MA_Experiment/devel/share/common-lisp/ros/itm_nonlinear_mpc/srv/SetRates.lisp)
Linked: (/home/itm_stud/test_ma_ws/MA_Experiment/devel/.private/itm_nonlinear_mpc/share/common-lisp/ros/itm_nonlinear_mpc/srv/_package_SetMode.lisp, /home/itm_stud/test_ma_ws/MA_Experiment/devel/share/common-lisp/ros/itm_nonlinear_mpc/srv/_package_SetMode.lisp)
Linked: (/home/itm_stud/test_ma_ws/MA_Experiment/devel/.private/itm_nonlinear_mpc/share/common-lisp/ros/itm_nonlinear_mpc/srv/SetVelocity.lisp, /home/itm_stud/test_ma_ws/MA_Experiment/devel/share/common-lisp/ros/itm_nonlinear_mpc/srv/SetVelocity.lisp)
Linked: (/home/itm_stud/test_ma_ws/MA_Experiment/devel/.private/itm_nonlinear_mpc/share/common-lisp/ros/itm_nonlinear_mpc/srv/_package_SetLEDEffect.lisp, /home/itm_stud/test_ma_ws/MA_Experiment/devel/share/common-lisp/ros/itm_nonlinear_mpc/srv/_package_SetLEDEffect.lisp)
Linked: (/home/itm_stud/test_ma_ws/MA_Experiment/devel/.private/itm_nonlinear_mpc/share/common-lisp/ros/itm_nonlinear_mpc/srv/_package_GetTelemetry.lisp, /home/itm_stud/test_ma_ws/MA_Experiment/devel/share/common-lisp/ros/itm_nonlinear_mpc/srv/_package_GetTelemetry.lisp)
Linked: (/home/itm_stud/test_ma_ws/MA_Experiment/devel/.private/itm_nonlinear_mpc/share/common-lisp/ros/itm_nonlinear_mpc/srv/_package_SetVelocity.lisp, /home/itm_stud/test_ma_ws/MA_Experiment/devel/share/common-lisp/ros/itm_nonlinear_mpc/srv/_package_SetVelocity.lisp)
Linked: (/home/itm_stud/test_ma_ws/MA_Experiment/devel/.private/itm_nonlinear_mpc/share/common-lisp/ros/itm_nonlinear_mpc/srv/_package_mpc_set_point_pos.lisp, /home/itm_stud/test_ma_ws/MA_Experiment/devel/share/common-lisp/ros/itm_nonlinear_mpc/srv/_package_mpc_set_point_pos.lisp)
Linked: (/home/itm_stud/test_ma_ws/MA_Experiment/devel/.private/itm_nonlinear_mpc/share/common-lisp/ros/itm_nonlinear_mpc/srv/Navigate.lisp, /home/itm_stud/test_ma_ws/MA_Experiment/devel/share/common-lisp/ros/itm_nonlinear_mpc/srv/Navigate.lisp)
Linked: (/home/itm_stud/test_ma_ws/MA_Experiment/devel/.private/itm_nonlinear_mpc/lib/libitm_nonlinear_mpc_lib.so, /home/itm_stud/test_ma_ws/MA_Experiment/devel/lib/libitm_nonlinear_mpc_lib.so)
Linked: (/home/itm_stud/test_ma_ws/MA_Experiment/devel/.private/itm_nonlinear_mpc/lib/libsim_q_shared_lib.so, /home/itm_stud/test_ma_ws/MA_Experiment/devel/lib/libsim_q_shared_lib.so)
Linked: (/home/itm_stud/test_ma_ws/MA_Experiment/devel/.private/itm_nonlinear_mpc/lib/libocp_q_shared_lib.so, /home/itm_stud/test_ma_ws/MA_Experiment/devel/lib/libocp_q_shared_lib.so)
Linked: (/home/itm_stud/test_ma_ws/MA_Experiment/devel/.private/itm_nonlinear_mpc/lib/pkgconfig/itm_nonlinear_mpc.pc, /home/itm_stud/test_ma_ws/MA_Experiment/devel/lib/pkgconfig/itm_nonlinear_mpc.pc)
Linked: (/home/itm_stud/test_ma_ws/MA_Experiment/devel/.private/itm_nonlinear_mpc/lib/python2.7/dist-packages/itm_nonlinear_mpc/__init__.py, /home/itm_stud/test_ma_ws/MA_Experiment/devel/lib/python2.7/dist-packages/itm_nonlinear_mpc/__init__.py)
Linked: (/home/itm_stud/test_ma_ws/MA_Experiment/devel/.private/itm_nonlinear_mpc/lib/python2.7/dist-packages/itm_nonlinear_mpc/cfg/UKFObserverConfig.py, /home/itm_stud/test_ma_ws/MA_Experiment/devel/lib/python2.7/dist-packages/itm_nonlinear_mpc/cfg/UKFObserverConfig.py)
Linked: (/home/itm_stud/test_ma_ws/MA_Experiment/devel/.private/itm_nonlinear_mpc/lib/python2.7/dist-packages/itm_nonlinear_mpc/cfg/NonLinearMPCConfig.py, /home/itm_stud/test_ma_ws/MA_Experiment/devel/lib/python2.7/dist-packages/itm_nonlinear_mpc/cfg/NonLinearMPCConfig.py)
Linked: (/home/itm_stud/test_ma_ws/MA_Experiment/devel/.private/itm_nonlinear_mpc/lib/python2.7/dist-packages/itm_nonlinear_mpc/cfg/KFDisturbanceObserverConfig.py, /home/itm_stud/test_ma_ws/MA_Experiment/devel/lib/python2.7/dist-packages/itm_nonlinear_mpc/cfg/KFDisturbanceObserverConfig.py)
Linked: (/home/itm_stud/test_ma_ws/MA_Experiment/devel/.private/itm_nonlinear_mpc/lib/python2.7/dist-packages/itm_nonlinear_mpc/cfg/__init__.py, /home/itm_stud/test_ma_ws/MA_Experiment/devel/lib/python2.7/dist-packages/itm_nonlinear_mpc/cfg/__init__.py)
Linked: (/home/itm_stud/test_ma_ws/MA_Experiment/devel/.private/itm_nonlinear_mpc/lib/python2.7/dist-packages/itm_nonlinear_mpc/msg/_itm_trajectory_msg.py, /home/itm_stud/test_ma_ws/MA_Experiment/devel/lib/python2.7/dist-packages/itm_nonlinear_mpc/msg/_itm_trajectory_msg.py)
Linked: (/home/itm_stud/test_ma_ws/MA_Experiment/devel/.private/itm_nonlinear_mpc/lib/python2.7/dist-packages/itm_nonlinear_mpc/msg/_itm_trajectory_point.py, /home/itm_stud/test_ma_ws/MA_Experiment/devel/lib/python2.7/dist-packages/itm_nonlinear_mpc/msg/_itm_trajectory_point.py)
Linked: (/home/itm_stud/test_ma_ws/MA_Experiment/devel/.private/itm_nonlinear_mpc/lib/python2.7/dist-packages/itm_nonlinear_mpc/msg/_mpc_command_rpyt.py, /home/itm_stud/test_ma_ws/MA_Experiment/devel/lib/python2.7/dist-packages/itm_nonlinear_mpc/msg/_mpc_command_rpyt.py)
Linked: (/home/itm_stud/test_ma_ws/MA_Experiment/devel/.private/itm_nonlinear_mpc/lib/python2.7/dist-packages/itm_nonlinear_mpc/msg/_itm_ukf_observer.py, /home/itm_stud/test_ma_ws/MA_Experiment/devel/lib/python2.7/dist-packages/itm_nonlinear_mpc/msg/_itm_ukf_observer.py)
Linked: (/home/itm_stud/test_ma_ws/MA_Experiment/devel/.private/itm_nonlinear_mpc/lib/python2.7/dist-packages/itm_nonlinear_mpc/msg/_itm_kf_observer.py, /home/itm_stud/test_ma_ws/MA_Experiment/devel/lib/python2.7/dist-packages/itm_nonlinear_mpc/msg/_itm_kf_observer.py)
Linked: (/home/itm_stud/test_ma_ws/MA_Experiment/devel/.private/itm_nonlinear_mpc/lib/python2.7/dist-packages/itm_nonlinear_mpc/msg/_SetMission.py, /home/itm_stud/test_ma_ws/MA_Experiment/devel/lib/python2.7/dist-packages/itm_nonlinear_mpc/msg/_SetMission.py)
Linked: (/home/itm_stud/test_ma_ws/MA_Experiment/devel/.private/itm_nonlinear_mpc/lib/python2.7/dist-packages/itm_nonlinear_mpc/msg/__init__.py, /home/itm_stud/test_ma_ws/MA_Experiment/devel/lib/python2.7/dist-packages/itm_nonlinear_mpc/msg/__init__.py)
Linked: (/home/itm_stud/test_ma_ws/MA_Experiment/devel/.private/itm_nonlinear_mpc/lib/python2.7/dist-packages/itm_nonlinear_mpc/srv/_Navigate.py, /home/itm_stud/test_ma_ws/MA_Experiment/devel/lib/python2.7/dist-packages/itm_nonlinear_mpc/srv/_Navigate.py)
Linked: (/home/itm_stud/test_ma_ws/MA_Experiment/devel/.private/itm_nonlinear_mpc/lib/python2.7/dist-packages/itm_nonlinear_mpc/srv/_SetRates.py, /home/itm_stud/test_ma_ws/MA_Experiment/devel/lib/python2.7/dist-packages/itm_nonlinear_mpc/srv/_SetRates.py)
Linked: (/home/itm_stud/test_ma_ws/MA_Experiment/devel/.private/itm_nonlinear_mpc/lib/python2.7/dist-packages/itm_nonlinear_mpc/srv/_SetMode.py, /home/itm_stud/test_ma_ws/MA_Experiment/devel/lib/python2.7/dist-packages/itm_nonlinear_mpc/srv/_SetMode.py)
Linked: (/home/itm_stud/test_ma_ws/MA_Experiment/devel/.private/itm_nonlinear_mpc/lib/python2.7/dist-packages/itm_nonlinear_mpc/srv/_SetAttitude.py, /home/itm_stud/test_ma_ws/MA_Experiment/devel/lib/python2.7/dist-packages/itm_nonlinear_mpc/srv/_SetAttitude.py)
Linked: (/home/itm_stud/test_ma_ws/MA_Experiment/devel/.private/itm_nonlinear_mpc/lib/python2.7/dist-packages/itm_nonlinear_mpc/srv/_GetControllerState.py, /home/itm_stud/test_ma_ws/MA_Experiment/devel/lib/python2.7/dist-packages/itm_nonlinear_mpc/srv/_GetControllerState.py)
Linked: (/home/itm_stud/test_ma_ws/MA_Experiment/devel/.private/itm_nonlinear_mpc/lib/python2.7/dist-packages/itm_nonlinear_mpc/srv/_GetTelemetry.py, /home/itm_stud/test_ma_ws/MA_Experiment/devel/lib/python2.7/dist-packages/itm_nonlinear_mpc/srv/_GetTelemetry.py)
Linked: (/home/itm_stud/test_ma_ws/MA_Experiment/devel/.private/itm_nonlinear_mpc/lib/python2.7/dist-packages/itm_nonlinear_mpc/srv/_NavigateGlobal.py, /home/itm_stud/test_ma_ws/MA_Experiment/devel/lib/python2.7/dist-packages/itm_nonlinear_mpc/srv/_NavigateGlobal.py)
Linked: (/home/itm_stud/test_ma_ws/MA_Experiment/devel/.private/itm_nonlinear_mpc/lib/python2.7/dist-packages/itm_nonlinear_mpc/srv/_mpc_set_point_pos.py, /home/itm_stud/test_ma_ws/MA_Experiment/devel/lib/python2.7/dist-packages/itm_nonlinear_mpc/srv/_mpc_set_point_pos.py)
Linked: (/home/itm_stud/test_ma_ws/MA_Experiment/devel/.private/itm_nonlinear_mpc/lib/python2.7/dist-packages/itm_nonlinear_mpc/srv/_SetPosition.py, /home/itm_stud/test_ma_ws/MA_Experiment/devel/lib/python2.7/dist-packages/itm_nonlinear_mpc/srv/_SetPosition.py)
Linked: (/home/itm_stud/test_ma_ws/MA_Experiment/devel/.private/itm_nonlinear_mpc/lib/python2.7/dist-packages/itm_nonlinear_mpc/srv/_SetLEDEffect.py, /home/itm_stud/test_ma_ws/MA_Experiment/devel/lib/python2.7/dist-packages/itm_nonlinear_mpc/srv/_SetLEDEffect.py)
Linked: (/home/itm_stud/test_ma_ws/MA_Experiment/devel/.private/itm_nonlinear_mpc/lib/python2.7/dist-packages/itm_nonlinear_mpc/srv/_itm_trajectory_srv.py, /home/itm_stud/test_ma_ws/MA_Experiment/devel/lib/python2.7/dist-packages/itm_nonlinear_mpc/srv/_itm_trajectory_srv.py)
Linked: (/home/itm_stud/test_ma_ws/MA_Experiment/devel/.private/itm_nonlinear_mpc/lib/python2.7/dist-packages/itm_nonlinear_mpc/srv/_SetVelocity.py, /home/itm_stud/test_ma_ws/MA_Experiment/devel/lib/python2.7/dist-packages/itm_nonlinear_mpc/srv/_SetVelocity.py)
Linked: (/home/itm_stud/test_ma_ws/MA_Experiment/devel/.private/itm_nonlinear_mpc/lib/python2.7/dist-packages/itm_nonlinear_mpc/srv/__init__.py, /home/itm_stud/test_ma_ws/MA_Experiment/devel/lib/python2.7/dist-packages/itm_nonlinear_mpc/srv/__init__.py)
Linked: (/home/itm_stud/test_ma_ws/MA_Experiment/devel/.private/itm_nonlinear_mpc/lib/itm_nonlinear_mpc/marker_node, /home/itm_stud/test_ma_ws/MA_Experiment/devel/lib/itm_nonlinear_mpc/marker_node)
Linked: (/home/itm_stud/test_ma_ws/MA_Experiment/devel/.private/itm_nonlinear_mpc/lib/itm_nonlinear_mpc/px4_controller, /home/itm_stud/test_ma_ws/MA_Experiment/devel/lib/itm_nonlinear_mpc/px4_controller)
Linked: (/home/itm_stud/test_ma_ws/MA_Experiment/devel/.private/itm_nonlinear_mpc/lib/itm_nonlinear_mpc/si_controller, /home/itm_stud/test_ma_ws/MA_Experiment/devel/lib/itm_nonlinear_mpc/si_controller)
Linked: (/home/itm_stud/test_ma_ws/MA_Experiment/devel/.private/itm_nonlinear_mpc/lib/itm_nonlinear_mpc/itm_ukf_observer, /home/itm_stud/test_ma_ws/MA_Experiment/devel/lib/itm_nonlinear_mpc/itm_ukf_observer)
Linked: (/home/itm_stud/test_ma_ws/MA_Experiment/devel/.private/itm_nonlinear_mpc/lib/itm_nonlinear_mpc/mpc_q_controller_safe, /home/itm_stud/test_ma_ws/MA_Experiment/devel/lib/itm_nonlinear_mpc/mpc_q_controller_safe)
Linked: (/home/itm_stud/test_ma_ws/MA_Experiment/devel/.private/itm_nonlinear_mpc/lib/itm_nonlinear_mpc/itm_kf_observer, /home/itm_stud/test_ma_ws/MA_Experiment/devel/lib/itm_nonlinear_mpc/itm_kf_observer)
Linked: (/home/itm_stud/test_ma_ws/MA_Experiment/devel/.private/itm_nonlinear_mpc/lib/itm_nonlinear_mpc/itm_pid_offboard_node, /home/itm_stud/test_ma_ws/MA_Experiment/devel/lib/itm_nonlinear_mpc/itm_pid_offboard_node)
Linked: (/home/itm_stud/test_ma_ws/MA_Experiment/devel/.private/itm_nonlinear_mpc/lib/itm_nonlinear_mpc/itm_nonlinear_mpc_offboard_node, /home/itm_stud/test_ma_ws/MA_Experiment/devel/lib/itm_nonlinear_mpc/itm_nonlinear_mpc_offboard_node)
Linked: (/home/itm_stud/test_ma_ws/MA_Experiment/devel/.private/itm_nonlinear_mpc/lib/itm_nonlinear_mpc/aruco_mpc_offboard_node, /home/itm_stud/test_ma_ws/MA_Experiment/devel/lib/itm_nonlinear_mpc/aruco_mpc_offboard_node)
Linked: (/home/itm_stud/test_ma_ws/MA_Experiment/devel/.private/itm_nonlinear_mpc/lib/itm_nonlinear_mpc/itm_nonlinear_mpc_node, /home/itm_stud/test_ma_ws/MA_Experiment/devel/lib/itm_nonlinear_mpc/itm_nonlinear_mpc_node)
Linked: (/home/itm_stud/test_ma_ws/MA_Experiment/devel/.private/itm_nonlinear_mpc/lib/itm_nonlinear_mpc/pid_controller, /home/itm_stud/test_ma_ws/MA_Experiment/devel/lib/itm_nonlinear_mpc/pid_controller)
Linked: (/home/itm_stud/test_ma_ws/MA_Experiment/devel/.private/itm_nonlinear_mpc/lib/itm_nonlinear_mpc/mpc_q_complex_controller, /home/itm_stud/test_ma_ws/MA_Experiment/devel/lib/itm_nonlinear_mpc/mpc_q_complex_controller)
