[  0%] Built target dynamic_reconfigure_gencfg
[  3%] Built target ocp_q_shared_lib
[  5%] Built target sim_q_shared_lib
[  5%] Built target _itm_nonlinear_mpc_generate_messages_check_deps_SetMode
[  5%] Built target _itm_nonlinear_mpc_generate_messages_check_deps_SetMission
[  5%] Built target _itm_nonlinear_mpc_generate_messages_check_deps_SetLEDEffect
[  5%] Built target _itm_nonlinear_mpc_generate_messages_check_deps_itm_ukf_observer
[  5%] Built target _itm_nonlinear_mpc_generate_messages_check_deps_NavigateGlobal
[  5%] Built target _itm_nonlinear_mpc_generate_messages_check_deps_itm_trajectory_msg
[  5%] Built target _itm_nonlinear_mpc_generate_messages_check_deps_SetAttitude
[  5%] Built target _itm_nonlinear_mpc_generate_messages_check_deps_itm_trajectory_point
[  5%] Built target _itm_nonlinear_mpc_generate_messages_check_deps_itm_kf_observer
[  5%] Built target _itm_nonlinear_mpc_generate_messages_check_deps_mpc_set_point_pos
[  5%] Built target mav_msgs_generate_messages_py
[  5%] Built target std_msgs_generate_messages_py
[  5%] Built target _itm_nonlinear_mpc_generate_messages_check_deps_SetVelocity
[  5%] Built target _itm_nonlinear_mpc_generate_messages_check_deps_mpc_command_rpyt
[  5%] Built target _itm_nonlinear_mpc_generate_messages_check_deps_itm_trajectory_srv
[  5%] Built target _itm_nonlinear_mpc_generate_messages_check_deps_Navigate
[  5%] Built target std_msgs_generate_messages_nodejs
[  5%] Built target mav_msgs_generate_messages_nodejs
[  5%] Built target itm_mav_srvs_generate_messages_py
[  5%] Built target _itm_nonlinear_mpc_generate_messages_check_deps_GetTelemetry
[  5%] Built target _itm_nonlinear_mpc_generate_messages_check_deps_SetPosition
[  5%] Built target _itm_nonlinear_mpc_generate_messages_check_deps_SetRates
[  5%] Built target itm_mav_msgs_generate_messages_eus
[  5%] Built target itm_mav_msgs_generate_messages_lisp
[  5%] Built target _itm_nonlinear_mpc_generate_messages_check_deps_GetControllerState
[  5%] Built target trajectory_msgs_generate_messages_py
[  5%] Built target itm_mav_msgs_generate_messages_cpp
[  5%] Built target trajectory_msgs_generate_messages_nodejs
[  5%] Built target trajectory_msgs_generate_messages_lisp
[  5%] Built target trajectory_msgs_generate_messages_eus
[  5%] Built target trajectory_msgs_generate_messages_cpp
[  5%] Built target mav_msgs_generate_messages_eus
[  5%] Built target mavros_msgs_generate_messages_py
[  5%] Built target sensor_msgs_generate_messages_nodejs
[  5%] Built target mavros_msgs_generate_messages_cpp
[  5%] Built target actionlib_generate_messages_cpp
[  5%] Built target _catkin_empty_exported_target
[  5%] Built target sensor_msgs_generate_messages_eus
[  5%] Built target itm_mav_srvs_generate_messages_cpp
[  5%] Built target actionlib_msgs_generate_messages_py
[  5%] Built target mav_msgs_generate_messages_cpp
[  5%] Built target sensor_msgs_generate_messages_cpp
[  5%] Built target mavros_msgs_generate_messages_lisp
[  5%] Built target actionlib_msgs_generate_messages_nodejs
[  5%] Built target std_msgs_generate_messages_eus
[  5%] Built target actionlib_msgs_generate_messages_lisp
[  5%] Built target sensor_msgs_generate_messages_lisp
[  5%] Built target nav_msgs_generate_messages_cpp
[  5%] Built target mavros_msgs_generate_messages_eus
[  5%] Built target geometry_msgs_generate_messages_lisp
[  5%] Built target uuid_msgs_generate_messages_lisp
[  5%] Built target sensor_msgs_generate_messages_py
[  5%] Built target itm_mav_srvs_generate_messages_lisp
[  5%] Built target geometry_msgs_generate_messages_nodejs
[  5%] Built target itm_mav_srvs_generate_messages_eus
[  5%] Built target std_msgs_generate_messages_lisp
[  5%] Built target geometry_msgs_generate_messages_eus
[  5%] Built target roscpp_generate_messages_nodejs
[  5%] Built target nav_msgs_generate_messages_lisp
[  5%] Built target mavros_msgs_generate_messages_nodejs
[  5%] Built target dynamic_reconfigure_generate_messages_py
[  5%] Built target std_msgs_generate_messages_cpp
[  5%] Built target mav_msgs_generate_messages_lisp
[  5%] Built target uuid_msgs_generate_messages_py
[  5%] Built target geometry_msgs_generate_messages_py
[  5%] Built target nav_msgs_generate_messages_nodejs
[  5%] Built target geographic_msgs_generate_messages_cpp
[  5%] Built target geographic_msgs_generate_messages_eus
[  5%] Built target dynamic_reconfigure_generate_messages_lisp
[  5%] Built target geographic_msgs_generate_messages_lisp
[  5%] Built target geographic_msgs_generate_messages_nodejs
[  5%] Built target rosgraph_msgs_generate_messages_nodejs
[  5%] Built target roscpp_generate_messages_cpp
[  5%] Built target geographic_msgs_generate_messages_py
[  5%] Built target uuid_msgs_generate_messages_eus
[  5%] Built target uuid_msgs_generate_messages_cpp
[  5%] Built target uuid_msgs_generate_messages_nodejs
[  5%] Built target roscpp_generate_messages_lisp
[  5%] Built target roscpp_generate_messages_py
[  5%] Built target rosgraph_msgs_generate_messages_cpp
[  5%] Built target tf_generate_messages_py
[  5%] Built target dynamic_reconfigure_generate_messages_cpp
[  5%] Built target rosgraph_msgs_generate_messages_eus
[  5%] Built target rosgraph_msgs_generate_messages_lisp
[  5%] Built target actionlib_msgs_generate_messages_eus
[  5%] Built target roscpp_generate_messages_eus
[  5%] Built target rosgraph_msgs_generate_messages_py
[  5%] Built target itm_mav_msgs_generate_messages_nodejs
[  7%] Built target itm_nonlinear_mpc_gencfg
[  7%] Built target actionlib_generate_messages_nodejs
[ 20%] Built target itm_nonlinear_mpc_lib
[ 20%] Built target itm_mav_srvs_generate_messages_nodejs
[ 20%] Built target tf_generate_messages_cpp
[ 20%] Built target actionlib_msgs_generate_messages_cpp
[ 20%] Built target tf_generate_messages_eus
[ 20%] Built target tf_generate_messages_lisp
[ 20%] Built target tf_generate_messages_nodejs
[ 20%] Built target actionlib_generate_messages_eus
[ 20%] Built target actionlib_generate_messages_lisp
[ 20%] Built target geometry_msgs_generate_messages_cpp
[ 33%] Built target itm_nonlinear_mpc_generate_messages_eus
[ 33%] Built target itm_mav_msgs_generate_messages_py
[ 33%] Built target tf2_msgs_generate_messages_cpp
[ 33%] Built target tf2_msgs_generate_messages_eus
[ 33%] Built target nav_msgs_generate_messages_eus
[ 33%] Built target tf2_msgs_generate_messages_py
[ 33%] Built target tf2_msgs_generate_messages_nodejs
[ 33%] Built target dynamic_reconfigure_generate_messages_nodejs
[ 33%] Built target actionlib_generate_messages_py
[ 33%] Built target nav_msgs_generate_messages_py
[ 33%] Built target dynamic_reconfigure_generate_messages_eus
[ 33%] Built target tf2_msgs_generate_messages_lisp
[ 34%] Built target pid_controller
[ 36%] Built target marker_node
[ 48%] Built target itm_nonlinear_mpc_generate_messages_nodejs
[ 58%] Built target si_controller
[ 62%] Built target itm_nonlinear_mpc_generate_messages_cpp
[ 63%] Built target mpc_q_controller_safe
[ 77%] Built target itm_nonlinear_mpc_generate_messages_py
[ 79%] Built target itm_ukf_observer
[ 91%] Built target itm_nonlinear_mpc_generate_messages_lisp
[ 92%] Built target px4_controller
[ 93%] Built target mpc_q_complex_controller
[ 93%] Built target itm_nonlinear_mpc_generate_messages
[ 94%] Built target itm_pid_offboard_node
[ 95%] Built target aruco_mpc_offboard_node
[ 96%] Built target itm_kf_observer
[ 97%] Built target itm_nonlinear_mpc_offboard_node
[100%] Built target itm_nonlinear_mpc_node
