Symlinking /home/itm_stud/test_ma_ws/MA_Experiment/devel/include/itm_nonlinear_mpc/GetControllerStateResponse.h
Symlinking /home/itm_stud/test_ma_ws/MA_Experiment/devel/include/itm_nonlinear_mpc/SetAttitudeResponse.h
Symlinking /home/itm_stud/test_ma_ws/MA_Experiment/devel/include/itm_nonlinear_mpc/NavigateGlobalRequest.h
Symlinking /home/itm_stud/test_ma_ws/MA_Experiment/devel/include/itm_nonlinear_mpc/mpc_command_rpyt.h
Symlinking /home/itm_stud/test_ma_ws/MA_Experiment/devel/include/itm_nonlinear_mpc/GetTelemetryRequest.h
Symlinking /home/itm_stud/test_ma_ws/MA_Experiment/devel/include/itm_nonlinear_mpc/SetAttitudeRequest.h
Symlinking /home/itm_stud/test_ma_ws/MA_Experiment/devel/include/itm_nonlinear_mpc/itm_ukf_observer.h
Symlinking /home/itm_stud/test_ma_ws/MA_Experiment/devel/include/itm_nonlinear_mpc/SetAttitude.h
Symlinking /home/itm_stud/test_ma_ws/MA_Experiment/devel/include/itm_nonlinear_mpc/SetVelocityResponse.h
Symlinking /home/itm_stud/test_ma_ws/MA_Experiment/devel/include/itm_nonlinear_mpc/itm_trajectory_msg.h
Symlinking /home/itm_stud/test_ma_ws/MA_Experiment/devel/include/itm_nonlinear_mpc/SetVelocity.h
Symlinking /home/itm_stud/test_ma_ws/MA_Experiment/devel/include/itm_nonlinear_mpc/itm_kf_observer.h
Symlinking /home/itm_stud/test_ma_ws/MA_Experiment/devel/include/itm_nonlinear_mpc/NavigateGlobal.h
Symlinking /home/itm_stud/test_ma_ws/MA_Experiment/devel/include/itm_nonlinear_mpc/SetPositionResponse.h
Symlinking /home/itm_stud/test_ma_ws/MA_Experiment/devel/include/itm_nonlinear_mpc/SetLEDEffectRequest.h
Symlinking /home/itm_stud/test_ma_ws/MA_Experiment/devel/include/itm_nonlinear_mpc/NavigateGlobalResponse.h
Symlinking /home/itm_stud/test_ma_ws/MA_Experiment/devel/include/itm_nonlinear_mpc/SetLEDEffect.h
Symlinking /home/itm_stud/test_ma_ws/MA_Experiment/devel/include/itm_nonlinear_mpc/NavigateRequest.h
Symlinking /home/itm_stud/test_ma_ws/MA_Experiment/devel/include/itm_nonlinear_mpc/SetRates.h
Symlinking /home/itm_stud/test_ma_ws/MA_Experiment/devel/include/itm_nonlinear_mpc/SetPositionRequest.h
Symlinking /home/itm_stud/test_ma_ws/MA_Experiment/devel/include/itm_nonlinear_mpc/NonLinearMPCConfig.h
Symlinking /home/itm_stud/test_ma_ws/MA_Experiment/devel/include/itm_nonlinear_mpc/mpc_set_point_pos.h
Symlinking /home/itm_stud/test_ma_ws/MA_Experiment/devel/include/itm_nonlinear_mpc/GetControllerStateRequest.h
Symlinking /home/itm_stud/test_ma_ws/MA_Experiment/devel/include/itm_nonlinear_mpc/itm_trajectory_srvRequest.h
Symlinking /home/itm_stud/test_ma_ws/MA_Experiment/devel/include/itm_nonlinear_mpc/SetMission.h
Symlinking /home/itm_stud/test_ma_ws/MA_Experiment/devel/include/itm_nonlinear_mpc/KFDisturbanceObserverConfig.h
Symlinking /home/itm_stud/test_ma_ws/MA_Experiment/devel/include/itm_nonlinear_mpc/itm_trajectory_srv.h
Symlinking /home/itm_stud/test_ma_ws/MA_Experiment/devel/include/itm_nonlinear_mpc/NavigateResponse.h
Symlinking /home/itm_stud/test_ma_ws/MA_Experiment/devel/include/itm_nonlinear_mpc/itm_trajectory_srvResponse.h
Symlinking /home/itm_stud/test_ma_ws/MA_Experiment/devel/include/itm_nonlinear_mpc/SetModeResponse.h
Symlinking /home/itm_stud/test_ma_ws/MA_Experiment/devel/include/itm_nonlinear_mpc/UKFObserverConfig.h
Symlinking /home/itm_stud/test_ma_ws/MA_Experiment/devel/include/itm_nonlinear_mpc/GetTelemetry.h
Symlinking /home/itm_stud/test_ma_ws/MA_Experiment/devel/include/itm_nonlinear_mpc/mpc_set_point_posRequest.h
Symlinking /home/itm_stud/test_ma_ws/MA_Experiment/devel/include/itm_nonlinear_mpc/SetModeRequest.h
Symlinking /home/itm_stud/test_ma_ws/MA_Experiment/devel/include/itm_nonlinear_mpc/SetRatesRequest.h
Symlinking /home/itm_stud/test_ma_ws/MA_Experiment/devel/include/itm_nonlinear_mpc/GetControllerState.h
Symlinking /home/itm_stud/test_ma_ws/MA_Experiment/devel/include/itm_nonlinear_mpc/GetTelemetryResponse.h
Symlinking /home/itm_stud/test_ma_ws/MA_Experiment/devel/include/itm_nonlinear_mpc/SetVelocityRequest.h
Symlinking /home/itm_stud/test_ma_ws/MA_Experiment/devel/include/itm_nonlinear_mpc/itm_trajectory_point.h
Symlinking /home/itm_stud/test_ma_ws/MA_Experiment/devel/include/itm_nonlinear_mpc/Navigate.h
Symlinking /home/itm_stud/test_ma_ws/MA_Experiment/devel/include/itm_nonlinear_mpc/SetPosition.h
Symlinking /home/itm_stud/test_ma_ws/MA_Experiment/devel/include/itm_nonlinear_mpc/SetRatesResponse.h
Symlinking /home/itm_stud/test_ma_ws/MA_Experiment/devel/include/itm_nonlinear_mpc/mpc_set_point_posResponse.h
Symlinking /home/itm_stud/test_ma_ws/MA_Experiment/devel/include/itm_nonlinear_mpc/SetMode.h
Symlinking /home/itm_stud/test_ma_ws/MA_Experiment/devel/include/itm_nonlinear_mpc/SetLEDEffectResponse.h
Symlinking /home/itm_stud/test_ma_ws/MA_Experiment/devel/share/gennodejs/ros/itm_nonlinear_mpc/_index.js
Symlinking /home/itm_stud/test_ma_ws/MA_Experiment/devel/share/gennodejs/ros/itm_nonlinear_mpc/msg/mpc_command_rpyt.js
Symlinking /home/itm_stud/test_ma_ws/MA_Experiment/devel/share/gennodejs/ros/itm_nonlinear_mpc/msg/SetMission.js
Symlinking /home/itm_stud/test_ma_ws/MA_Experiment/devel/share/gennodejs/ros/itm_nonlinear_mpc/msg/itm_trajectory_point.js
Symlinking /home/itm_stud/test_ma_ws/MA_Experiment/devel/share/gennodejs/ros/itm_nonlinear_mpc/msg/itm_ukf_observer.js
Symlinking /home/itm_stud/test_ma_ws/MA_Experiment/devel/share/gennodejs/ros/itm_nonlinear_mpc/msg/_index.js
Symlinking /home/itm_stud/test_ma_ws/MA_Experiment/devel/share/gennodejs/ros/itm_nonlinear_mpc/msg/itm_trajectory_msg.js
Symlinking /home/itm_stud/test_ma_ws/MA_Experiment/devel/share/gennodejs/ros/itm_nonlinear_mpc/msg/itm_kf_observer.js
Symlinking /home/itm_stud/test_ma_ws/MA_Experiment/devel/share/gennodejs/ros/itm_nonlinear_mpc/srv/SetAttitude.js
Symlinking /home/itm_stud/test_ma_ws/MA_Experiment/devel/share/gennodejs/ros/itm_nonlinear_mpc/srv/SetRates.js
Symlinking /home/itm_stud/test_ma_ws/MA_Experiment/devel/share/gennodejs/ros/itm_nonlinear_mpc/srv/SetMode.js
Symlinking /home/itm_stud/test_ma_ws/MA_Experiment/devel/share/gennodejs/ros/itm_nonlinear_mpc/srv/SetVelocity.js
Symlinking /home/itm_stud/test_ma_ws/MA_Experiment/devel/share/gennodejs/ros/itm_nonlinear_mpc/srv/GetTelemetry.js
Symlinking /home/itm_stud/test_ma_ws/MA_Experiment/devel/share/gennodejs/ros/itm_nonlinear_mpc/srv/GetControllerState.js
Symlinking /home/itm_stud/test_ma_ws/MA_Experiment/devel/share/gennodejs/ros/itm_nonlinear_mpc/srv/mpc_set_point_pos.js
Symlinking /home/itm_stud/test_ma_ws/MA_Experiment/devel/share/gennodejs/ros/itm_nonlinear_mpc/srv/SetPosition.js
Symlinking /home/itm_stud/test_ma_ws/MA_Experiment/devel/share/gennodejs/ros/itm_nonlinear_mpc/srv/SetLEDEffect.js
Symlinking /home/itm_stud/test_ma_ws/MA_Experiment/devel/share/gennodejs/ros/itm_nonlinear_mpc/srv/_index.js
Symlinking /home/itm_stud/test_ma_ws/MA_Experiment/devel/share/gennodejs/ros/itm_nonlinear_mpc/srv/NavigateGlobal.js
Symlinking /home/itm_stud/test_ma_ws/MA_Experiment/devel/share/gennodejs/ros/itm_nonlinear_mpc/srv/itm_trajectory_srv.js
Symlinking /home/itm_stud/test_ma_ws/MA_Experiment/devel/share/gennodejs/ros/itm_nonlinear_mpc/srv/Navigate.js
Symlinking /home/itm_stud/test_ma_ws/MA_Experiment/devel/share/itm_nonlinear_mpc/docs/UKFObserverConfig.wikidoc
Symlinking /home/itm_stud/test_ma_ws/MA_Experiment/devel/share/itm_nonlinear_mpc/docs/KFDisturbanceObserverConfig-usage.dox
Symlinking /home/itm_stud/test_ma_ws/MA_Experiment/devel/share/itm_nonlinear_mpc/docs/UKFObserverConfig.dox
Symlinking /home/itm_stud/test_ma_ws/MA_Experiment/devel/share/itm_nonlinear_mpc/docs/NonLinearMPCConfig-usage.dox
Symlinking /home/itm_stud/test_ma_ws/MA_Experiment/devel/share/itm_nonlinear_mpc/docs/NonLinearMPCConfig.wikidoc
Symlinking /home/itm_stud/test_ma_ws/MA_Experiment/devel/share/itm_nonlinear_mpc/docs/KFDisturbanceObserverConfig.dox
Symlinking /home/itm_stud/test_ma_ws/MA_Experiment/devel/share/itm_nonlinear_mpc/docs/UKFObserverConfig-usage.dox
Symlinking /home/itm_stud/test_ma_ws/MA_Experiment/devel/share/itm_nonlinear_mpc/docs/KFDisturbanceObserverConfig.wikidoc
Symlinking /home/itm_stud/test_ma_ws/MA_Experiment/devel/share/itm_nonlinear_mpc/docs/NonLinearMPCConfig.dox
Symlinking /home/itm_stud/test_ma_ws/MA_Experiment/devel/share/itm_nonlinear_mpc/cmake/itm_nonlinear_mpcConfig-version.cmake
Symlinking /home/itm_stud/test_ma_ws/MA_Experiment/devel/share/itm_nonlinear_mpc/cmake/itm_nonlinear_mpc-msg-paths.cmake
Symlinking /home/itm_stud/test_ma_ws/MA_Experiment/devel/share/itm_nonlinear_mpc/cmake/itm_nonlinear_mpcConfig.cmake
Symlinking /home/itm_stud/test_ma_ws/MA_Experiment/devel/share/itm_nonlinear_mpc/cmake/itm_nonlinear_mpc-msg-extras.cmake
Symlinking /home/itm_stud/test_ma_ws/MA_Experiment/devel/share/roseus/ros/itm_nonlinear_mpc/manifest.l
Symlinking /home/itm_stud/test_ma_ws/MA_Experiment/devel/share/roseus/ros/itm_nonlinear_mpc/msg/mpc_command_rpyt.l
Symlinking /home/itm_stud/test_ma_ws/MA_Experiment/devel/share/roseus/ros/itm_nonlinear_mpc/msg/itm_trajectory_point.l
Symlinking /home/itm_stud/test_ma_ws/MA_Experiment/devel/share/roseus/ros/itm_nonlinear_mpc/msg/itm_trajectory_msg.l
Symlinking /home/itm_stud/test_ma_ws/MA_Experiment/devel/share/roseus/ros/itm_nonlinear_mpc/msg/itm_ukf_observer.l
Symlinking /home/itm_stud/test_ma_ws/MA_Experiment/devel/share/roseus/ros/itm_nonlinear_mpc/msg/SetMission.l
Symlinking /home/itm_stud/test_ma_ws/MA_Experiment/devel/share/roseus/ros/itm_nonlinear_mpc/msg/itm_kf_observer.l
Symlinking /home/itm_stud/test_ma_ws/MA_Experiment/devel/share/roseus/ros/itm_nonlinear_mpc/srv/SetMode.l
Symlinking /home/itm_stud/test_ma_ws/MA_Experiment/devel/share/roseus/ros/itm_nonlinear_mpc/srv/SetPosition.l
Symlinking /home/itm_stud/test_ma_ws/MA_Experiment/devel/share/roseus/ros/itm_nonlinear_mpc/srv/SetLEDEffect.l
Symlinking /home/itm_stud/test_ma_ws/MA_Experiment/devel/share/roseus/ros/itm_nonlinear_mpc/srv/mpc_set_point_pos.l
Symlinking /home/itm_stud/test_ma_ws/MA_Experiment/devel/share/roseus/ros/itm_nonlinear_mpc/srv/Navigate.l
Symlinking /home/itm_stud/test_ma_ws/MA_Experiment/devel/share/roseus/ros/itm_nonlinear_mpc/srv/SetRates.l
Symlinking /home/itm_stud/test_ma_ws/MA_Experiment/devel/share/roseus/ros/itm_nonlinear_mpc/srv/GetTelemetry.l
Symlinking /home/itm_stud/test_ma_ws/MA_Experiment/devel/share/roseus/ros/itm_nonlinear_mpc/srv/itm_trajectory_srv.l
Symlinking /home/itm_stud/test_ma_ws/MA_Experiment/devel/share/roseus/ros/itm_nonlinear_mpc/srv/SetVelocity.l
Symlinking /home/itm_stud/test_ma_ws/MA_Experiment/devel/share/roseus/ros/itm_nonlinear_mpc/srv/SetAttitude.l
Symlinking /home/itm_stud/test_ma_ws/MA_Experiment/devel/share/roseus/ros/itm_nonlinear_mpc/srv/GetControllerState.l
Symlinking /home/itm_stud/test_ma_ws/MA_Experiment/devel/share/roseus/ros/itm_nonlinear_mpc/srv/NavigateGlobal.l
Symlinking /home/itm_stud/test_ma_ws/MA_Experiment/devel/share/common-lisp/ros/itm_nonlinear_mpc/msg/_package_itm_ukf_observer.lisp
Symlinking /home/itm_stud/test_ma_ws/MA_Experiment/devel/share/common-lisp/ros/itm_nonlinear_mpc/msg/itm_ukf_observer.lisp
Symlinking /home/itm_stud/test_ma_ws/MA_Experiment/devel/share/common-lisp/ros/itm_nonlinear_mpc/msg/_package_itm_kf_observer.lisp
Symlinking /home/itm_stud/test_ma_ws/MA_Experiment/devel/share/common-lisp/ros/itm_nonlinear_mpc/msg/SetMission.lisp
Symlinking /home/itm_stud/test_ma_ws/MA_Experiment/devel/share/common-lisp/ros/itm_nonlinear_mpc/msg/itm_trajectory_msg.lisp
Symlinking /home/itm_stud/test_ma_ws/MA_Experiment/devel/share/common-lisp/ros/itm_nonlinear_mpc/msg/itm_kf_observer.lisp
Symlinking /home/itm_stud/test_ma_ws/MA_Experiment/devel/share/common-lisp/ros/itm_nonlinear_mpc/msg/_package.lisp
Symlinking /home/itm_stud/test_ma_ws/MA_Experiment/devel/share/common-lisp/ros/itm_nonlinear_mpc/msg/mpc_command_rpyt.lisp
Symlinking /home/itm_stud/test_ma_ws/MA_Experiment/devel/share/common-lisp/ros/itm_nonlinear_mpc/msg/_package_itm_trajectory_msg.lisp
Symlinking /home/itm_stud/test_ma_ws/MA_Experiment/devel/share/common-lisp/ros/itm_nonlinear_mpc/msg/_package_itm_trajectory_point.lisp
Symlinking /home/itm_stud/test_ma_ws/MA_Experiment/devel/share/common-lisp/ros/itm_nonlinear_mpc/msg/_package_SetMission.lisp
Symlinking /home/itm_stud/test_ma_ws/MA_Experiment/devel/share/common-lisp/ros/itm_nonlinear_mpc/msg/itm_trajectory_point.lisp
Symlinking /home/itm_stud/test_ma_ws/MA_Experiment/devel/share/common-lisp/ros/itm_nonlinear_mpc/msg/_package_mpc_command_rpyt.lisp
Symlinking /home/itm_stud/test_ma_ws/MA_Experiment/devel/share/common-lisp/ros/itm_nonlinear_mpc/msg/itm_nonlinear_mpc-msg.asd
Symlinking /home/itm_stud/test_ma_ws/MA_Experiment/devel/share/common-lisp/ros/itm_nonlinear_mpc/srv/_package_SetRates.lisp
Symlinking /home/itm_stud/test_ma_ws/MA_Experiment/devel/share/common-lisp/ros/itm_nonlinear_mpc/srv/itm_nonlinear_mpc-srv.asd
Symlinking /home/itm_stud/test_ma_ws/MA_Experiment/devel/share/common-lisp/ros/itm_nonlinear_mpc/srv/SetAttitude.lisp
Symlinking /home/itm_stud/test_ma_ws/MA_Experiment/devel/share/common-lisp/ros/itm_nonlinear_mpc/srv/SetPosition.lisp
Symlinking /home/itm_stud/test_ma_ws/MA_Experiment/devel/share/common-lisp/ros/itm_nonlinear_mpc/srv/_package_itm_trajectory_srv.lisp
Symlinking /home/itm_stud/test_ma_ws/MA_Experiment/devel/share/common-lisp/ros/itm_nonlinear_mpc/srv/NavigateGlobal.lisp
Symlinking /home/itm_stud/test_ma_ws/MA_Experiment/devel/share/common-lisp/ros/itm_nonlinear_mpc/srv/_package_SetAttitude.lisp
Symlinking /home/itm_stud/test_ma_ws/MA_Experiment/devel/share/common-lisp/ros/itm_nonlinear_mpc/srv/_package_GetControllerState.lisp
Symlinking /home/itm_stud/test_ma_ws/MA_Experiment/devel/share/common-lisp/ros/itm_nonlinear_mpc/srv/_package_Navigate.lisp
Symlinking /home/itm_stud/test_ma_ws/MA_Experiment/devel/share/common-lisp/ros/itm_nonlinear_mpc/srv/SetMode.lisp
Symlinking /home/itm_stud/test_ma_ws/MA_Experiment/devel/share/common-lisp/ros/itm_nonlinear_mpc/srv/itm_trajectory_srv.lisp
Symlinking /home/itm_stud/test_ma_ws/MA_Experiment/devel/share/common-lisp/ros/itm_nonlinear_mpc/srv/GetControllerState.lisp
Symlinking /home/itm_stud/test_ma_ws/MA_Experiment/devel/share/common-lisp/ros/itm_nonlinear_mpc/srv/mpc_set_point_pos.lisp
Symlinking /home/itm_stud/test_ma_ws/MA_Experiment/devel/share/common-lisp/ros/itm_nonlinear_mpc/srv/_package.lisp
Symlinking /home/itm_stud/test_ma_ws/MA_Experiment/devel/share/common-lisp/ros/itm_nonlinear_mpc/srv/SetLEDEffect.lisp
Symlinking /home/itm_stud/test_ma_ws/MA_Experiment/devel/share/common-lisp/ros/itm_nonlinear_mpc/srv/_package_SetPosition.lisp
Symlinking /home/itm_stud/test_ma_ws/MA_Experiment/devel/share/common-lisp/ros/itm_nonlinear_mpc/srv/_package_NavigateGlobal.lisp
Symlinking /home/itm_stud/test_ma_ws/MA_Experiment/devel/share/common-lisp/ros/itm_nonlinear_mpc/srv/GetTelemetry.lisp
Symlinking /home/itm_stud/test_ma_ws/MA_Experiment/devel/share/common-lisp/ros/itm_nonlinear_mpc/srv/SetRates.lisp
Symlinking /home/itm_stud/test_ma_ws/MA_Experiment/devel/share/common-lisp/ros/itm_nonlinear_mpc/srv/_package_SetMode.lisp
Symlinking /home/itm_stud/test_ma_ws/MA_Experiment/devel/share/common-lisp/ros/itm_nonlinear_mpc/srv/SetVelocity.lisp
Symlinking /home/itm_stud/test_ma_ws/MA_Experiment/devel/share/common-lisp/ros/itm_nonlinear_mpc/srv/_package_SetLEDEffect.lisp
Symlinking /home/itm_stud/test_ma_ws/MA_Experiment/devel/share/common-lisp/ros/itm_nonlinear_mpc/srv/_package_GetTelemetry.lisp
Symlinking /home/itm_stud/test_ma_ws/MA_Experiment/devel/share/common-lisp/ros/itm_nonlinear_mpc/srv/_package_SetVelocity.lisp
Symlinking /home/itm_stud/test_ma_ws/MA_Experiment/devel/share/common-lisp/ros/itm_nonlinear_mpc/srv/_package_mpc_set_point_pos.lisp
Symlinking /home/itm_stud/test_ma_ws/MA_Experiment/devel/share/common-lisp/ros/itm_nonlinear_mpc/srv/Navigate.lisp
Symlinking /home/itm_stud/test_ma_ws/MA_Experiment/devel/lib/libitm_nonlinear_mpc_lib.so
Symlinking /home/itm_stud/test_ma_ws/MA_Experiment/devel/lib/libsim_q_shared_lib.so
Symlinking /home/itm_stud/test_ma_ws/MA_Experiment/devel/lib/libocp_q_shared_lib.so
Symlinking /home/itm_stud/test_ma_ws/MA_Experiment/devel/lib/pkgconfig/itm_nonlinear_mpc.pc
Symlinking /home/itm_stud/test_ma_ws/MA_Experiment/devel/lib/python2.7/dist-packages/itm_nonlinear_mpc/__init__.py
Symlinking /home/itm_stud/test_ma_ws/MA_Experiment/devel/lib/python2.7/dist-packages/itm_nonlinear_mpc/cfg/UKFObserverConfig.py
Symlinking /home/itm_stud/test_ma_ws/MA_Experiment/devel/lib/python2.7/dist-packages/itm_nonlinear_mpc/cfg/NonLinearMPCConfig.py
Symlinking /home/itm_stud/test_ma_ws/MA_Experiment/devel/lib/python2.7/dist-packages/itm_nonlinear_mpc/cfg/KFDisturbanceObserverConfig.py
Symlinking /home/itm_stud/test_ma_ws/MA_Experiment/devel/lib/python2.7/dist-packages/itm_nonlinear_mpc/cfg/__init__.py
Symlinking /home/itm_stud/test_ma_ws/MA_Experiment/devel/lib/python2.7/dist-packages/itm_nonlinear_mpc/msg/_itm_trajectory_msg.py
Symlinking /home/itm_stud/test_ma_ws/MA_Experiment/devel/lib/python2.7/dist-packages/itm_nonlinear_mpc/msg/_itm_trajectory_point.py
Symlinking /home/itm_stud/test_ma_ws/MA_Experiment/devel/lib/python2.7/dist-packages/itm_nonlinear_mpc/msg/_mpc_command_rpyt.py
Symlinking /home/itm_stud/test_ma_ws/MA_Experiment/devel/lib/python2.7/dist-packages/itm_nonlinear_mpc/msg/_itm_ukf_observer.py
Symlinking /home/itm_stud/test_ma_ws/MA_Experiment/devel/lib/python2.7/dist-packages/itm_nonlinear_mpc/msg/_itm_kf_observer.py
Symlinking /home/itm_stud/test_ma_ws/MA_Experiment/devel/lib/python2.7/dist-packages/itm_nonlinear_mpc/msg/_SetMission.py
Symlinking /home/itm_stud/test_ma_ws/MA_Experiment/devel/lib/python2.7/dist-packages/itm_nonlinear_mpc/msg/__init__.py
Symlinking /home/itm_stud/test_ma_ws/MA_Experiment/devel/lib/python2.7/dist-packages/itm_nonlinear_mpc/srv/_Navigate.py
Symlinking /home/itm_stud/test_ma_ws/MA_Experiment/devel/lib/python2.7/dist-packages/itm_nonlinear_mpc/srv/_SetRates.py
Symlinking /home/itm_stud/test_ma_ws/MA_Experiment/devel/lib/python2.7/dist-packages/itm_nonlinear_mpc/srv/_SetMode.py
Symlinking /home/itm_stud/test_ma_ws/MA_Experiment/devel/lib/python2.7/dist-packages/itm_nonlinear_mpc/srv/_SetAttitude.py
Symlinking /home/itm_stud/test_ma_ws/MA_Experiment/devel/lib/python2.7/dist-packages/itm_nonlinear_mpc/srv/_GetControllerState.py
Symlinking /home/itm_stud/test_ma_ws/MA_Experiment/devel/lib/python2.7/dist-packages/itm_nonlinear_mpc/srv/_GetTelemetry.py
Symlinking /home/itm_stud/test_ma_ws/MA_Experiment/devel/lib/python2.7/dist-packages/itm_nonlinear_mpc/srv/_NavigateGlobal.py
Symlinking /home/itm_stud/test_ma_ws/MA_Experiment/devel/lib/python2.7/dist-packages/itm_nonlinear_mpc/srv/_mpc_set_point_pos.py
Symlinking /home/itm_stud/test_ma_ws/MA_Experiment/devel/lib/python2.7/dist-packages/itm_nonlinear_mpc/srv/_SetPosition.py
Symlinking /home/itm_stud/test_ma_ws/MA_Experiment/devel/lib/python2.7/dist-packages/itm_nonlinear_mpc/srv/_SetLEDEffect.py
Symlinking /home/itm_stud/test_ma_ws/MA_Experiment/devel/lib/python2.7/dist-packages/itm_nonlinear_mpc/srv/_itm_trajectory_srv.py
Symlinking /home/itm_stud/test_ma_ws/MA_Experiment/devel/lib/python2.7/dist-packages/itm_nonlinear_mpc/srv/_SetVelocity.py
Symlinking /home/itm_stud/test_ma_ws/MA_Experiment/devel/lib/python2.7/dist-packages/itm_nonlinear_mpc/srv/__init__.py
Symlinking /home/itm_stud/test_ma_ws/MA_Experiment/devel/lib/itm_nonlinear_mpc/marker_node
Symlinking /home/itm_stud/test_ma_ws/MA_Experiment/devel/lib/itm_nonlinear_mpc/px4_controller
Symlinking /home/itm_stud/test_ma_ws/MA_Experiment/devel/lib/itm_nonlinear_mpc/si_controller
Symlinking /home/itm_stud/test_ma_ws/MA_Experiment/devel/lib/itm_nonlinear_mpc/itm_ukf_observer
Symlinking /home/itm_stud/test_ma_ws/MA_Experiment/devel/lib/itm_nonlinear_mpc/mpc_q_controller_safe
Symlinking /home/itm_stud/test_ma_ws/MA_Experiment/devel/lib/itm_nonlinear_mpc/itm_kf_observer
Symlinking /home/itm_stud/test_ma_ws/MA_Experiment/devel/lib/itm_nonlinear_mpc/itm_pid_offboard_node
Symlinking /home/itm_stud/test_ma_ws/MA_Experiment/devel/lib/itm_nonlinear_mpc/itm_nonlinear_mpc_offboard_node
Symlinking /home/itm_stud/test_ma_ws/MA_Experiment/devel/lib/itm_nonlinear_mpc/aruco_mpc_offboard_node
Symlinking /home/itm_stud/test_ma_ws/MA_Experiment/devel/lib/itm_nonlinear_mpc/itm_nonlinear_mpc_node
Symlinking /home/itm_stud/test_ma_ws/MA_Experiment/devel/lib/itm_nonlinear_mpc/pid_controller
Symlinking /home/itm_stud/test_ma_ws/MA_Experiment/devel/lib/itm_nonlinear_mpc/mpc_q_complex_controller
