[  2%] Built target sim_q_shared_lib
[  5%] Built target ocp_q_shared_lib
[  5%] Built target dynamic_reconfigure_gencfg
[  5%] Built target _itm_nonlinear_mpc_generate_messages_check_deps_SetMission
[  5%] Built target _itm_nonlinear_mpc_generate_messages_check_deps_NavigateGlobal
[  5%] Built target _itm_nonlinear_mpc_generate_messages_check_deps_itm_trajectory_msg
[  5%] Built target _itm_nonlinear_mpc_generate_messages_check_deps_itm_trajectory_point
[  5%] Built target _itm_nonlinear_mpc_generate_messages_check_deps_SetLEDEffect
[  5%] Built target _itm_nonlinear_mpc_generate_messages_check_deps_itm_ukf_observer
[  5%] Built target _itm_nonlinear_mpc_generate_messages_check_deps_SetMode
[  5%] Built target _itm_nonlinear_mpc_generate_messages_check_deps_mpc_set_point_pos
[  5%] Built target _itm_nonlinear_mpc_generate_messages_check_deps_SetAttitude
[  5%] Built target mav_msgs_generate_messages_py
[  5%] Built target std_msgs_generate_messages_py
[  5%] Built target _itm_nonlinear_mpc_generate_messages_check_deps_itm_kf_observer
[  5%] Built target _itm_nonlinear_mpc_generate_messages_check_deps_itm_trajectory_srv
[  5%] Built target mav_msgs_generate_messages_nodejs
[  5%] Built target _itm_nonlinear_mpc_generate_messages_check_deps_Navigate
[  5%] Built target _itm_nonlinear_mpc_generate_messages_check_deps_SetVelocity
[  5%] Built target _itm_nonlinear_mpc_generate_messages_check_deps_GetTelemetry
[  5%] Built target itm_mav_srvs_generate_messages_py
[  5%] Built target _itm_nonlinear_mpc_generate_messages_check_deps_SetPosition
[  5%] Built target _itm_nonlinear_mpc_generate_messages_check_deps_mpc_command_rpyt
[  5%] Built target _itm_nonlinear_mpc_generate_messages_check_deps_SetRates
[  5%] Built target itm_mav_msgs_generate_messages_lisp
[  5%] Built target itm_mav_msgs_generate_messages_cpp
[  5%] Built target itm_mav_msgs_generate_messages_eus
[  5%] Built target std_msgs_generate_messages_nodejs
[  5%] Built target _itm_nonlinear_mpc_generate_messages_check_deps_GetControllerState
[  5%] Built target trajectory_msgs_generate_messages_nodejs
[  5%] Built target trajectory_msgs_generate_messages_eus
[  5%] Built target trajectory_msgs_generate_messages_lisp
[  5%] Built target trajectory_msgs_generate_messages_py
[  5%] Built target mav_msgs_generate_messages_eus
[  5%] Built target mavros_msgs_generate_messages_cpp
[  5%] Built target mavros_msgs_generate_messages_py
[  5%] Built target trajectory_msgs_generate_messages_cpp
[  5%] Built target sensor_msgs_generate_messages_nodejs
[  5%] Built target _catkin_empty_exported_target
[  5%] Built target actionlib_generate_messages_cpp
[  5%] Built target sensor_msgs_generate_messages_eus
[  5%] Built target itm_mav_srvs_generate_messages_cpp
[  5%] Built target actionlib_msgs_generate_messages_py
[  5%] Built target actionlib_msgs_generate_messages_nodejs
[  5%] Built target mav_msgs_generate_messages_cpp
[  5%] Built target actionlib_msgs_generate_messages_lisp
[  5%] Built target sensor_msgs_generate_messages_cpp
[  5%] Built target mavros_msgs_generate_messages_lisp
[  5%] Built target std_msgs_generate_messages_eus
[  5%] Built target mavros_msgs_generate_messages_eus
[  5%] Built target nav_msgs_generate_messages_cpp
[  5%] Built target sensor_msgs_generate_messages_lisp
[  5%] Built target geometry_msgs_generate_messages_lisp
[  5%] Built target uuid_msgs_generate_messages_lisp
[  5%] Built target sensor_msgs_generate_messages_py
[  5%] Built target itm_mav_srvs_generate_messages_lisp
[  5%] Built target geometry_msgs_generate_messages_nodejs
[  5%] Built target std_msgs_generate_messages_lisp
[  5%] Built target itm_mav_srvs_generate_messages_eus
[  5%] Built target geometry_msgs_generate_messages_eus
[  5%] Built target roscpp_generate_messages_nodejs
[  5%] Built target mavros_msgs_generate_messages_nodejs
[  5%] Built target dynamic_reconfigure_generate_messages_py
[  5%] Built target nav_msgs_generate_messages_lisp
[  5%] Built target mav_msgs_generate_messages_lisp
[  5%] Built target std_msgs_generate_messages_cpp
[  5%] Built target uuid_msgs_generate_messages_py
[  5%] Built target nav_msgs_generate_messages_nodejs
[  5%] Built target geometry_msgs_generate_messages_py
[  5%] Built target dynamic_reconfigure_generate_messages_lisp
[  5%] Built target geographic_msgs_generate_messages_lisp
[  5%] Built target geographic_msgs_generate_messages_eus
[  5%] Built target rosgraph_msgs_generate_messages_nodejs
[  5%] Built target geographic_msgs_generate_messages_nodejs
[  5%] Built target geographic_msgs_generate_messages_cpp
[  5%] Built target roscpp_generate_messages_cpp
[  5%] Built target uuid_msgs_generate_messages_cpp
[  5%] Built target roscpp_generate_messages_py
[  5%] Built target uuid_msgs_generate_messages_eus
[  5%] Built target geographic_msgs_generate_messages_py
[  5%] Built target uuid_msgs_generate_messages_nodejs
[  5%] Built target roscpp_generate_messages_lisp
[  5%] Built target rosgraph_msgs_generate_messages_cpp
[  5%] Built target tf_generate_messages_py
[  5%] Built target rosgraph_msgs_generate_messages_eus
[  5%] Built target dynamic_reconfigure_generate_messages_cpp
[  5%] Built target rosgraph_msgs_generate_messages_lisp
[  5%] Built target actionlib_msgs_generate_messages_eus
[  5%] Built target roscpp_generate_messages_eus
[  5%] Built target rosgraph_msgs_generate_messages_py
[  5%] Built target itm_mav_msgs_generate_messages_nodejs
[ 18%] Built target itm_nonlinear_mpc_lib
[ 20%] Built target itm_nonlinear_mpc_gencfg
[ 20%] Built target tf_generate_messages_cpp
[ 20%] Built target actionlib_msgs_generate_messages_cpp
[ 20%] Built target actionlib_generate_messages_nodejs
[ 20%] Built target itm_mav_srvs_generate_messages_nodejs
[ 20%] Built target actionlib_generate_messages_eus
[ 20%] Built target tf_generate_messages_eus
[ 20%] Built target tf_generate_messages_lisp
[ 20%] Built target geometry_msgs_generate_messages_cpp
[ 20%] Built target tf_generate_messages_nodejs
[ 33%] Built target itm_nonlinear_mpc_generate_messages_eus
[ 33%] Built target nav_msgs_generate_messages_eus
[ 33%] Built target actionlib_generate_messages_lisp
[ 33%] Built target itm_mav_msgs_generate_messages_py
[ 33%] Built target tf2_msgs_generate_messages_cpp
[ 33%] Built target tf2_msgs_generate_messages_eus
[ 33%] Built target tf2_msgs_generate_messages_py
[ 33%] Built target actionlib_generate_messages_py
[ 33%] Built target nav_msgs_generate_messages_py
[ 33%] Built target dynamic_reconfigure_generate_messages_nodejs
[35m[1mScanning dependencies of target px4_controller[0m
[ 33%] Built target tf2_msgs_generate_messages_nodejs
[ 33%] Built target dynamic_reconfigure_generate_messages_eus
[ 33%] Built target tf2_msgs_generate_messages_lisp
[ 35%] Built target si_controller
[ 36%] Built target pid_controller
[ 37%] Built target itm_ukf_observer
[ 39%] Built target marker_node
[ 52%] Built target itm_nonlinear_mpc_generate_messages_lisp
[ 53%] Built target mpc_q_controller_safe
[ 65%] Built target itm_nonlinear_mpc_generate_messages_nodejs
[ 66%] [32mBuilding CXX object CMakeFiles/px4_controller.dir/src/node/px4_controller.cpp.o[0m
[ 80%] Built target itm_nonlinear_mpc_generate_messages_py
[ 92%] Built target itm_nonlinear_mpc_generate_messages_cpp
[ 93%] Built target mpc_q_complex_controller
[ 93%] Built target itm_nonlinear_mpc_generate_messages
[ 94%] Built target aruco_mpc_offboard_node
[ 95%] Built target itm_pid_offboard_node
[ 97%] Built target itm_nonlinear_mpc_node
[100%] Built target itm_kf_observer
[100%] Built target itm_nonlinear_mpc_offboard_node
[100%] [32m[1mLinking CXX executable /home/itm_stud/test_ma_ws/MA_Experiment/devel/.private/itm_nonlinear_mpc/lib/itm_nonlinear_mpc/px4_controller[0m
[100%] Built target px4_controller
