Linked: (/home/itm_stud/test_ma_ws/MA_Experiment/devel/.private/itm_mav_msgs/include/itm_mav_msgs/itm_trajectory_msg.h, /home/itm_stud/test_ma_ws/MA_Experiment/devel/include/itm_mav_msgs/itm_trajectory_msg.h)
Linked: (/home/itm_stud/test_ma_ws/MA_Experiment/devel/.private/itm_mav_msgs/include/itm_mav_msgs/PositionCommand.h, /home/itm_stud/test_ma_ws/MA_Experiment/devel/include/itm_mav_msgs/PositionCommand.h)
Linked: (/home/itm_stud/test_ma_ws/MA_Experiment/devel/.private/itm_mav_msgs/include/itm_mav_msgs/AttitudeCommand.h, /home/itm_stud/test_ma_ws/MA_Experiment/devel/include/itm_mav_msgs/AttitudeCommand.h)
Linked: (/home/itm_stud/test_ma_ws/MA_Experiment/devel/.private/itm_mav_msgs/include/itm_mav_msgs/SetMission.h, /home/itm_stud/test_ma_ws/MA_Experiment/devel/include/itm_mav_msgs/SetMission.h)
Linked: (/home/itm_stud/test_ma_ws/MA_Experiment/devel/.private/itm_mav_msgs/include/itm_mav_msgs/UavState.h, /home/itm_stud/test_ma_ws/MA_Experiment/devel/include/itm_mav_msgs/UavState.h)
Linked: (/home/itm_stud/test_ma_ws/MA_Experiment/devel/.private/itm_mav_msgs/include/itm_mav_msgs/itm_trajectory_point.h, /home/itm_stud/test_ma_ws/MA_Experiment/devel/include/itm_mav_msgs/itm_trajectory_point.h)
Linked: (/home/itm_stud/test_ma_ws/MA_Experiment/devel/.private/itm_mav_msgs/share/gennodejs/ros/itm_mav_msgs/_index.js, /home/itm_stud/test_ma_ws/MA_Experiment/devel/share/gennodejs/ros/itm_mav_msgs/_index.js)
Linked: (/home/itm_stud/test_ma_ws/MA_Experiment/devel/.private/itm_mav_msgs/share/gennodejs/ros/itm_mav_msgs/msg/UavState.js, /home/itm_stud/test_ma_ws/MA_Experiment/devel/share/gennodejs/ros/itm_mav_msgs/msg/UavState.js)
Linked: (/home/itm_stud/test_ma_ws/MA_Experiment/devel/.private/itm_mav_msgs/share/gennodejs/ros/itm_mav_msgs/msg/PositionCommand.js, /home/itm_stud/test_ma_ws/MA_Experiment/devel/share/gennodejs/ros/itm_mav_msgs/msg/PositionCommand.js)
Linked: (/home/itm_stud/test_ma_ws/MA_Experiment/devel/.private/itm_mav_msgs/share/gennodejs/ros/itm_mav_msgs/msg/SetMission.js, /home/itm_stud/test_ma_ws/MA_Experiment/devel/share/gennodejs/ros/itm_mav_msgs/msg/SetMission.js)
Linked: (/home/itm_stud/test_ma_ws/MA_Experiment/devel/.private/itm_mav_msgs/share/gennodejs/ros/itm_mav_msgs/msg/itm_trajectory_point.js, /home/itm_stud/test_ma_ws/MA_Experiment/devel/share/gennodejs/ros/itm_mav_msgs/msg/itm_trajectory_point.js)
Linked: (/home/itm_stud/test_ma_ws/MA_Experiment/devel/.private/itm_mav_msgs/share/gennodejs/ros/itm_mav_msgs/msg/_index.js, /home/itm_stud/test_ma_ws/MA_Experiment/devel/share/gennodejs/ros/itm_mav_msgs/msg/_index.js)
Linked: (/home/itm_stud/test_ma_ws/MA_Experiment/devel/.private/itm_mav_msgs/share/gennodejs/ros/itm_mav_msgs/msg/itm_trajectory_msg.js, /home/itm_stud/test_ma_ws/MA_Experiment/devel/share/gennodejs/ros/itm_mav_msgs/msg/itm_trajectory_msg.js)
Linked: (/home/itm_stud/test_ma_ws/MA_Experiment/devel/.private/itm_mav_msgs/share/gennodejs/ros/itm_mav_msgs/msg/AttitudeCommand.js, /home/itm_stud/test_ma_ws/MA_Experiment/devel/share/gennodejs/ros/itm_mav_msgs/msg/AttitudeCommand.js)
Linked: (/home/itm_stud/test_ma_ws/MA_Experiment/devel/.private/itm_mav_msgs/share/itm_mav_msgs/cmake/itm_mav_msgsConfig.cmake, /home/itm_stud/test_ma_ws/MA_Experiment/devel/share/itm_mav_msgs/cmake/itm_mav_msgsConfig.cmake)
Linked: (/home/itm_stud/test_ma_ws/MA_Experiment/devel/.private/itm_mav_msgs/share/itm_mav_msgs/cmake/itm_mav_msgsConfig-version.cmake, /home/itm_stud/test_ma_ws/MA_Experiment/devel/share/itm_mav_msgs/cmake/itm_mav_msgsConfig-version.cmake)
Linked: (/home/itm_stud/test_ma_ws/MA_Experiment/devel/.private/itm_mav_msgs/share/itm_mav_msgs/cmake/itm_mav_msgs-msg-extras.cmake, /home/itm_stud/test_ma_ws/MA_Experiment/devel/share/itm_mav_msgs/cmake/itm_mav_msgs-msg-extras.cmake)
Linked: (/home/itm_stud/test_ma_ws/MA_Experiment/devel/.private/itm_mav_msgs/share/itm_mav_msgs/cmake/itm_mav_msgs-msg-paths.cmake, /home/itm_stud/test_ma_ws/MA_Experiment/devel/share/itm_mav_msgs/cmake/itm_mav_msgs-msg-paths.cmake)
Linked: (/home/itm_stud/test_ma_ws/MA_Experiment/devel/.private/itm_mav_msgs/share/roseus/ros/itm_mav_msgs/manifest.l, /home/itm_stud/test_ma_ws/MA_Experiment/devel/share/roseus/ros/itm_mav_msgs/manifest.l)
Linked: (/home/itm_stud/test_ma_ws/MA_Experiment/devel/.private/itm_mav_msgs/share/roseus/ros/itm_mav_msgs/msg/AttitudeCommand.l, /home/itm_stud/test_ma_ws/MA_Experiment/devel/share/roseus/ros/itm_mav_msgs/msg/AttitudeCommand.l)
Linked: (/home/itm_stud/test_ma_ws/MA_Experiment/devel/.private/itm_mav_msgs/share/roseus/ros/itm_mav_msgs/msg/PositionCommand.l, /home/itm_stud/test_ma_ws/MA_Experiment/devel/share/roseus/ros/itm_mav_msgs/msg/PositionCommand.l)
Linked: (/home/itm_stud/test_ma_ws/MA_Experiment/devel/.private/itm_mav_msgs/share/roseus/ros/itm_mav_msgs/msg/itm_trajectory_point.l, /home/itm_stud/test_ma_ws/MA_Experiment/devel/share/roseus/ros/itm_mav_msgs/msg/itm_trajectory_point.l)
Linked: (/home/itm_stud/test_ma_ws/MA_Experiment/devel/.private/itm_mav_msgs/share/roseus/ros/itm_mav_msgs/msg/UavState.l, /home/itm_stud/test_ma_ws/MA_Experiment/devel/share/roseus/ros/itm_mav_msgs/msg/UavState.l)
Linked: (/home/itm_stud/test_ma_ws/MA_Experiment/devel/.private/itm_mav_msgs/share/roseus/ros/itm_mav_msgs/msg/itm_trajectory_msg.l, /home/itm_stud/test_ma_ws/MA_Experiment/devel/share/roseus/ros/itm_mav_msgs/msg/itm_trajectory_msg.l)
Linked: (/home/itm_stud/test_ma_ws/MA_Experiment/devel/.private/itm_mav_msgs/share/roseus/ros/itm_mav_msgs/msg/SetMission.l, /home/itm_stud/test_ma_ws/MA_Experiment/devel/share/roseus/ros/itm_mav_msgs/msg/SetMission.l)
Linked: (/home/itm_stud/test_ma_ws/MA_Experiment/devel/.private/itm_mav_msgs/share/common-lisp/ros/itm_mav_msgs/msg/AttitudeCommand.lisp, /home/itm_stud/test_ma_ws/MA_Experiment/devel/share/common-lisp/ros/itm_mav_msgs/msg/AttitudeCommand.lisp)
Linked: (/home/itm_stud/test_ma_ws/MA_Experiment/devel/.private/itm_mav_msgs/share/common-lisp/ros/itm_mav_msgs/msg/SetMission.lisp, /home/itm_stud/test_ma_ws/MA_Experiment/devel/share/common-lisp/ros/itm_mav_msgs/msg/SetMission.lisp)
Linked: (/home/itm_stud/test_ma_ws/MA_Experiment/devel/.private/itm_mav_msgs/share/common-lisp/ros/itm_mav_msgs/msg/itm_trajectory_msg.lisp, /home/itm_stud/test_ma_ws/MA_Experiment/devel/share/common-lisp/ros/itm_mav_msgs/msg/itm_trajectory_msg.lisp)
Linked: (/home/itm_stud/test_ma_ws/MA_Experiment/devel/.private/itm_mav_msgs/share/common-lisp/ros/itm_mav_msgs/msg/UavState.lisp, /home/itm_stud/test_ma_ws/MA_Experiment/devel/share/common-lisp/ros/itm_mav_msgs/msg/UavState.lisp)
Linked: (/home/itm_stud/test_ma_ws/MA_Experiment/devel/.private/itm_mav_msgs/share/common-lisp/ros/itm_mav_msgs/msg/itm_mav_msgs-msg.asd, /home/itm_stud/test_ma_ws/MA_Experiment/devel/share/common-lisp/ros/itm_mav_msgs/msg/itm_mav_msgs-msg.asd)
Linked: (/home/itm_stud/test_ma_ws/MA_Experiment/devel/.private/itm_mav_msgs/share/common-lisp/ros/itm_mav_msgs/msg/PositionCommand.lisp, /home/itm_stud/test_ma_ws/MA_Experiment/devel/share/common-lisp/ros/itm_mav_msgs/msg/PositionCommand.lisp)
Linked: (/home/itm_stud/test_ma_ws/MA_Experiment/devel/.private/itm_mav_msgs/share/common-lisp/ros/itm_mav_msgs/msg/_package.lisp, /home/itm_stud/test_ma_ws/MA_Experiment/devel/share/common-lisp/ros/itm_mav_msgs/msg/_package.lisp)
Linked: (/home/itm_stud/test_ma_ws/MA_Experiment/devel/.private/itm_mav_msgs/share/common-lisp/ros/itm_mav_msgs/msg/_package_PositionCommand.lisp, /home/itm_stud/test_ma_ws/MA_Experiment/devel/share/common-lisp/ros/itm_mav_msgs/msg/_package_PositionCommand.lisp)
Linked: (/home/itm_stud/test_ma_ws/MA_Experiment/devel/.private/itm_mav_msgs/share/common-lisp/ros/itm_mav_msgs/msg/_package_itm_trajectory_msg.lisp, /home/itm_stud/test_ma_ws/MA_Experiment/devel/share/common-lisp/ros/itm_mav_msgs/msg/_package_itm_trajectory_msg.lisp)
Linked: (/home/itm_stud/test_ma_ws/MA_Experiment/devel/.private/itm_mav_msgs/share/common-lisp/ros/itm_mav_msgs/msg/_package_itm_trajectory_point.lisp, /home/itm_stud/test_ma_ws/MA_Experiment/devel/share/common-lisp/ros/itm_mav_msgs/msg/_package_itm_trajectory_point.lisp)
Linked: (/home/itm_stud/test_ma_ws/MA_Experiment/devel/.private/itm_mav_msgs/share/common-lisp/ros/itm_mav_msgs/msg/_package_SetMission.lisp, /home/itm_stud/test_ma_ws/MA_Experiment/devel/share/common-lisp/ros/itm_mav_msgs/msg/_package_SetMission.lisp)
Linked: (/home/itm_stud/test_ma_ws/MA_Experiment/devel/.private/itm_mav_msgs/share/common-lisp/ros/itm_mav_msgs/msg/_package_AttitudeCommand.lisp, /home/itm_stud/test_ma_ws/MA_Experiment/devel/share/common-lisp/ros/itm_mav_msgs/msg/_package_AttitudeCommand.lisp)
Linked: (/home/itm_stud/test_ma_ws/MA_Experiment/devel/.private/itm_mav_msgs/share/common-lisp/ros/itm_mav_msgs/msg/itm_trajectory_point.lisp, /home/itm_stud/test_ma_ws/MA_Experiment/devel/share/common-lisp/ros/itm_mav_msgs/msg/itm_trajectory_point.lisp)
Linked: (/home/itm_stud/test_ma_ws/MA_Experiment/devel/.private/itm_mav_msgs/share/common-lisp/ros/itm_mav_msgs/msg/_package_UavState.lisp, /home/itm_stud/test_ma_ws/MA_Experiment/devel/share/common-lisp/ros/itm_mav_msgs/msg/_package_UavState.lisp)
Linked: (/home/itm_stud/test_ma_ws/MA_Experiment/devel/.private/itm_mav_msgs/lib/pkgconfig/itm_mav_msgs.pc, /home/itm_stud/test_ma_ws/MA_Experiment/devel/lib/pkgconfig/itm_mav_msgs.pc)
Linked: (/home/itm_stud/test_ma_ws/MA_Experiment/devel/.private/itm_mav_msgs/lib/python2.7/dist-packages/itm_mav_msgs/__init__.py, /home/itm_stud/test_ma_ws/MA_Experiment/devel/lib/python2.7/dist-packages/itm_mav_msgs/__init__.py)
Linked: (/home/itm_stud/test_ma_ws/MA_Experiment/devel/.private/itm_mav_msgs/lib/python2.7/dist-packages/itm_mav_msgs/msg/_PositionCommand.py, /home/itm_stud/test_ma_ws/MA_Experiment/devel/lib/python2.7/dist-packages/itm_mav_msgs/msg/_PositionCommand.py)
Linked: (/home/itm_stud/test_ma_ws/MA_Experiment/devel/.private/itm_mav_msgs/lib/python2.7/dist-packages/itm_mav_msgs/msg/_itm_trajectory_msg.py, /home/itm_stud/test_ma_ws/MA_Experiment/devel/lib/python2.7/dist-packages/itm_mav_msgs/msg/_itm_trajectory_msg.py)
Linked: (/home/itm_stud/test_ma_ws/MA_Experiment/devel/.private/itm_mav_msgs/lib/python2.7/dist-packages/itm_mav_msgs/msg/_itm_trajectory_point.py, /home/itm_stud/test_ma_ws/MA_Experiment/devel/lib/python2.7/dist-packages/itm_mav_msgs/msg/_itm_trajectory_point.py)
Linked: (/home/itm_stud/test_ma_ws/MA_Experiment/devel/.private/itm_mav_msgs/lib/python2.7/dist-packages/itm_mav_msgs/msg/_UavState.py, /home/itm_stud/test_ma_ws/MA_Experiment/devel/lib/python2.7/dist-packages/itm_mav_msgs/msg/_UavState.py)
Linked: (/home/itm_stud/test_ma_ws/MA_Experiment/devel/.private/itm_mav_msgs/lib/python2.7/dist-packages/itm_mav_msgs/msg/_AttitudeCommand.py, /home/itm_stud/test_ma_ws/MA_Experiment/devel/lib/python2.7/dist-packages/itm_mav_msgs/msg/_AttitudeCommand.py)
Linked: (/home/itm_stud/test_ma_ws/MA_Experiment/devel/.private/itm_mav_msgs/lib/python2.7/dist-packages/itm_mav_msgs/msg/_SetMission.py, /home/itm_stud/test_ma_ws/MA_Experiment/devel/lib/python2.7/dist-packages/itm_mav_msgs/msg/_SetMission.py)
Linked: (/home/itm_stud/test_ma_ws/MA_Experiment/devel/.private/itm_mav_msgs/lib/python2.7/dist-packages/itm_mav_msgs/msg/__init__.py, /home/itm_stud/test_ma_ws/MA_Experiment/devel/lib/python2.7/dist-packages/itm_mav_msgs/msg/__init__.py)
