[35m[1mScanning dependencies of target _itm_mav_msgs_generate_messages_check_deps_itm_trajectory_msg[0m
[35m[1mScanning dependencies of target _itm_mav_msgs_generate_messages_check_deps_UavState[0m
[35m[1mScanning dependencies of target std_msgs_generate_messages_py[0m
[35m[1mScanning dependencies of target _itm_mav_msgs_generate_messages_check_deps_PositionCommand[0m
[35m[1mScanning dependencies of target _itm_mav_msgs_generate_messages_check_deps_itm_trajectory_point[0m
[35m[1mScanning dependencies of target geometry_msgs_generate_messages_nodejs[0m
[35m[1mScanning dependencies of target _itm_mav_msgs_generate_messages_check_deps_SetMission[0m
[35m[1mScanning dependencies of target std_msgs_generate_messages_nodejs[0m
[35m[1mScanning dependencies of target geometry_msgs_generate_messages_lisp[0m
[35m[1mScanning dependencies of target geometry_msgs_generate_messages_py[0m
[35m[1mScanning dependencies of target std_msgs_generate_messages_lisp[0m
[35m[1mScanning dependencies of target _itm_mav_msgs_generate_messages_check_deps_AttitudeCommand[0m
[  0%] Built target geometry_msgs_generate_messages_nodejs
[  0%] Built target std_msgs_generate_messages_py
[  0%] Built target geometry_msgs_generate_messages_py
[  0%] Built target std_msgs_generate_messages_nodejs
[  0%] Built target geometry_msgs_generate_messages_lisp
[  0%] Built target std_msgs_generate_messages_lisp
[35m[1mScanning dependencies of target geometry_msgs_generate_messages_eus[0m
[35m[1mScanning dependencies of target geometry_msgs_generate_messages_cpp[0m
[35m[1mScanning dependencies of target std_msgs_generate_messages_cpp[0m
[35m[1mScanning dependencies of target std_msgs_generate_messages_eus[0m
[  0%] Built target std_msgs_generate_messages_eus
[  0%] Built target geometry_msgs_generate_messages_eus
[  0%] Built target geometry_msgs_generate_messages_cpp
[  0%] Built target _itm_mav_msgs_generate_messages_check_deps_SetMission
[  0%] Built target std_msgs_generate_messages_cpp
[  0%] Built target _itm_mav_msgs_generate_messages_check_deps_PositionCommand
[  0%] Built target _itm_mav_msgs_generate_messages_check_deps_itm_trajectory_msg
[  0%] Built target _itm_mav_msgs_generate_messages_check_deps_itm_trajectory_point
[  0%] Built target _itm_mav_msgs_generate_messages_check_deps_AttitudeCommand
[  0%] Built target _itm_mav_msgs_generate_messages_check_deps_UavState
[35m[1mScanning dependencies of target itm_mav_msgs_generate_messages_nodejs[0m
[35m[1mScanning dependencies of target itm_mav_msgs_generate_messages_py[0m
[35m[1mScanning dependencies of target itm_mav_msgs_generate_messages_eus[0m
[35m[1mScanning dependencies of target itm_mav_msgs_generate_messages_cpp[0m
[35m[1mScanning dependencies of target itm_mav_msgs_generate_messages_lisp[0m
[  3%] [34m[1mGenerating EusLisp code from itm_mav_msgs/itm_trajectory_msg.msg[0m
[ 12%] [34m[1mGenerating EusLisp code from itm_mav_msgs/AttitudeCommand.msg[0m
[ 12%] [34m[1mGenerating Javascript code from itm_mav_msgs/itm_trajectory_msg.msg[0m
[ 18%] [34m[1mGenerating EusLisp code from itm_mav_msgs/PositionCommand.msg[0m
[ 15%] [34m[1mGenerating Javascript code from itm_mav_msgs/UavState.msg[0m
[ 21%] [34m[1mGenerating Javascript code from itm_mav_msgs/PositionCommand.msg[0m
[ 28%] [34m[1mGenerating EusLisp code from itm_mav_msgs/SetMission.msg[0m
[ 28%] [34m[1mGenerating Javascript code from itm_mav_msgs/AttitudeCommand.msg[0m
[ 15%] [34m[1mGenerating EusLisp code from itm_mav_msgs/UavState.msg[0m
[ 31%] [34m[1mGenerating Python from MSG itm_mav_msgs/itm_trajectory_msg[0m
[ 37%] [34m[1mGenerating Lisp code from itm_mav_msgs/itm_trajectory_msg.msg[0m
[ 37%] [34m[1mGenerating C++ code from itm_mav_msgs/itm_trajectory_msg.msg[0m
[ 40%] [34m[1mGenerating Lisp code from itm_mav_msgs/UavState.msg[0m
[ 43%] [34m[1mGenerating EusLisp code from itm_mav_msgs/itm_trajectory_point.msg[0m
[ 46%] [34m[1mGenerating Javascript code from itm_mav_msgs/SetMission.msg[0m
[ 50%] [34m[1mGenerating EusLisp manifest code for itm_mav_msgs[0m
[ 53%] [34m[1mGenerating Javascript code from itm_mav_msgs/itm_trajectory_point.msg[0m
[ 56%] [34m[1mGenerating C++ code from itm_mav_msgs/UavState.msg[0m
[ 59%] [34m[1mGenerating C++ code from itm_mav_msgs/AttitudeCommand.msg[0m
[ 62%] [34m[1mGenerating C++ code from itm_mav_msgs/PositionCommand.msg[0m
[ 68%] [34m[1mGenerating Lisp code from itm_mav_msgs/AttitudeCommand.msg[0m
[ 68%] [34m[1mGenerating Lisp code from itm_mav_msgs/PositionCommand.msg[0m
[ 71%] [34m[1mGenerating C++ code from itm_mav_msgs/SetMission.msg[0m
[ 71%] Built target itm_mav_msgs_generate_messages_nodejs
[ 75%] [34m[1mGenerating C++ code from itm_mav_msgs/itm_trajectory_point.msg[0m
[ 78%] [34m[1mGenerating Python from MSG itm_mav_msgs/UavState[0m
[ 81%] [34m[1mGenerating Python from MSG itm_mav_msgs/PositionCommand[0m
[ 84%] [34m[1mGenerating Lisp code from itm_mav_msgs/SetMission.msg[0m
[ 87%] [34m[1mGenerating Python from MSG itm_mav_msgs/AttitudeCommand[0m
[ 90%] [34m[1mGenerating Python from MSG itm_mav_msgs/SetMission[0m
[ 93%] [34m[1mGenerating Lisp code from itm_mav_msgs/itm_trajectory_point.msg[0m
[ 96%] [34m[1mGenerating Python from MSG itm_mav_msgs/itm_trajectory_point[0m
[ 96%] Built target itm_mav_msgs_generate_messages_lisp
[ 96%] Built target itm_mav_msgs_generate_messages_cpp
[100%] [34m[1mGenerating Python msg __init__.py for itm_mav_msgs[0m
[100%] Built target itm_mav_msgs_generate_messages_py
[100%] Built target itm_mav_msgs_generate_messages_eus
[35m[1mScanning dependencies of target itm_mav_msgs_generate_messages[0m
[100%] Built target itm_mav_msgs_generate_messages
