Symlinking /home/itm_stud/test_ma_ws/MA_Experiment/devel/include/itm_mav_msgs/itm_trajectory_msg.h
Symlinking /home/itm_stud/test_ma_ws/MA_Experiment/devel/include/itm_mav_msgs/PositionCommand.h
Symlinking /home/itm_stud/test_ma_ws/MA_Experiment/devel/include/itm_mav_msgs/AttitudeCommand.h
Symlinking /home/itm_stud/test_ma_ws/MA_Experiment/devel/include/itm_mav_msgs/SetMission.h
Symlinking /home/itm_stud/test_ma_ws/MA_Experiment/devel/include/itm_mav_msgs/UavState.h
Symlinking /home/itm_stud/test_ma_ws/MA_Experiment/devel/include/itm_mav_msgs/itm_trajectory_point.h
Symlinking /home/itm_stud/test_ma_ws/MA_Experiment/devel/share/gennodejs/ros/itm_mav_msgs/_index.js
Symlinking /home/itm_stud/test_ma_ws/MA_Experiment/devel/share/gennodejs/ros/itm_mav_msgs/msg/UavState.js
Symlinking /home/itm_stud/test_ma_ws/MA_Experiment/devel/share/gennodejs/ros/itm_mav_msgs/msg/PositionCommand.js
Symlinking /home/itm_stud/test_ma_ws/MA_Experiment/devel/share/gennodejs/ros/itm_mav_msgs/msg/SetMission.js
Symlinking /home/itm_stud/test_ma_ws/MA_Experiment/devel/share/gennodejs/ros/itm_mav_msgs/msg/itm_trajectory_point.js
Symlinking /home/itm_stud/test_ma_ws/MA_Experiment/devel/share/gennodejs/ros/itm_mav_msgs/msg/_index.js
Symlinking /home/itm_stud/test_ma_ws/MA_Experiment/devel/share/gennodejs/ros/itm_mav_msgs/msg/itm_trajectory_msg.js
Symlinking /home/itm_stud/test_ma_ws/MA_Experiment/devel/share/gennodejs/ros/itm_mav_msgs/msg/AttitudeCommand.js
Symlinking /home/itm_stud/test_ma_ws/MA_Experiment/devel/share/itm_mav_msgs/cmake/itm_mav_msgsConfig.cmake
Symlinking /home/itm_stud/test_ma_ws/MA_Experiment/devel/share/itm_mav_msgs/cmake/itm_mav_msgsConfig-version.cmake
Symlinking /home/itm_stud/test_ma_ws/MA_Experiment/devel/share/itm_mav_msgs/cmake/itm_mav_msgs-msg-extras.cmake
Symlinking /home/itm_stud/test_ma_ws/MA_Experiment/devel/share/itm_mav_msgs/cmake/itm_mav_msgs-msg-paths.cmake
Symlinking /home/itm_stud/test_ma_ws/MA_Experiment/devel/share/roseus/ros/itm_mav_msgs/manifest.l
Symlinking /home/itm_stud/test_ma_ws/MA_Experiment/devel/share/roseus/ros/itm_mav_msgs/msg/AttitudeCommand.l
Symlinking /home/itm_stud/test_ma_ws/MA_Experiment/devel/share/roseus/ros/itm_mav_msgs/msg/PositionCommand.l
Symlinking /home/itm_stud/test_ma_ws/MA_Experiment/devel/share/roseus/ros/itm_mav_msgs/msg/itm_trajectory_point.l
Symlinking /home/itm_stud/test_ma_ws/MA_Experiment/devel/share/roseus/ros/itm_mav_msgs/msg/UavState.l
Symlinking /home/itm_stud/test_ma_ws/MA_Experiment/devel/share/roseus/ros/itm_mav_msgs/msg/itm_trajectory_msg.l
Symlinking /home/itm_stud/test_ma_ws/MA_Experiment/devel/share/roseus/ros/itm_mav_msgs/msg/SetMission.l
Symlinking /home/itm_stud/test_ma_ws/MA_Experiment/devel/share/common-lisp/ros/itm_mav_msgs/msg/AttitudeCommand.lisp
Symlinking /home/itm_stud/test_ma_ws/MA_Experiment/devel/share/common-lisp/ros/itm_mav_msgs/msg/SetMission.lisp
Symlinking /home/itm_stud/test_ma_ws/MA_Experiment/devel/share/common-lisp/ros/itm_mav_msgs/msg/itm_trajectory_msg.lisp
Symlinking /home/itm_stud/test_ma_ws/MA_Experiment/devel/share/common-lisp/ros/itm_mav_msgs/msg/UavState.lisp
Symlinking /home/itm_stud/test_ma_ws/MA_Experiment/devel/share/common-lisp/ros/itm_mav_msgs/msg/itm_mav_msgs-msg.asd
Symlinking /home/itm_stud/test_ma_ws/MA_Experiment/devel/share/common-lisp/ros/itm_mav_msgs/msg/PositionCommand.lisp
Symlinking /home/itm_stud/test_ma_ws/MA_Experiment/devel/share/common-lisp/ros/itm_mav_msgs/msg/_package.lisp
Symlinking /home/itm_stud/test_ma_ws/MA_Experiment/devel/share/common-lisp/ros/itm_mav_msgs/msg/_package_PositionCommand.lisp
Symlinking /home/itm_stud/test_ma_ws/MA_Experiment/devel/share/common-lisp/ros/itm_mav_msgs/msg/_package_itm_trajectory_msg.lisp
Symlinking /home/itm_stud/test_ma_ws/MA_Experiment/devel/share/common-lisp/ros/itm_mav_msgs/msg/_package_itm_trajectory_point.lisp
Symlinking /home/itm_stud/test_ma_ws/MA_Experiment/devel/share/common-lisp/ros/itm_mav_msgs/msg/_package_SetMission.lisp
Symlinking /home/itm_stud/test_ma_ws/MA_Experiment/devel/share/common-lisp/ros/itm_mav_msgs/msg/_package_AttitudeCommand.lisp
Symlinking /home/itm_stud/test_ma_ws/MA_Experiment/devel/share/common-lisp/ros/itm_mav_msgs/msg/itm_trajectory_point.lisp
Symlinking /home/itm_stud/test_ma_ws/MA_Experiment/devel/share/common-lisp/ros/itm_mav_msgs/msg/_package_UavState.lisp
Symlinking /home/itm_stud/test_ma_ws/MA_Experiment/devel/lib/pkgconfig/itm_mav_msgs.pc
Symlinking /home/itm_stud/test_ma_ws/MA_Experiment/devel/lib/python2.7/dist-packages/itm_mav_msgs/__init__.py
Symlinking /home/itm_stud/test_ma_ws/MA_Experiment/devel/lib/python2.7/dist-packages/itm_mav_msgs/msg/_PositionCommand.py
Symlinking /home/itm_stud/test_ma_ws/MA_Experiment/devel/lib/python2.7/dist-packages/itm_mav_msgs/msg/_itm_trajectory_msg.py
Symlinking /home/itm_stud/test_ma_ws/MA_Experiment/devel/lib/python2.7/dist-packages/itm_mav_msgs/msg/_itm_trajectory_point.py
Symlinking /home/itm_stud/test_ma_ws/MA_Experiment/devel/lib/python2.7/dist-packages/itm_mav_msgs/msg/_UavState.py
Symlinking /home/itm_stud/test_ma_ws/MA_Experiment/devel/lib/python2.7/dist-packages/itm_mav_msgs/msg/_AttitudeCommand.py
Symlinking /home/itm_stud/test_ma_ws/MA_Experiment/devel/lib/python2.7/dist-packages/itm_mav_msgs/msg/_SetMission.py
Symlinking /home/itm_stud/test_ma_ws/MA_Experiment/devel/lib/python2.7/dist-packages/itm_mav_msgs/msg/__init__.py
