Determining if the pthread_create exist failed with the following output:
Change Dir: /home/itm_stud/test_ma_ws/MA_Experiment/build/itm_quadrotor_description/CMakeFiles/CMakeTmp

Run Build Command:"/usr/bin/make" "cmTC_fc8fc/fast"
/usr/bin/make -f CMakeFiles/cmTC_fc8fc.dir/build.make CMakeFiles/cmTC_fc8fc.dir/build
make[1]: Entering directory '/home/itm_stud/test_ma_ws/MA_Experiment/build/itm_quadrotor_description/CMakeFiles/CMakeTmp'
Building C object CMakeFiles/cmTC_fc8fc.dir/CheckSymbolExists.c.o
/usr/bin/cc    -o CMakeFiles/cmTC_fc8fc.dir/CheckSymbolExists.c.o   -c /home/itm_stud/test_ma_ws/MA_Experiment/build/itm_quadrotor_description/CMakeFiles/CMakeTmp/CheckSymbolExists.c
Linking C executable cmTC_fc8fc
/usr/bin/cmake -E cmake_link_script CMakeFiles/cmTC_fc8fc.dir/link.txt --verbose=1
/usr/bin/cc      -rdynamic CMakeFiles/cmTC_fc8fc.dir/CheckSymbolExists.c.o  -o cmTC_fc8fc 
CMakeFiles/cmTC_fc8fc.dir/CheckSymbolExists.c.o: In function `main':
CheckSymbolExists.c:(.text+0x1b): undefined reference to `pthread_create'
collect2: error: ld returned 1 exit status
CMakeFiles/cmTC_fc8fc.dir/build.make:97: recipe for target 'cmTC_fc8fc' failed
make[1]: *** [cmTC_fc8fc] Error 1
make[1]: Leaving directory '/home/itm_stud/test_ma_ws/MA_Experiment/build/itm_quadrotor_description/CMakeFiles/CMakeTmp'
Makefile:126: recipe for target 'cmTC_fc8fc/fast' failed
make: *** [cmTC_fc8fc/fast] Error 2

File /home/itm_stud/test_ma_ws/MA_Experiment/build/itm_quadrotor_description/CMakeFiles/CMakeTmp/CheckSymbolExists.c:
/* */
#include <pthread.h>

int main(int argc, char** argv)
{
  (void)argv;
#ifndef pthread_create
  return ((int*)(&pthread_create))[argc];
#else
  (void)argc;
  return 0;
#endif
}

Determining if the function pthread_create exists in the pthreads failed with the following output:
Change Dir: /home/itm_stud/test_ma_ws/MA_Experiment/build/itm_quadrotor_description/CMakeFiles/CMakeTmp

Run Build Command:"/usr/bin/make" "cmTC_871f7/fast"
/usr/bin/make -f CMakeFiles/cmTC_871f7.dir/build.make CMakeFiles/cmTC_871f7.dir/build
make[1]: Entering directory '/home/itm_stud/test_ma_ws/MA_Experiment/build/itm_quadrotor_description/CMakeFiles/CMakeTmp'
Building C object CMakeFiles/cmTC_871f7.dir/CheckFunctionExists.c.o
/usr/bin/cc   -DCHECK_FUNCTION_EXISTS=pthread_create   -o CMakeFiles/cmTC_871f7.dir/CheckFunctionExists.c.o   -c /usr/share/cmake-3.10/Modules/CheckFunctionExists.c
Linking C executable cmTC_871f7
/usr/bin/cmake -E cmake_link_script CMakeFiles/cmTC_871f7.dir/link.txt --verbose=1
/usr/bin/cc  -DCHECK_FUNCTION_EXISTS=pthread_create    -rdynamic CMakeFiles/cmTC_871f7.dir/CheckFunctionExists.c.o  -o cmTC_871f7 -lpthreads 
/usr/bin/ld: cannot find -lpthreads
collect2: error: ld returned 1 exit status
CMakeFiles/cmTC_871f7.dir/build.make:97: recipe for target 'cmTC_871f7' failed
make[1]: *** [cmTC_871f7] Error 1
make[1]: Leaving directory '/home/itm_stud/test_ma_ws/MA_Experiment/build/itm_quadrotor_description/CMakeFiles/CMakeTmp'
Makefile:126: recipe for target 'cmTC_871f7/fast' failed
make: *** [cmTC_871f7/fast] Error 2


